Log file open, 04/16/22 13:30:21
LogWindows: Failed to load 'aqProf.dll' (GetLastError=126)
LogWindows: File 'aqProf.dll' does not exist
LogWindows: Failed to load 'VtuneApi.dll' (GetLastError=126)
LogWindows: File 'VtuneApi.dll' does not exist
LogWindows: Failed to load 'VtuneApi32e.dll' (GetLastError=126)
LogWindows: File 'VtuneApi32e.dll' does not exist
LogConsoleResponse: Display: Failed to find resolution value strings in scalability ini. Falling back to default.
LogConsoleResponse: Display: Failed to find resolution value strings in scalability ini. Falling back to default.
LogInit: Display: Running engine for game: Notif_Experiment
LogPlatformFile: Not using cached read wrapper
LogTaskGraph: Started task graph with 5 named threads and 35 total threads with 3 sets of task threads.
LogStats: Stats thread started at 0.243650
LogICUInternationalization: ICU TimeZone Detection - Raw Offset: -7:00, Platform Override: ''
LogInit: Display: Loading text-based GConfig....
LogPluginManager: Mounting plugin MeshPainting
LogPluginManager: Mounting plugin XGEController
LogPluginManager: Mounting plugin AISupport
LogPluginManager: Mounting plugin Paper2D
LogPluginManager: Mounting plugin LiveLink
LogPluginManager: Mounting plugin EnvironmentQueryEditor
LogPluginManager: Mounting plugin GameplayCameras
LogPluginManager: Mounting plugin CameraShakePreviewer
LogPluginManager: Mounting plugin LightPropagationVolume
LogPluginManager: Mounting plugin OodleData
LogPluginManager: Mounting plugin AssetManagerEditor
LogPluginManager: Mounting plugin OodleNetwork
LogPluginManager: Mounting plugin CryptoKeys
LogPluginManager: Mounting plugin CurveEditorTools
LogPluginManager: Mounting plugin DataValidation
LogPluginManager: Mounting plugin FacialAnimation
LogPluginManager: Mounting plugin GameplayTagsEditor
LogPluginManager: Mounting plugin GeometryMode
LogPluginManager: Mounting plugin MaterialAnalyzer
LogPluginManager: Mounting plugin MacGraphicsSwitching
LogPluginManager: Mounting plugin PluginBrowser
LogPluginManager: Mounting plugin MobileLauncherProfileWizard
LogPluginManager: Mounting plugin SpeedTreeImporter
LogPluginManager: Mounting plugin DatasmithContent
LogPluginManager: Mounting plugin VariantManagerContent
LogPluginManager: Mounting plugin Niagara
LogPluginManager: Mounting plugin AnimationSharing
LogPluginManager: Mounting plugin CLionSourceCodeAccess
LogPluginManager: Mounting plugin CodeLiteSourceCodeAccess
LogPluginManager: Mounting plugin GitSourceControl
LogPluginManager: Mounting plugin KDevelopSourceCodeAccess
LogPluginManager: Mounting plugin NullSourceCodeAccess
LogPluginManager: Mounting plugin PerforceSourceControl
LogPluginManager: Mounting plugin PixWinPlugin
LogPluginManager: Mounting plugin PlasticSourceControl
LogPluginManager: Mounting plugin PluginUtils
LogPluginManager: Mounting plugin PropertyAccessNode
LogPluginManager: Mounting plugin RiderSourceCodeAccess
LogPluginManager: Mounting plugin SubversionSourceControl
LogPluginManager: Mounting plugin TextureFormatOodle
LogPluginManager: Mounting plugin UObjectPlugin
LogPluginManager: Mounting plugin VisualStudioCodeSourceCodeAccess
LogPluginManager: Mounting plugin VisualStudioSourceCodeAccess
LogPluginManager: Mounting plugin XCodeSourceCodeAccess
LogPluginManager: Mounting plugin LuminPlatformFeatures
LogPluginManager: Mounting plugin MagicLeap
LogPluginManager: Mounting plugin MagicLeapLightEstimation
LogPluginManager: Mounting plugin MagicLeapMedia
LogPluginManager: Mounting plugin MagicLeapPassableWorld
LogPluginManager: Mounting plugin MLSDK
LogPluginManager: Mounting plugin AlembicImporter
LogPluginManager: Mounting plugin AutomationUtils
LogPluginManager: Mounting plugin ChaosClothEditor
LogPluginManager: Mounting plugin ChaosCloth
LogPluginManager: Mounting plugin ChaosNiagara
LogPluginManager: Mounting plugin ChaosEditor
LogPluginManager: Mounting plugin CharacterAI
LogPluginManager: Mounting plugin ChaosSolverPlugin
LogPluginManager: Mounting plugin BackChannel
LogPluginManager: Mounting plugin GeometryCollectionPlugin
LogPluginManager: Mounting plugin AndroidMedia
LogPluginManager: Mounting plugin AvfMedia
LogPluginManager: Mounting plugin ImgMedia
LogPluginManager: Mounting plugin MediaPlayerEditor
LogPluginManager: Mounting plugin GeometryCache
LogPluginManager: Mounting plugin MediaCompositing
LogPluginManager: Mounting plugin WebMMedia
LogPluginManager: Mounting plugin WmfMedia
LogPluginManager: Mounting plugin GeometryProcessing
LogPluginManager: Mounting plugin MotoSynth
LogPluginManager: Mounting plugin OpenImageDenoise
LogPluginManager: Mounting plugin PlanarCut
LogPluginManager: Mounting plugin ProxyLODPlugin
LogPluginManager: Mounting plugin PlatformCrypto
LogPluginManager: Mounting plugin PythonScriptPlugin
LogPluginManager: Mounting plugin SkeletalReduction
LogPluginManager: Mounting plugin TcpMessaging
LogPluginManager: Mounting plugin UdpMessaging
LogPluginManager: Mounting plugin ActorSequence
LogPluginManager: Mounting plugin LevelSequenceEditor
LogPluginManager: Mounting plugin MatineeToLevelSequence
LogPluginManager: Mounting plugin TemplateSequence
LogPluginManager: Mounting plugin ActorLayerUtilities
LogPluginManager: Mounting plugin OnlineSubsystem
LogPluginManager: Mounting plugin AndroidDeviceProfileSelector
LogPluginManager: Mounting plugin AndroidMoviePlayer
LogPluginManager: Mounting plugin AndroidPermission
LogPluginManager: Mounting plugin OnlineSubsystemNull
LogPluginManager: Mounting plugin AppleImageUtils
LogPluginManager: Mounting plugin ApexDestruction
LogPluginManager: Mounting plugin ArchVisCharacter
LogPluginManager: Mounting plugin AppleMoviePlayer
LogPluginManager: Mounting plugin AssetTags
LogPluginManager: Mounting plugin AudioCapture
LogPluginManager: Mounting plugin OnlineSubsystemUtils
LogPluginManager: Mounting plugin AudioSynesthesia
LogPluginManager: Mounting plugin CableComponent
LogPluginManager: Mounting plugin CustomMeshComponent
LogPluginManager: Mounting plugin ChunkDownloader
LogPluginManager: Mounting plugin EditableMesh
LogPluginManager: Mounting plugin ExampleDeviceProfileSelector
LogPluginManager: Mounting plugin GoogleCloudMessaging
LogPluginManager: Mounting plugin GooglePAD
LogPluginManager: Mounting plugin LinuxDeviceProfileSelector
LogPluginManager: Mounting plugin IOSDeviceProfileSelector
LogPluginManager: Mounting plugin LocationServicesBPLibrary
LogPluginManager: Mounting plugin MobilePatchingUtils
LogPluginManager: Mounting plugin LauncherChunkInstaller
LogPluginManager: Mounting plugin OpenXR
LogPluginManager: Mounting plugin OpenXREyeTracker
LogPluginManager: Mounting plugin OpenXRHandTracking
LogPluginManager: Mounting plugin PhysXVehicles
LogPluginManager: Mounting plugin ScreenshotTools
LogPluginManager: Mounting plugin PostSplashScreen
LogPluginManager: Mounting plugin ProceduralMeshComponent
LogPluginManager: Mounting plugin PropertyAccessEditor
LogPluginManager: Mounting plugin RuntimePhysXCooking
LogPluginManager: Mounting plugin SignificanceManager
LogPluginManager: Mounting plugin SoundFields
LogPluginManager: Mounting plugin Synthesis
LogPluginManager: Mounting plugin WebMMoviePlayer
LogPluginManager: Mounting plugin WindowsMoviePlayer
LogPluginManager: Mounting plugin Takes
LogPluginManager: Mounting plugin ContentBrowserAssetDataSource
LogPluginManager: Mounting plugin ContentBrowserClassDataSource
LogPluginManager: Mounting plugin ContentBrowserFileDataSource
LogPluginManager: Mounting plugin OnlineSubsystemGooglePlay
LogPluginManager: Mounting plugin OnlineSubsystemIOS
LogPluginManager: Mounting plugin OculusVR
LogPluginManager: Mounting plugin SteamVR
LogPluginManager: Mounting plugin VictoryBPLibrary
PixWinPlugin: PIX capture plugin failed to initialize! Check that the process is launched from PIX.
LogInit: Using libcurl 7.55.1-DEV
LogInit:  - built for x86_64-pc-win32
LogInit:  - supports SSL with OpenSSL/1.1.1
LogInit:  - supports HTTP deflate (compression) using libz 1.2.8
LogInit:  - other features:
LogInit:      CURL_VERSION_SSL
LogInit:      CURL_VERSION_LIBZ
LogInit:      CURL_VERSION_IPV6
LogInit:      CURL_VERSION_ASYNCHDNS
LogInit:      CURL_VERSION_LARGEFILE
LogInit:      CURL_VERSION_IDN
LogInit:  CurlRequestOptions (configurable via config and command line):
LogInit:  - bVerifyPeer = true  - Libcurl will verify peer certificate
LogInit:  - bUseHttpProxy = false  - Libcurl will NOT use HTTP proxy
LogInit:  - bDontReuseConnections = false  - Libcurl will reuse connections
LogInit:  - MaxHostConnections = 16  - Libcurl will limit the number of connections to a host
LogInit:  - LocalHostAddr = Default
LogInit:  - BufferSize = 65536
LogOnline: OSS: Creating online subsystem instance for: NULL
LogInit: WinSock: version 1.1 (2.2), MaxSocks=32767, MaxUdp=65467
LogOnline: OSS: TryLoadSubsystemAndSetDefault: Loaded subsystem for module [NULL]
LogOculusPluginWrapper: OculusPlugin initialized successfully
LogHMD: Failed initializing OVRPlugin 1.59.0
LogInit: Build: ++UE4+Release-4.27-CL-18319896
LogInit: Engine Version: 4.27.2-18319896+++UE4+Release-4.27
LogInit: Compatible Engine Version: 4.27.0-17155196+++UE4+Release-4.27
LogInit: Net CL: 17155196
LogInit: OS: Windows 10 (Release 2009) (), CPU: Intel(R) Core(TM) i7-9750H CPU @ 2.60GHz, GPU: Intel(R) UHD Graphics 630
LogInit: Compiled (64-bit): Nov 30 2021 07:12:08
LogInit: Compiled with Visual C++: 19.24.28315.00
LogInit: Build Configuration: Development
LogInit: Branch Name: ++UE4+Release-4.27
LogInit: Command Line:  /Game/NotificationExperiment/Maps/Maze1 -game -PIEVIACONSOLE -Multiprocess "GameUserSettingsINI=C:/Users/99gol/Documents/Unreal Projects/Notif_Experiment/Saved/Config/Windows/PIEGameUserSettings0.ini" -MultiprocessSaveConfig -forcepassthrough -messaging -SessionName="Play in Standalone Game" -windowed -WinX=0 -WinY=30 SAVEWINPOS=1 -ResX=1910 -ResY=1046
LogInit: Base Directory: C:/Program Files/Epic Games/UE_4.27/Engine/Binaries/Win64/
LogInit: Allocator: TBB
LogInit: Installed Engine Build: 1
LogDevObjectVersion: Number of dev versions registered: 29
LogDevObjectVersion:   Dev-Blueprints (B0D832E4-1F89-4F0D-ACCF-7EB736FD4AA2): 10
LogDevObjectVersion:   Dev-Build (E1C64328-A22C-4D53-A36C-8E866417BD8C): 0
LogDevObjectVersion:   Dev-Core (375EC13C-06E4-48FB-B500-84F0262A717E): 4
LogDevObjectVersion:   Dev-Editor (E4B068ED-F494-42E9-A231-DA0B2E46BB41): 40
LogDevObjectVersion:   Dev-Framework (CFFC743F-43B0-4480-9391-14DF171D2073): 37
LogDevObjectVersion:   Dev-Mobile (B02B49B5-BB20-44E9-A304-32B752E40360): 3
LogDevObjectVersion:   Dev-Networking (A4E4105C-59A1-49B5-A7C5-40C4547EDFEE): 0
LogDevObjectVersion:   Dev-Online (39C831C9-5AE6-47DC-9A44-9C173E1C8E7C): 0
LogDevObjectVersion:   Dev-Physics (78F01B33-EBEA-4F98-B9B4-84EACCB95AA2): 14
LogDevObjectVersion:   Dev-Platform (6631380F-2D4D-43E0-8009-CF276956A95A): 0
LogDevObjectVersion:   Dev-Rendering (12F88B9F-8875-4AFC-A67C-D90C383ABD29): 45
LogDevObjectVersion:   Dev-Sequencer (7B5AE74C-D270-4C10-A958-57980B212A5A): 13
LogDevObjectVersion:   Dev-VR (D7296918-1DD6-4BDD-9DE2-64A83CC13884): 3
LogDevObjectVersion:   Dev-LoadTimes (C2A15278-BFE7-4AFE-6C17-90FF531DF755): 1
LogDevObjectVersion:   Private-Geometry (6EACA3D4-40EC-4CC1-B786-8BED09428FC5): 3
LogDevObjectVersion:   Dev-AnimPhys (29E575DD-E0A3-4627-9D10-D276232CDCEA): 17
LogDevObjectVersion:   Dev-Anim (AF43A65D-7FD3-4947-9873-3E8ED9C1BB05): 15
LogDevObjectVersion:   Dev-ReflectionCapture (6B266CEC-1EC7-4B8F-A30B-E4D90942FC07): 1
LogDevObjectVersion:   Dev-Automation (0DF73D61-A23F-47EA-B727-89E90C41499A): 1
LogDevObjectVersion:   FortniteMain (601D1886-AC64-4F84-AA16-D3DE0DEAC7D6): 47
LogDevObjectVersion:   FortniteRelease (E7086368-6B23-4C58-8439-1B7016265E91): 1
LogDevObjectVersion:   Dev-Enterprise (9DFFBCD6-494F-0158-E221-12823C92A888): 10
LogDevObjectVersion:   Dev-Niagara (F2AED0AC-9AFE-416F-8664-AA7FFA26D6FC): 1
LogDevObjectVersion:   Dev-Destruction (174F1F0B-B4C6-45A5-B13F-2EE8D0FB917D): 10
LogDevObjectVersion:   Dev-Physics-Ext (35F94A83-E258-406C-A318-09F59610247C): 41
LogDevObjectVersion:   Dev-PhysicsMaterial-Chaos (B68FC16E-8B1B-42E2-B453-215C058844FE): 1
LogDevObjectVersion:   Dev-CineCamera (B2E18506-4273-CFC2-A54E-F4BB758BBA07): 1
LogDevObjectVersion:   Dev-VirtualProduction (64F58936-FD1B-42BA-BA96-7289D5D0FA4E): 1
LogDevObjectVersion:   Dev-MediaFramework (6F0ED827-A609-4895-9C91-998D90180EA4): 2
LogInit: Presizing for max 25165824 objects, including 0 objects not considered by GC, pre-allocating 0 bytes for permanent pool.
LogConfig: Applying CVar settings from Section [/Script/Engine.StreamingSettings] File [C:/Users/99gol/Documents/Unreal Projects/Notif_Experiment/Saved/Config/Windows/Engine.ini]
LogConfig: Setting CVar [[s.MinBulkDataSizeForAsyncLoading:131072]]
LogConfig: Setting CVar [[s.AsyncLoadingThreadEnabled:0]]
LogConfig: Setting CVar [[s.EventDrivenLoaderEnabled:1]]
LogConfig: Setting CVar [[s.WarnIfTimeLimitExceeded:0]]
LogConfig: Setting CVar [[s.TimeLimitExceededMultiplier:1.5]]
LogConfig: Setting CVar [[s.TimeLimitExceededMinTime:0.005]]
LogConfig: Setting CVar [[s.UseBackgroundLevelStreaming:1]]
LogConfig: Setting CVar [[s.PriorityAsyncLoadingExtraTime:15.0]]
LogConfig: Setting CVar [[s.LevelStreamingActorsUpdateTimeLimit:5.0]]
LogConfig: Setting CVar [[s.PriorityLevelStreamingActorsUpdateExtraTime:5.0]]
LogConfig: Setting CVar [[s.LevelStreamingComponentsRegistrationGranularity:10]]
LogConfig: Setting CVar [[s.UnregisterComponentsTimeLimit:1.0]]
LogConfig: Setting CVar [[s.LevelStreamingComponentsUnregistrationGranularity:5]]
LogConfig: Setting CVar [[s.FlushStreamingOnExit:1]]
LogInit: Object subsystem initialized
LogConfig: Setting CVar [[con.DebugEarlyDefault:1]]
LogConfig: Setting CVar [[r.setres:1280x720]]
[2022.04.16-19.30.22:179][  0]LogConfig: Setting CVar [[con.DebugEarlyDefault:1]]
[2022.04.16-19.30.22:179][  0]LogConfig: Setting CVar [[r.setres:1280x720]]
[2022.04.16-19.30.22:179][  0]LogConfig: Applying CVar settings from Section [/Script/Engine.RendererSettings] File [C:/Users/99gol/Documents/Unreal Projects/Notif_Experiment/Saved/Config/Windows/Engine.ini]
[2022.04.16-19.30.22:179][  0]LogConfig: Setting CVar [[r.GPUCrashDebugging:0]]
[2022.04.16-19.30.22:179][  0]LogConfig: Applying CVar settings from Section [/Script/Engine.RendererOverrideSettings] File [C:/Users/99gol/Documents/Unreal Projects/Notif_Experiment/Saved/Config/Windows/Engine.ini]
[2022.04.16-19.30.22:179][  0]LogConfig: Applying CVar settings from Section [/Script/Engine.StreamingSettings] File [C:/Users/99gol/Documents/Unreal Projects/Notif_Experiment/Saved/Config/Windows/Engine.ini]
[2022.04.16-19.30.22:179][  0]LogConfig: Setting CVar [[s.MinBulkDataSizeForAsyncLoading:131072]]
[2022.04.16-19.30.22:179][  0]LogConfig: Setting CVar [[s.AsyncLoadingThreadEnabled:0]]
[2022.04.16-19.30.22:179][  0]LogConfig: Setting CVar [[s.EventDrivenLoaderEnabled:1]]
[2022.04.16-19.30.22:179][  0]LogConfig: Setting CVar [[s.WarnIfTimeLimitExceeded:0]]
[2022.04.16-19.30.22:179][  0]LogConfig: Setting CVar [[s.TimeLimitExceededMultiplier:1.5]]
[2022.04.16-19.30.22:179][  0]LogConfig: Setting CVar [[s.TimeLimitExceededMinTime:0.005]]
[2022.04.16-19.30.22:179][  0]LogConfig: Setting CVar [[s.UseBackgroundLevelStreaming:1]]
[2022.04.16-19.30.22:179][  0]LogConfig: Setting CVar [[s.PriorityAsyncLoadingExtraTime:15.0]]
[2022.04.16-19.30.22:179][  0]LogConfig: Setting CVar [[s.LevelStreamingActorsUpdateTimeLimit:5.0]]
[2022.04.16-19.30.22:179][  0]LogConfig: Setting CVar [[s.PriorityLevelStreamingActorsUpdateExtraTime:5.0]]
[2022.04.16-19.30.22:179][  0]LogConfig: Setting CVar [[s.LevelStreamingComponentsRegistrationGranularity:10]]
[2022.04.16-19.30.22:179][  0]LogConfig: Setting CVar [[s.UnregisterComponentsTimeLimit:1.0]]
[2022.04.16-19.30.22:179][  0]LogConfig: Setting CVar [[s.LevelStreamingComponentsUnregistrationGranularity:5]]
[2022.04.16-19.30.22:179][  0]LogConfig: Setting CVar [[s.FlushStreamingOnExit:1]]
[2022.04.16-19.30.22:179][  0]LogConfig: Applying CVar settings from Section [/Script/Engine.GarbageCollectionSettings] File [C:/Users/99gol/Documents/Unreal Projects/Notif_Experiment/Saved/Config/Windows/Engine.ini]
[2022.04.16-19.30.22:179][  0]LogConfig: Setting CVar [[gc.MaxObjectsNotConsideredByGC:1]]
[2022.04.16-19.30.22:179][  0]LogConfig: Setting CVar [[gc.SizeOfPermanentObjectPool:0]]
[2022.04.16-19.30.22:179][  0]LogConfig: Setting CVar [[gc.FlushStreamingOnGC:0]]
[2022.04.16-19.30.22:180][  0]LogConfig: Setting CVar [[gc.NumRetriesBeforeForcingGC:10]]
[2022.04.16-19.30.22:180][  0]LogConfig: Setting CVar [[gc.AllowParallelGC:1]]
[2022.04.16-19.30.22:180][  0]LogConfig: Setting CVar [[gc.TimeBetweenPurgingPendingKillObjects:61.1]]
[2022.04.16-19.30.22:180][  0]LogConfig: Setting CVar [[gc.MaxObjectsInEditor:25165824]]
[2022.04.16-19.30.22:180][  0]LogConfig: Setting CVar [[gc.IncrementalBeginDestroyEnabled:1]]
[2022.04.16-19.30.22:180][  0]LogConfig: Setting CVar [[gc.CreateGCClusters:1]]
[2022.04.16-19.30.22:180][  0]LogConfig: Setting CVar [[gc.MinGCClusterSize:5]]
[2022.04.16-19.30.22:180][  0]LogConfig: Setting CVar [[gc.ActorClusteringEnabled:0]]
[2022.04.16-19.30.22:180][  0]LogConfig: Setting CVar [[gc.BlueprintClusteringEnabled:0]]
[2022.04.16-19.30.22:180][  0]LogConfig: Setting CVar [[gc.UseDisregardForGCOnDedicatedServers:0]]
[2022.04.16-19.30.22:180][  0]LogConfig: Setting CVar [[gc.MultithreadedDestructionEnabled:1]]
[2022.04.16-19.30.22:180][  0]LogConfig: Applying CVar settings from Section [/Script/Engine.NetworkSettings] File [C:/Users/99gol/Documents/Unreal Projects/Notif_Experiment/Saved/Config/Windows/Engine.ini]
[2022.04.16-19.30.22:180][  0]LogConfig: Applying CVar settings from Section [/Script/UnrealEd.CookerSettings] File [C:/Users/99gol/Documents/Unreal Projects/Notif_Experiment/Saved/Config/Windows/Engine.ini]
[2022.04.16-19.30.22:186][  0]LogConfig: Applying CVar settings from Section [ViewDistanceQuality@3] File [C:/Users/99gol/Documents/Unreal Projects/Notif_Experiment/Saved/Config/Windows/Scalability.ini]
[2022.04.16-19.30.22:186][  0]LogConfig: Setting CVar [[r.SkeletalMeshLODBias:0]]
[2022.04.16-19.30.22:186][  0]LogConfig: Setting CVar [[r.ViewDistanceScale:1.0]]
[2022.04.16-19.30.22:186][  0]LogConfig: Applying CVar settings from Section [AntiAliasingQuality@3] File [C:/Users/99gol/Documents/Unreal Projects/Notif_Experiment/Saved/Config/Windows/Scalability.ini]
[2022.04.16-19.30.22:186][  0]LogConfig: Setting CVar [[r.PostProcessAAQuality:4]]
[2022.04.16-19.30.22:186][  0]LogConfig: Applying CVar settings from Section [ShadowQuality@3] File [C:/Users/99gol/Documents/Unreal Projects/Notif_Experiment/Saved/Config/Windows/Scalability.ini]
[2022.04.16-19.30.22:186][  0]LogConfig: Setting CVar [[r.LightFunctionQuality:1]]
[2022.04.16-19.30.22:186][  0]LogConfig: Setting CVar [[r.ShadowQuality:5]]
[2022.04.16-19.30.22:186][  0]LogConfig: Setting CVar [[r.Shadow.CSM.MaxCascades:10]]
[2022.04.16-19.30.22:186][  0]LogConfig: Setting CVar [[r.Shadow.MaxResolution:2048]]
[2022.04.16-19.30.22:186][  0]LogConfig: Setting CVar [[r.Shadow.MaxCSMResolution:2048]]
[2022.04.16-19.30.22:186][  0]LogConfig: Setting CVar [[r.Shadow.RadiusThreshold:0.01]]
[2022.04.16-19.30.22:186][  0]LogConfig: Setting CVar [[r.Shadow.DistanceScale:1.0]]
[2022.04.16-19.30.22:186][  0]LogConfig: Setting CVar [[r.Shadow.CSM.TransitionScale:1.0]]
[2022.04.16-19.30.22:186][  0]LogConfig: Setting CVar [[r.Shadow.PreShadowResolutionFactor:1.0]]
[2022.04.16-19.30.22:187][  0]LogConfig: Setting CVar [[r.DistanceFieldShadowing:1]]
[2022.04.16-19.30.22:187][  0]LogConfig: Setting CVar [[r.DistanceFieldAO:1]]
[2022.04.16-19.30.22:187][  0]LogConfig: Setting CVar [[r.AOQuality:2]]
[2022.04.16-19.30.22:187][  0]LogConfig: Setting CVar [[r.VolumetricFog:1]]
[2022.04.16-19.30.22:187][  0]LogConfig: Setting CVar [[r.VolumetricFog.GridPixelSize:8]]
[2022.04.16-19.30.22:187][  0]LogConfig: Setting CVar [[r.VolumetricFog.GridSizeZ:128]]
[2022.04.16-19.30.22:187][  0]LogConfig: Setting CVar [[r.VolumetricFog.HistoryMissSupersampleCount:4]]
[2022.04.16-19.30.22:187][  0]LogConfig: Setting CVar [[r.LightMaxDrawDistanceScale:1]]
[2022.04.16-19.30.22:187][  0]LogConfig: Setting CVar [[r.CapsuleShadows:1]]
[2022.04.16-19.30.22:187][  0]LogConfig: Applying CVar settings from Section [PostProcessQuality@3] File [C:/Users/99gol/Documents/Unreal Projects/Notif_Experiment/Saved/Config/Windows/Scalability.ini]
[2022.04.16-19.30.22:187][  0]LogConfig: Setting CVar [[r.MotionBlurQuality:4]]
[2022.04.16-19.30.22:187][  0]LogConfig: Setting CVar [[r.AmbientOcclusionMipLevelFactor:0.4]]
[2022.04.16-19.30.22:187][  0]LogConfig: Setting CVar [[r.AmbientOcclusionMaxQuality:100]]
[2022.04.16-19.30.22:187][  0]LogConfig: Setting CVar [[r.AmbientOcclusionLevels:-1]]
[2022.04.16-19.30.22:187][  0]LogConfig: Setting CVar [[r.AmbientOcclusionRadiusScale:1.0]]
[2022.04.16-19.30.22:187][  0]LogConfig: Setting CVar [[r.DepthOfFieldQuality:2]]
[2022.04.16-19.30.22:187][  0]LogConfig: Setting CVar [[r.RenderTargetPoolMin:400]]
[2022.04.16-19.30.22:187][  0]LogConfig: Setting CVar [[r.LensFlareQuality:2]]
[2022.04.16-19.30.22:187][  0]LogConfig: Setting CVar [[r.SceneColorFringeQuality:1]]
[2022.04.16-19.30.22:187][  0]LogConfig: Setting CVar [[r.EyeAdaptationQuality:2]]
[2022.04.16-19.30.22:187][  0]LogConfig: Setting CVar [[r.BloomQuality:5]]
[2022.04.16-19.30.22:187][  0]LogConfig: Setting CVar [[r.FastBlurThreshold:100]]
[2022.04.16-19.30.22:187][  0]LogConfig: Setting CVar [[r.Upscale.Quality:3]]
[2022.04.16-19.30.22:187][  0]LogConfig: Setting CVar [[r.Tonemapper.GrainQuantization:1]]
[2022.04.16-19.30.22:187][  0]LogConfig: Setting CVar [[r.LightShaftQuality:1]]
[2022.04.16-19.30.22:187][  0]LogConfig: Setting CVar [[r.Filter.SizeScale:1]]
[2022.04.16-19.30.22:187][  0]LogConfig: Setting CVar [[r.Tonemapper.Quality:5]]
[2022.04.16-19.30.22:187][  0]LogConfig: Setting CVar [[r.DOF.Gather.AccumulatorQuality:1        ; higher gathering accumulator quality]]
[2022.04.16-19.30.22:187][  0]LogConfig: Setting CVar [[r.DOF.Gather.PostfilterMethod:1          ; Median3x3 postfilering method]]
[2022.04.16-19.30.22:187][  0]LogConfig: Setting CVar [[r.DOF.Gather.EnableBokehSettings:0       ; no bokeh simulation when gathering]]
[2022.04.16-19.30.22:187][  0]LogConfig: Setting CVar [[r.DOF.Gather.RingCount:4                 ; medium number of samples when gathering]]
[2022.04.16-19.30.22:187][  0]LogConfig: Setting CVar [[r.DOF.Scatter.ForegroundCompositing:1    ; additive foreground scattering]]
[2022.04.16-19.30.22:187][  0]LogConfig: Setting CVar [[r.DOF.Scatter.BackgroundCompositing:2    ; additive background scattering]]
[2022.04.16-19.30.22:187][  0]LogConfig: Setting CVar [[r.DOF.Scatter.EnableBokehSettings:1      ; bokeh simulation when scattering]]
[2022.04.16-19.30.22:187][  0]LogConfig: Setting CVar [[r.DOF.Scatter.MaxSpriteRatio:0.1         ; only a maximum of 10% of scattered bokeh]]
[2022.04.16-19.30.22:187][  0]LogConfig: Setting CVar [[r.DOF.Recombine.Quality:1                ; cheap slight out of focus]]
[2022.04.16-19.30.22:187][  0]LogConfig: Setting CVar [[r.DOF.Recombine.EnableBokehSettings:0    ; no bokeh simulation on slight out of focus]]
[2022.04.16-19.30.22:187][  0]LogConfig: Setting CVar [[r.DOF.TemporalAAQuality:1                ; more stable temporal accumulation]]
[2022.04.16-19.30.22:187][  0]LogConfig: Setting CVar [[r.DOF.Kernel.MaxForegroundRadius:0.025]]
[2022.04.16-19.30.22:187][  0]LogConfig: Setting CVar [[r.DOF.Kernel.MaxBackgroundRadius:0.025]]
[2022.04.16-19.30.22:187][  0]LogConfig: Applying CVar settings from Section [TextureQuality@3] File [C:/Users/99gol/Documents/Unreal Projects/Notif_Experiment/Saved/Config/Windows/Scalability.ini]
[2022.04.16-19.30.22:187][  0]LogConfig: Setting CVar [[r.Streaming.MipBias:0]]
[2022.04.16-19.30.22:187][  0]LogConfig: Setting CVar [[r.Streaming.AmortizeCPUToGPUCopy:0]]
[2022.04.16-19.30.22:187][  0]LogConfig: Setting CVar [[r.Streaming.MaxNumTexturesToStreamPerFrame:0]]
[2022.04.16-19.30.22:187][  0]LogConfig: Setting CVar [[r.Streaming.Boost:1]]
[2022.04.16-19.30.22:187][  0]LogConfig: Setting CVar [[r.MaxAnisotropy:8]]
[2022.04.16-19.30.22:187][  0]LogConfig: Setting CVar [[r.VT.MaxAnisotropy:8]]
[2022.04.16-19.30.22:187][  0]LogConfig: Setting CVar [[r.Streaming.LimitPoolSizeToVRAM:0]]
[2022.04.16-19.30.22:187][  0]LogConfig: Setting CVar [[r.Streaming.PoolSize:1000]]
[2022.04.16-19.30.22:187][  0]LogConfig: Setting CVar [[r.Streaming.MaxEffectiveScreenSize:0]]
[2022.04.16-19.30.22:187][  0]LogConfig: Applying CVar settings from Section [EffectsQuality@3] File [C:/Users/99gol/Documents/Unreal Projects/Notif_Experiment/Saved/Config/Windows/Scalability.ini]
[2022.04.16-19.30.22:187][  0]LogConfig: Setting CVar [[r.TranslucencyLightingVolumeDim:64]]
[2022.04.16-19.30.22:187][  0]LogConfig: Setting CVar [[r.RefractionQuality:2]]
[2022.04.16-19.30.22:187][  0]LogConfig: Setting CVar [[r.SSR.Quality:3]]
[2022.04.16-19.30.22:187][  0]LogConfig: Setting CVar [[r.SSR.HalfResSceneColor:0]]
[2022.04.16-19.30.22:187][  0]LogConfig: Setting CVar [[r.SceneColorFormat:4]]
[2022.04.16-19.30.22:187][  0]LogConfig: Setting CVar [[r.DetailMode:2]]
[2022.04.16-19.30.22:187][  0]LogConfig: Setting CVar [[r.TranslucencyVolumeBlur:1]]
[2022.04.16-19.30.22:187][  0]LogConfig: Setting CVar [[r.MaterialQualityLevel:1 ; High quality]]
[2022.04.16-19.30.22:187][  0]LogConfig: Setting CVar [[r.AnisotropicMaterials:1]]
[2022.04.16-19.30.22:187][  0]LogConfig: Setting CVar [[r.SSS.Scale:1]]
[2022.04.16-19.30.22:187][  0]LogConfig: Setting CVar [[r.SSS.SampleSet:2]]
[2022.04.16-19.30.22:187][  0]LogConfig: Setting CVar [[r.SSS.Quality:1]]
[2022.04.16-19.30.22:187][  0]LogConfig: Setting CVar [[r.SSS.HalfRes:0]]
[2022.04.16-19.30.22:187][  0]LogConfig: Setting CVar [[r.SSGI.Quality:3]]
[2022.04.16-19.30.22:187][  0]LogConfig: Setting CVar [[r.EmitterSpawnRateScale:1.0]]
[2022.04.16-19.30.22:187][  0]LogConfig: Setting CVar [[r.ParticleLightQuality:2]]
[2022.04.16-19.30.22:187][  0]LogConfig: Setting CVar [[r.SkyAtmosphere.AerialPerspectiveLUT.FastApplyOnOpaque:1 ; Always have FastSkyLUT 1 in this case to avoid wrong sky]]
[2022.04.16-19.30.22:187][  0]LogConfig: Setting CVar [[r.SkyAtmosphere.AerialPerspectiveLUT.SampleCountMaxPerSlice:4]]
[2022.04.16-19.30.22:187][  0]LogConfig: Setting CVar [[r.SkyAtmosphere.AerialPerspectiveLUT.DepthResolution:16.0]]
[2022.04.16-19.30.22:187][  0]LogConfig: Setting CVar [[r.SkyAtmosphere.FastSkyLUT:1]]
[2022.04.16-19.30.22:187][  0]LogConfig: Setting CVar [[r.SkyAtmosphere.FastSkyLUT.SampleCountMin:4.0]]
[2022.04.16-19.30.22:187][  0]LogConfig: Setting CVar [[r.SkyAtmosphere.FastSkyLUT.SampleCountMax:128.0]]
[2022.04.16-19.30.22:187][  0]LogConfig: Setting CVar [[r.SkyAtmosphere.SampleCountMin:4.0]]
[2022.04.16-19.30.22:187][  0]LogConfig: Setting CVar [[r.SkyAtmosphere.SampleCountMax:128.0]]
[2022.04.16-19.30.22:187][  0]LogConfig: Setting CVar [[r.SkyAtmosphere.TransmittanceLUT.UseSmallFormat:0]]
[2022.04.16-19.30.22:187][  0]LogConfig: Setting CVar [[r.SkyAtmosphere.TransmittanceLUT.SampleCount:10.0]]
[2022.04.16-19.30.22:187][  0]LogConfig: Setting CVar [[r.SkyAtmosphere.MultiScatteringLUT.SampleCount:15.0]]
[2022.04.16-19.30.22:187][  0]LogConfig: Setting CVar [[r.SkyLight.RealTimeReflectionCapture:1]]
[2022.04.16-19.30.22:187][  0]LogConfig: Applying CVar settings from Section [FoliageQuality@3] File [C:/Users/99gol/Documents/Unreal Projects/Notif_Experiment/Saved/Config/Windows/Scalability.ini]
[2022.04.16-19.30.22:187][  0]LogConfig: Setting CVar [[foliage.DensityScale:1.0]]
[2022.04.16-19.30.22:187][  0]LogConfig: Setting CVar [[grass.DensityScale:1.0]]
[2022.04.16-19.30.22:187][  0]LogConfig: Applying CVar settings from Section [ShadingQuality@3] File [C:/Users/99gol/Documents/Unreal Projects/Notif_Experiment/Saved/Config/Windows/Scalability.ini]
[2022.04.16-19.30.22:187][  0]LogConfig: Setting CVar [[r.HairStrands.SkyLighting.IntegrationType:2]]
[2022.04.16-19.30.22:187][  0]LogConfig: Setting CVar [[r.HairStrands.SkyAO.SampleCount:4]]
[2022.04.16-19.30.22:187][  0]LogConfig: Setting CVar [[r.HairStrands.Visibility.MSAA.SamplePerPixel:4]]
[2022.04.16-19.30.22:187][  0]LogInit: Selected Device Profile: [Windows]
[2022.04.16-19.30.22:187][  0]LogInit: Applying CVar settings loaded from the selected device profile: [Windows]
[2022.04.16-19.30.22:187][  0]LogHAL: Display: Platform has ~ 16 GB [17017102336 / 17179869184 / 16], which maps to Larger [LargestMinGB=32, LargerMinGB=12, DefaultMinGB=8, SmallerMinGB=6, SmallestMinGB=0)
[2022.04.16-19.30.22:187][  0]LogInit: Going up to parent DeviceProfile []
[2022.04.16-19.30.22:187][  0]LogConfig: Applying CVar settings from Section [ViewDistanceQuality@3] File [C:/Users/99gol/Documents/Unreal Projects/Notif_Experiment/Saved/Config/Windows/Scalability.ini]
[2022.04.16-19.30.22:187][  0]LogConfig: Setting CVar [[r.SkeletalMeshLODBias:0]]
[2022.04.16-19.30.22:187][  0]LogConfig: Setting CVar [[r.ViewDistanceScale:1.0]]
[2022.04.16-19.30.22:187][  0]LogConfig: Applying CVar settings from Section [AntiAliasingQuality@3] File [C:/Users/99gol/Documents/Unreal Projects/Notif_Experiment/Saved/Config/Windows/Scalability.ini]
[2022.04.16-19.30.22:187][  0]LogConfig: Setting CVar [[r.PostProcessAAQuality:4]]
[2022.04.16-19.30.22:188][  0]LogConfig: Applying CVar settings from Section [ShadowQuality@3] File [C:/Users/99gol/Documents/Unreal Projects/Notif_Experiment/Saved/Config/Windows/Scalability.ini]
[2022.04.16-19.30.22:188][  0]LogConfig: Setting CVar [[r.LightFunctionQuality:1]]
[2022.04.16-19.30.22:188][  0]LogConfig: Setting CVar [[r.ShadowQuality:5]]
[2022.04.16-19.30.22:188][  0]LogConfig: Setting CVar [[r.Shadow.CSM.MaxCascades:10]]
[2022.04.16-19.30.22:188][  0]LogConfig: Setting CVar [[r.Shadow.MaxResolution:2048]]
[2022.04.16-19.30.22:188][  0]LogConfig: Setting CVar [[r.Shadow.MaxCSMResolution:2048]]
[2022.04.16-19.30.22:188][  0]LogConfig: Setting CVar [[r.Shadow.RadiusThreshold:0.01]]
[2022.04.16-19.30.22:188][  0]LogConfig: Setting CVar [[r.Shadow.DistanceScale:1.0]]
[2022.04.16-19.30.22:188][  0]LogConfig: Setting CVar [[r.Shadow.CSM.TransitionScale:1.0]]
[2022.04.16-19.30.22:188][  0]LogConfig: Setting CVar [[r.Shadow.PreShadowResolutionFactor:1.0]]
[2022.04.16-19.30.22:188][  0]LogConfig: Setting CVar [[r.DistanceFieldShadowing:1]]
[2022.04.16-19.30.22:188][  0]LogConfig: Setting CVar [[r.DistanceFieldAO:1]]
[2022.04.16-19.30.22:188][  0]LogConfig: Setting CVar [[r.AOQuality:2]]
[2022.04.16-19.30.22:188][  0]LogConfig: Setting CVar [[r.VolumetricFog:1]]
[2022.04.16-19.30.22:188][  0]LogConfig: Setting CVar [[r.VolumetricFog.GridPixelSize:8]]
[2022.04.16-19.30.22:188][  0]LogConfig: Setting CVar [[r.VolumetricFog.GridSizeZ:128]]
[2022.04.16-19.30.22:188][  0]LogConfig: Setting CVar [[r.VolumetricFog.HistoryMissSupersampleCount:4]]
[2022.04.16-19.30.22:188][  0]LogConfig: Setting CVar [[r.LightMaxDrawDistanceScale:1]]
[2022.04.16-19.30.22:188][  0]LogConfig: Setting CVar [[r.CapsuleShadows:1]]
[2022.04.16-19.30.22:188][  0]LogConfig: Applying CVar settings from Section [PostProcessQuality@3] File [C:/Users/99gol/Documents/Unreal Projects/Notif_Experiment/Saved/Config/Windows/Scalability.ini]
[2022.04.16-19.30.22:188][  0]LogConfig: Setting CVar [[r.MotionBlurQuality:4]]
[2022.04.16-19.30.22:188][  0]LogConfig: Setting CVar [[r.AmbientOcclusionMipLevelFactor:0.4]]
[2022.04.16-19.30.22:188][  0]LogConfig: Setting CVar [[r.AmbientOcclusionMaxQuality:100]]
[2022.04.16-19.30.22:188][  0]LogConfig: Setting CVar [[r.AmbientOcclusionLevels:-1]]
[2022.04.16-19.30.22:188][  0]LogConfig: Setting CVar [[r.AmbientOcclusionRadiusScale:1.0]]
[2022.04.16-19.30.22:188][  0]LogConfig: Setting CVar [[r.DepthOfFieldQuality:2]]
[2022.04.16-19.30.22:188][  0]LogConfig: Setting CVar [[r.RenderTargetPoolMin:400]]
[2022.04.16-19.30.22:188][  0]LogConfig: Setting CVar [[r.LensFlareQuality:2]]
[2022.04.16-19.30.22:188][  0]LogConfig: Setting CVar [[r.SceneColorFringeQuality:1]]
[2022.04.16-19.30.22:188][  0]LogConfig: Setting CVar [[r.EyeAdaptationQuality:2]]
[2022.04.16-19.30.22:188][  0]LogConfig: Setting CVar [[r.BloomQuality:5]]
[2022.04.16-19.30.22:188][  0]LogConfig: Setting CVar [[r.FastBlurThreshold:100]]
[2022.04.16-19.30.22:188][  0]LogConfig: Setting CVar [[r.Upscale.Quality:3]]
[2022.04.16-19.30.22:188][  0]LogConfig: Setting CVar [[r.Tonemapper.GrainQuantization:1]]
[2022.04.16-19.30.22:188][  0]LogConfig: Setting CVar [[r.LightShaftQuality:1]]
[2022.04.16-19.30.22:188][  0]LogConfig: Setting CVar [[r.Filter.SizeScale:1]]
[2022.04.16-19.30.22:188][  0]LogConfig: Setting CVar [[r.Tonemapper.Quality:5]]
[2022.04.16-19.30.22:188][  0]LogConfig: Setting CVar [[r.DOF.Gather.AccumulatorQuality:1        ; higher gathering accumulator quality]]
[2022.04.16-19.30.22:188][  0]LogConfig: Setting CVar [[r.DOF.Gather.PostfilterMethod:1          ; Median3x3 postfilering method]]
[2022.04.16-19.30.22:188][  0]LogConfig: Setting CVar [[r.DOF.Gather.EnableBokehSettings:0       ; no bokeh simulation when gathering]]
[2022.04.16-19.30.22:188][  0]LogConfig: Setting CVar [[r.DOF.Gather.RingCount:4                 ; medium number of samples when gathering]]
[2022.04.16-19.30.22:188][  0]LogConfig: Setting CVar [[r.DOF.Scatter.ForegroundCompositing:1    ; additive foreground scattering]]
[2022.04.16-19.30.22:188][  0]LogConfig: Setting CVar [[r.DOF.Scatter.BackgroundCompositing:2    ; additive background scattering]]
[2022.04.16-19.30.22:188][  0]LogConfig: Setting CVar [[r.DOF.Scatter.EnableBokehSettings:1      ; bokeh simulation when scattering]]
[2022.04.16-19.30.22:188][  0]LogConfig: Setting CVar [[r.DOF.Scatter.MaxSpriteRatio:0.1         ; only a maximum of 10% of scattered bokeh]]
[2022.04.16-19.30.22:188][  0]LogConfig: Setting CVar [[r.DOF.Recombine.Quality:1                ; cheap slight out of focus]]
[2022.04.16-19.30.22:188][  0]LogConfig: Setting CVar [[r.DOF.Recombine.EnableBokehSettings:0    ; no bokeh simulation on slight out of focus]]
[2022.04.16-19.30.22:188][  0]LogConfig: Setting CVar [[r.DOF.TemporalAAQuality:1                ; more stable temporal accumulation]]
[2022.04.16-19.30.22:188][  0]LogConfig: Setting CVar [[r.DOF.Kernel.MaxForegroundRadius:0.025]]
[2022.04.16-19.30.22:188][  0]LogConfig: Setting CVar [[r.DOF.Kernel.MaxBackgroundRadius:0.025]]
[2022.04.16-19.30.22:188][  0]LogConfig: Applying CVar settings from Section [TextureQuality@3] File [C:/Users/99gol/Documents/Unreal Projects/Notif_Experiment/Saved/Config/Windows/Scalability.ini]
[2022.04.16-19.30.22:188][  0]LogConfig: Setting CVar [[r.Streaming.MipBias:0]]
[2022.04.16-19.30.22:188][  0]LogConfig: Setting CVar [[r.Streaming.AmortizeCPUToGPUCopy:0]]
[2022.04.16-19.30.22:188][  0]LogConfig: Setting CVar [[r.Streaming.MaxNumTexturesToStreamPerFrame:0]]
[2022.04.16-19.30.22:188][  0]LogConfig: Setting CVar [[r.Streaming.Boost:1]]
[2022.04.16-19.30.22:188][  0]LogConfig: Setting CVar [[r.MaxAnisotropy:8]]
[2022.04.16-19.30.22:188][  0]LogConfig: Setting CVar [[r.VT.MaxAnisotropy:8]]
[2022.04.16-19.30.22:188][  0]LogConfig: Setting CVar [[r.Streaming.LimitPoolSizeToVRAM:0]]
[2022.04.16-19.30.22:188][  0]LogConfig: Setting CVar [[r.Streaming.PoolSize:1000]]
[2022.04.16-19.30.22:188][  0]LogConfig: Setting CVar [[r.Streaming.MaxEffectiveScreenSize:0]]
[2022.04.16-19.30.22:188][  0]LogConfig: Applying CVar settings from Section [EffectsQuality@3] File [C:/Users/99gol/Documents/Unreal Projects/Notif_Experiment/Saved/Config/Windows/Scalability.ini]
[2022.04.16-19.30.22:188][  0]LogConfig: Setting CVar [[r.TranslucencyLightingVolumeDim:64]]
[2022.04.16-19.30.22:188][  0]LogConfig: Setting CVar [[r.RefractionQuality:2]]
[2022.04.16-19.30.22:188][  0]LogConfig: Setting CVar [[r.SSR.Quality:3]]
[2022.04.16-19.30.22:188][  0]LogConfig: Setting CVar [[r.SSR.HalfResSceneColor:0]]
[2022.04.16-19.30.22:188][  0]LogConfig: Setting CVar [[r.SceneColorFormat:4]]
[2022.04.16-19.30.22:188][  0]LogConfig: Setting CVar [[r.DetailMode:2]]
[2022.04.16-19.30.22:188][  0]LogConfig: Setting CVar [[r.TranslucencyVolumeBlur:1]]
[2022.04.16-19.30.22:188][  0]LogConfig: Setting CVar [[r.MaterialQualityLevel:1 ; High quality]]
[2022.04.16-19.30.22:188][  0]LogConfig: Setting CVar [[r.AnisotropicMaterials:1]]
[2022.04.16-19.30.22:188][  0]LogConfig: Setting CVar [[r.SSS.Scale:1]]
[2022.04.16-19.30.22:188][  0]LogConfig: Setting CVar [[r.SSS.SampleSet:2]]
[2022.04.16-19.30.22:188][  0]LogConfig: Setting CVar [[r.SSS.Quality:1]]
[2022.04.16-19.30.22:188][  0]LogConfig: Setting CVar [[r.SSS.HalfRes:0]]
[2022.04.16-19.30.22:188][  0]LogConfig: Setting CVar [[r.SSGI.Quality:3]]
[2022.04.16-19.30.22:188][  0]LogConfig: Setting CVar [[r.EmitterSpawnRateScale:1.0]]
[2022.04.16-19.30.22:188][  0]LogConfig: Setting CVar [[r.ParticleLightQuality:2]]
[2022.04.16-19.30.22:188][  0]LogConfig: Setting CVar [[r.SkyAtmosphere.AerialPerspectiveLUT.FastApplyOnOpaque:1 ; Always have FastSkyLUT 1 in this case to avoid wrong sky]]
[2022.04.16-19.30.22:188][  0]LogConfig: Setting CVar [[r.SkyAtmosphere.AerialPerspectiveLUT.SampleCountMaxPerSlice:4]]
[2022.04.16-19.30.22:188][  0]LogConfig: Setting CVar [[r.SkyAtmosphere.AerialPerspectiveLUT.DepthResolution:16.0]]
[2022.04.16-19.30.22:188][  0]LogConfig: Setting CVar [[r.SkyAtmosphere.FastSkyLUT:1]]
[2022.04.16-19.30.22:188][  0]LogConfig: Setting CVar [[r.SkyAtmosphere.FastSkyLUT.SampleCountMin:4.0]]
[2022.04.16-19.30.22:188][  0]LogConfig: Setting CVar [[r.SkyAtmosphere.FastSkyLUT.SampleCountMax:128.0]]
[2022.04.16-19.30.22:188][  0]LogConfig: Setting CVar [[r.SkyAtmosphere.SampleCountMin:4.0]]
[2022.04.16-19.30.22:188][  0]LogConfig: Setting CVar [[r.SkyAtmosphere.SampleCountMax:128.0]]
[2022.04.16-19.30.22:188][  0]LogConfig: Setting CVar [[r.SkyAtmosphere.TransmittanceLUT.UseSmallFormat:0]]
[2022.04.16-19.30.22:188][  0]LogConfig: Setting CVar [[r.SkyAtmosphere.TransmittanceLUT.SampleCount:10.0]]
[2022.04.16-19.30.22:188][  0]LogConfig: Setting CVar [[r.SkyAtmosphere.MultiScatteringLUT.SampleCount:15.0]]
[2022.04.16-19.30.22:188][  0]LogConfig: Setting CVar [[r.SkyLight.RealTimeReflectionCapture:1]]
[2022.04.16-19.30.22:188][  0]LogConfig: Applying CVar settings from Section [FoliageQuality@3] File [C:/Users/99gol/Documents/Unreal Projects/Notif_Experiment/Saved/Config/Windows/Scalability.ini]
[2022.04.16-19.30.22:188][  0]LogConfig: Setting CVar [[foliage.DensityScale:1.0]]
[2022.04.16-19.30.22:188][  0]LogConfig: Setting CVar [[grass.DensityScale:1.0]]
[2022.04.16-19.30.22:188][  0]LogConfig: Applying CVar settings from Section [ShadingQuality@3] File [C:/Users/99gol/Documents/Unreal Projects/Notif_Experiment/Saved/Config/Windows/Scalability.ini]
[2022.04.16-19.30.22:188][  0]LogConfig: Setting CVar [[r.HairStrands.SkyLighting.IntegrationType:2]]
[2022.04.16-19.30.22:188][  0]LogConfig: Setting CVar [[r.HairStrands.SkyAO.SampleCount:4]]
[2022.04.16-19.30.22:188][  0]LogConfig: Setting CVar [[r.HairStrands.Visibility.MSAA.SamplePerPixel:4]]
[2022.04.16-19.30.22:188][  0]LogConfig: Applying CVar settings from Section [Startup] File [../../../Engine/Config/ConsoleVariables.ini]
[2022.04.16-19.30.22:189][  0]LogConfig: Setting CVar [[net.UseAdaptiveNetUpdateFrequency:0]]
[2022.04.16-19.30.22:189][  0]LogConfig: Setting CVar [[p.chaos.AllowCreatePhysxBodies:1]]
[2022.04.16-19.30.22:189][  0]LogConfig: Setting CVar [[fx.SkipVectorVMBackendOptimizations:1]]
[2022.04.16-19.30.22:189][  0]LogConfig: Applying CVar settings from Section [ConsoleVariables] File [C:/Users/99gol/Documents/Unreal Projects/Notif_Experiment/Saved/Config/Windows/Engine.ini]
[2022.04.16-19.30.22:189][  0]LogConfig: Applying CVar settings from Section [ConsoleVariables] File [C:/Users/99gol/Documents/Unreal Projects/Notif_Experiment/Saved/Config/Windows/Editor.ini]
[2022.04.16-19.30.22:189][  0]LogInit: Computer: REVAN
[2022.04.16-19.30.22:189][  0]LogInit: User: 99gol
[2022.04.16-19.30.22:189][  0]LogInit: CPU Page size=4096, Cores=6
[2022.04.16-19.30.22:189][  0]LogInit: High frequency timer resolution =10.000000 MHz
[2022.04.16-19.30.22:189][  0]LogMemory: Memory total: Physical=15.8GB (16GB approx)
[2022.04.16-19.30.22:189][  0]LogMemory: Platform Memory Stats for Windows
[2022.04.16-19.30.22:189][  0]LogMemory: Process Physical Memory: 146.68 MB used, 146.68 MB peak
[2022.04.16-19.30.22:189][  0]LogMemory: Process Virtual Memory: 132.16 MB used, 132.16 MB peak
[2022.04.16-19.30.22:189][  0]LogMemory: Physical Memory: 12049.20 MB used,  4179.58 MB free, 16228.77 MB total
[2022.04.16-19.30.22:189][  0]LogMemory: Virtual Memory: 134213056.00 MB used,  4669.63 MB free, 134217728.00 MB total
[2022.04.16-19.30.22:234][  0]LogWindows: WindowsPlatformFeatures enabled
[2022.04.16-19.30.22:272][  0]LogInit: Physics initialised using underlying interface: PhysX
[2022.04.16-19.30.22:272][  0]LogInit: Using OS detected language (en-US).
[2022.04.16-19.30.22:272][  0]LogInit: Using OS detected locale (en-US).
[2022.04.16-19.30.22:275][  0]LogTextLocalizationManager: No specific localization for 'en-US' exists, so the 'en' localization will be used.
[2022.04.16-19.30.22:466][  0]LogWindowsTextInputMethodSystem: Display: IME system deactivated.
[2022.04.16-19.30.22:489][  0]LogSlate: New Slate User Created.  User Index 0, Is Virtual User: 0
[2022.04.16-19.30.22:489][  0]LogSlate: Slate User Registered.  User Index 0, Is Virtual User: 0
[2022.04.16-19.30.22:501][  0]LogD3D11RHI: Loaded GFSDK_Aftermath_Lib.x64.dll
[2022.04.16-19.30.22:538][  0]LogHMD: Failed to initialize OpenVR with code 110
[2022.04.16-19.30.22:538][  0]LogD3D11RHI: D3D11 min allowed feature level: 11_0
[2022.04.16-19.30.22:538][  0]LogD3D11RHI: D3D11 max allowed feature level: 11_0
[2022.04.16-19.30.22:538][  0]LogD3D11RHI: D3D11 adapters:
[2022.04.16-19.30.22:605][  0]LogD3D11RHI:    0. 'NVIDIA GeForce RTX 2060' (Feature Level 11_0)
[2022.04.16-19.30.22:605][  0]LogD3D11RHI:       5980/0/8114 MB DedicatedVideo/DedicatedSystem/SharedSystem, Outputs:1, VendorId:0x10de
[2022.04.16-19.30.22:635][  0]LogD3D11RHI:    1. 'Intel(R) UHD Graphics 630' (Feature Level 11_0)
[2022.04.16-19.30.22:635][  0]LogD3D11RHI:       128/0/8114 MB DedicatedVideo/DedicatedSystem/SharedSystem, Outputs:0, VendorId:0x8086
[2022.04.16-19.30.22:637][  0]LogD3D11RHI:    2. 'Microsoft Basic Render Driver' (Feature Level 11_0)
[2022.04.16-19.30.22:637][  0]LogD3D11RHI:       0/0/8114 MB DedicatedVideo/DedicatedSystem/SharedSystem, Outputs:0, VendorId:0x1414
[2022.04.16-19.30.22:637][  0]LogD3D11RHI: Chosen D3D11 Adapter:
[2022.04.16-19.30.22:637][  0]LogD3D11RHI:     Description : NVIDIA GeForce RTX 2060
[2022.04.16-19.30.22:637][  0]LogD3D11RHI:     VendorId    : 10de
[2022.04.16-19.30.22:637][  0]LogD3D11RHI:     DeviceId    : 1f11
[2022.04.16-19.30.22:637][  0]LogD3D11RHI:     SubSysId    : 129b1462
[2022.04.16-19.30.22:637][  0]LogD3D11RHI:     Revision    : 00a1
[2022.04.16-19.30.22:637][  0]LogD3D11RHI:     DedicatedVideoMemory : 6270484480 bytes
[2022.04.16-19.30.22:637][  0]LogD3D11RHI:     DedicatedSystemMemory : 0 bytes
[2022.04.16-19.30.22:637][  0]LogD3D11RHI:     SharedSystemMemory : 8508551168 bytes
[2022.04.16-19.30.22:637][  0]LogD3D11RHI:     AdapterLuid : 0 62151
[2022.04.16-19.30.22:643][  0]LogD3D11RHI: Creating new Direct3DDevice
[2022.04.16-19.30.22:643][  0]LogD3D11RHI:     GPU DeviceId: 0x1f11 (for the marketing name, search the web for "GPU Device Id")
[2022.04.16-19.30.22:643][  0]LogWindows: EnumDisplayDevices:
[2022.04.16-19.30.22:643][  0]LogWindows:    0. 'Intel(R) UHD Graphics 630' (P:1 D:1)
[2022.04.16-19.30.22:643][  0]LogWindows:    1. 'Intel(R) UHD Graphics 630' (P:0 D:0)
[2022.04.16-19.30.22:643][  0]LogWindows:    2. 'Intel(R) UHD Graphics 630' (P:0 D:0)
[2022.04.16-19.30.22:644][  0]LogWindows:    3. 'NVIDIA GeForce RTX 2060' (P:0 D:0)
[2022.04.16-19.30.22:644][  0]LogWindows:    4. 'NVIDIA GeForce RTX 2060' (P:0 D:0)
[2022.04.16-19.30.22:644][  0]LogWindows:    5. 'NVIDIA GeForce RTX 2060' (P:0 D:0)
[2022.04.16-19.30.22:644][  0]LogWindows:    6. 'NVIDIA GeForce RTX 2060' (P:0 D:0)
[2022.04.16-19.30.22:644][  0]LogWindows: DebugString: PrimaryIsNotTheChoosenAdapter PrimaryIsNotTheChoosenAdapter PrimaryIsNotTheChoosenAdapter FoundDriverCount:4 
[2022.04.16-19.30.22:644][  0]LogD3D11RHI:     Adapter Name: NVIDIA GeForce RTX 2060
[2022.04.16-19.30.22:644][  0]LogD3D11RHI:   Driver Version: 512.15 (internal:30.0.15.1215, unified:512.15)
[2022.04.16-19.30.22:644][  0]LogD3D11RHI:      Driver Date: 3-17-2022
[2022.04.16-19.30.22:644][  0]LogRHI: Texture pool is 4186 MB (70% of 5980 MB)
[2022.04.16-19.30.22:644][  0]LogD3D11RHI: Creating D3DDevice using adapter:
[2022.04.16-19.30.22:644][  0]LogD3D11RHI:     Description : NVIDIA GeForce RTX 2060
[2022.04.16-19.30.22:644][  0]LogD3D11RHI:     VendorId    : 10de
[2022.04.16-19.30.22:644][  0]LogD3D11RHI:     DeviceId    : 1f11
[2022.04.16-19.30.22:644][  0]LogD3D11RHI:     SubSysId    : 129b1462
[2022.04.16-19.30.22:644][  0]LogD3D11RHI:     Revision    : 00a1
[2022.04.16-19.30.22:644][  0]LogD3D11RHI:     DedicatedVideoMemory : 6270484480 bytes
[2022.04.16-19.30.22:644][  0]LogD3D11RHI:     DedicatedSystemMemory : 0 bytes
[2022.04.16-19.30.22:644][  0]LogD3D11RHI:     SharedSystemMemory : 8508551168 bytes
[2022.04.16-19.30.22:644][  0]LogD3D11RHI:     AdapterLuid : 0 62151
[2022.04.16-19.30.22:686][  0]LogD3D11RHI: RHI has support for 64 bit atomics
[2022.04.16-19.30.22:686][  0]LogD3D11RHI: Async texture creation enabled
[2022.04.16-19.30.22:686][  0]LogD3D11RHI: Array index from any shader is supported
[2022.04.16-19.30.22:699][  0]LogD3D11RHI: GPU Timing Frequency: 1000.000000 (Debug: 2 1)
[2022.04.16-19.30.22:734][  0]LogRHI: GeForceNow SDK initialized: 1
[2022.04.16-19.30.22:996][  0]LogTargetPlatformManager: Display: Loaded TargetPlatform 'WindowsNoEditor'
[2022.04.16-19.30.23:000][  0]LogTargetPlatformManager: Display: Loaded TargetPlatform 'Windows'
[2022.04.16-19.30.23:004][  0]LogTargetPlatformManager: Display: Loaded TargetPlatform 'WindowsClient'
[2022.04.16-19.30.23:007][  0]LogTargetPlatformManager: Display: Loaded TargetPlatform 'WindowsServer'
[2022.04.16-19.30.23:007][  0]LogTargetPlatformManager: Display: Building Assets For Windows
[2022.04.16-19.30.23:014][  0]LogAudioDebug: Display: Lib vorbis DLL was dynamically loaded.
[2022.04.16-19.30.23:044][  0]LogTextureFormatOodle: Display: Oodle Texture 2.9.0 init RDO Off
[2022.04.16-19.30.23:073][  0]LogRendererCore: Ray tracing is disabled. Reason: r.RayTracing=0.
[2022.04.16-19.30.23:073][  0]LogShaderCompilers: Guid format shader working directory is -27 characters bigger than the processId version (../../../../../../Users/99gol/Documents/Unreal Projects/Notif_Experiment/Intermediate/Shaders/WorkingDirectory/23224/).
[2022.04.16-19.30.23:073][  0]LogShaderCompilers: Cleaned the shader compiler working directory 'C:/Users/99gol/AppData/Local/Temp/UnrealShaderWorkingDir/92313741482CC14D31CDE3A06B76454F/'.
[2022.04.16-19.30.23:073][  0]LogXGEController: Cannot use XGE Controller as Incredibuild is not installed on this machine.
[2022.04.16-19.30.23:073][  0]LogShaderCompilers: Cannot use XGE Shader Compiler as Incredibuild is not installed on this machine.
[2022.04.16-19.30.23:073][  0]LogShaderCompilers: Display: Using Local Shader Compiler.
[2022.04.16-19.30.23:845][  0]LogDerivedDataCache: Display: Max Cache Size: 512 MB
[2022.04.16-19.30.23:903][  0]LogDerivedDataCache: Loaded boot cache 0.06s 94MB C:/Users/99gol/AppData/Local/UnrealEngine/4.27/DerivedDataCache/Boot.ddc.
[2022.04.16-19.30.23:904][  0]LogDerivedDataCache: Display: Loaded Boot cache: C:/Users/99gol/AppData/Local/UnrealEngine/4.27/DerivedDataCache/Boot.ddc
[2022.04.16-19.30.23:904][  0]LogDerivedDataCache: FDerivedDataBackendGraph:  Pak pak cache file ../../../../../../Users/99gol/Documents/Unreal Projects/Notif_Experiment/DerivedDataCache/DDC.ddp not found, will not use a pak cache.
[2022.04.16-19.30.23:904][  0]LogDerivedDataCache: Unable to find inner node Pak for hierarchical cache Hierarchy.
[2022.04.16-19.30.23:904][  0]LogDerivedDataCache: FDerivedDataBackendGraph:  CompressedPak pak cache file ../../../../../../Users/99gol/Documents/Unreal Projects/Notif_Experiment/DerivedDataCache/Compressed.ddp not found, will not use a pak cache.
[2022.04.16-19.30.23:904][  0]LogDerivedDataCache: Unable to find inner node CompressedPak for hierarchical cache Hierarchy.
[2022.04.16-19.30.23:920][  0]LogDerivedDataCache: Display: Pak cache opened for reading ../../../Engine/DerivedDataCache/Compressed.ddp.
[2022.04.16-19.30.23:920][  0]LogDerivedDataCache: FDerivedDataBackendGraph:  EnterprisePak pak cache file ../../../Enterprise/DerivedDataCache/Compressed.ddp not found, will not use a pak cache.
[2022.04.16-19.30.23:920][  0]LogDerivedDataCache: Unable to find inner node EnterprisePak for hierarchical cache Hierarchy.
[2022.04.16-19.30.23:931][  0]LogDerivedDataCache: Speed tests for C:/Users/99gol/AppData/Local/UnrealEngine/Common/DerivedDataCache took 0.01 seconds
[2022.04.16-19.30.23:931][  0]LogDerivedDataCache: Display: Performance to C:/Users/99gol/AppData/Local/UnrealEngine/Common/DerivedDataCache: Latency=0.03ms. RandomReadSpeed=1299.17MBs, RandomWriteSpeed=92.75MBs. Assigned SpeedClass 'Local'
[2022.04.16-19.30.23:932][  0]LogDerivedDataCache: Using Local data cache path C:/Users/99gol/AppData/Local/UnrealEngine/Common/DerivedDataCache: Writable
[2022.04.16-19.30.23:932][  0]LogDerivedDataCache: Shared data cache path not found in *engine.ini, will not use an Shared cache.
[2022.04.16-19.30.23:932][  0]LogDerivedDataCache: Unable to find inner node Shared for hierarchical cache Hierarchy.
[2022.04.16-19.30.23:971][  0]LogSlate: Using FreeType 2.10.0
[2022.04.16-19.30.23:971][  0]LogSlate: SlateFontServices - WITH_FREETYPE: 1, WITH_HARFBUZZ: 1
[2022.04.16-19.30.24:085][  0]LogInit: Using OS detected language (en-US).
[2022.04.16-19.30.24:085][  0]LogInit: Using OS detected locale (en-US).
[2022.04.16-19.30.24:085][  0]LogTextLocalizationManager: No localization for 'en-US' exists, so 'en' will be used for the language.
[2022.04.16-19.30.24:085][  0]LogTextLocalizationManager: No localization for 'en-US' exists, so 'en' will be used for the locale.
[2022.04.16-19.30.24:085][  0]LogSlate: FontCache flush requested. Reason: Culture for localization was changed
[2022.04.16-19.30.24:085][  0]LogSlate: FontCache flush requested. Reason: Culture for localization was changed
[2022.04.16-19.30.24:088][  0]LogTextLocalizationManager: Compacting localization data took   0.00ms
[2022.04.16-19.30.24:088][  0]LogAssetRegistry: FAssetRegistry took 0.0024 seconds to start up
[2022.04.16-19.30.24:243][  0]LogPackageLocalizationCache: Processed 27 localized package path(s) for 1 prioritized culture(s) in 0.000874 seconds
[2022.04.16-19.30.24:308][  0]LogInit: Selected Device Profile: [Windows]
[2022.04.16-19.30.24:308][  0]LogInit: Active device profile: [0000020B8113B300][0000020BFA3699C0 49] Windows
[2022.04.16-19.30.24:308][  0]LogInit: Profiles: [0000020B8113B300][0000020BFA3699C0 49] Windows, [0000020B810ECF00][0000020BFA36DB00 49] WindowsNoEditor, [0000020B81138F00][0000020BFA374100 49] WindowsServer, [0000020B810EEA00][0000020BF9F4A280 49] WindowsClient, [0000020B8113A900][0000020BF9F4E400 49] IOS, [0000020B810ED900][0000020BF9F52580 49] iPadAir, [0000020B81139800][0000020BF9F56700 49] iPadAir2, [0000020B81097800][0000020BF9F5E9C0 49] IPadPro, [0000020B81097900][0000020BF9F5AA00 49] iPadAir3, [0000020B8113A200][0000020BF9F62B80 49] iPadAir4, [0000020B81095400][0000020BF9F66D00 49] iPadMini2, [0000020B8113BC00][0000020BF9F6AE80 49] iPadMini3, [0000020B81096400][0000020BF9F6F000 49] iPadMini4, [0000020B81139100][0000020BF9F73180 49] iPadMini5, [0000020B810DF100][0000020BF9F7B440 49] iPhone6, [0000020B810DF200][0000020BF9F77480 49] iPodTouch6, [0000020B81094600][0000020BF9F83740 49] iPhone7, [0000020B81094400][0000020BF9F7F780 49] iPodTouch7, [0000020B810DD300][0000020BFA3718C0 49] iPhone5S, [0000020B81094D00][0000020BF9F87A00 49] iPhone6Plus, [0000020B810DE500][0000020BF9F8BB40 49] iPhone6S, [0000020B81097D00][0000020BF9F8E100 49] iPhone6SPlus, [0000020B810DFA00][0000020BF6BC2280 49] iPhone7Plus, [0000020B81095900][0000020BF6BC6400 49] iPhoneSE, [0000020B810DC900][0000020BF6BCA580 49] iPhone8, [0000020B81096600][0000020BF6BCE700 49] iPhone8Plus, [0000020B810DE300][0000020BF6BD2880 49] iPhoneX, [0000020B81096D00][0000020BF6BD6A00 49] iPhoneXS, [0000020B810DFB00][0000020BF6BDAB80 49] iPhoneXSMax, [0000020B81096A00][0000020BF6BDED00 49] iPhoneXR, [0000020B810DF700][0000020BF6BE2E80 49] iPhone11, [0000020B81097000][0000020BF6BE7000 49] iPhone11Pro, [0000020B810DD500][0000020BF6BEB180 49] iPhone11ProMax, [0000020B81094200][0000020BF6BEF300 49] iPhoneSE2, [0000020B810DCE00][0000020BF6BF3480 49] iPhone12Mini, [0000020B81096100][0000020BF6BF7600 49] iPhone12, [0000020B810DF600][0000020BF6BFB780 49] iPhone12Pro, [0000020B81096E00][0000020BF6BFF900 49] iPhone12ProMax, [0000020B810DCA00][0000020BF6C03A80 49] iPadPro105, [0000020B81095300][0000020BF9F93BC0 49] iPadPro129, [0000020B810DD100][0000020BF6C06180 49] iPadPro97, [0000020B81097500][0000020BF6C0A2C0 49] iPadPro2_129, [0000020B810DEC00][0000020BF6C12440 49] iPad5, [0000020B81094900][0000020BF6C165C0 49] iPad6, [0000020B810DD800][0000020BF6C1A740 49] iPad7, [0000020B81095C00][0000020BF6C1E8C0 49] iPad8, [0000020B810DDC00][0000020BF6C22A40 49] iPadPro11, [0000020B81094B00][0000020BF6C26BC0 49] iPadPro2_11, [0000020B810DE100][0000020BF6C2AD40 49] iPadPro3_129, [0000020B81096000][0000020BF6C2EEC0 49] iPadPro4_129, [0000020B810DE800][0000020BF6C33040 49] AppleTV, [0000020B81094C00][0000020BF6C371C0 49] AppleTV4K, [0000020B810DEF00][0000020BF6C3B340 49] TVOS, [0000020B81094E00][0000020BF6C3F4C0 49] Mac, [0000020B810DFC00][0000020BF6C43640 49] MacClient, [0000020B81097100][0000020BF6C477C0 49] MacNoEditor, [0000020B810DFD00][0000020BF6C4B940 49] MacServer, [0000020B81094300][0000020BF6C4FAC0 49] Linux, [0000020B81178300][0000020BF6C520C0 49] LinuxAArch64, [0000020B810EDB00][0000020BF6C0E200 49] LinuxNoEditor, [0000020B8117A500][0000020BF6C56340 49] LinuxAArch64NoEditor, [0000020B810EE500][0000020BF6C5A480 49] LinuxClient, [0000020B81178D00][0000020BF6C5E5C0 49] LinuxAArch64Client, [0000020B810EC900][0000020BF6C66740 49] LinuxServer, [0000020B81179200][0000020BF6C6A8C0 49] LinuxAArch64Server, [0000020B810ECB00][0000020BF6C6EA40 49] Android, [0000020B81178A00][0000020BF6C72BC0 49] Android_Low, [0000020B810EF200][0000020BF6C76D40 49] Android_Mid, [0000020B8117A300][0000020BF6C7AEC0 49] Android_High, [0000020B810ED300][0000020BF6C7F040 49] Android_Default, [0000020B81179900][0000020BF6C831C0 49] Android_Adreno4xx, [0000020B810EFF00][0000020BF6C87340 49] Android_Adreno5xx_Low, [0000020B81095E00][0000020BF6C8B4C0 49] Android_Adreno5xx, [0000020B810DF900][0000020BF6C8F640 49] Android_Adreno6xx, [0000020B81096C00][0000020BF6C937C0 49] Android_Adreno6xx_Vulkan, [0000020B810DFF00][0000020BF6C97940 49] Android_Mali_T6xx, [0000020B81096800][0000020BF6C9BAC0 49] Android_Mali_T7xx, [0000020B810DC500][0000020BF6C9E0C0 49] Android_Mali_T8xx, [0000020B81094F00][0000020BF6CA2240 49] Android_Mali_G71, [0000020B810DF800][0000020BF6C62380 49] Android_Mali_G72, [0000020B81095200][0000020BF6CA64C0 49] Android_Mali_G72_Vulkan, [0000020B810DD000][0000020BF6CAA600 49] Android_Mali_G76, [0000020B810EC200][0000020BF6CAE740 49] Android_Mali_G76_Vulkan, [0000020B81179A00][0000020BF6CB68C0 49] Android_Mali_G77, [0000020B81097F00][0000020BF6CBAA40 49] Android_Mali_G77_Vulkan, [0000020B81178700][0000020BF6CBEBC0 49] Android_Mali_G78, [0000020B81097300][0000020BF6CC2D40 49] Android_Mali_G78_Vulkan, [0000020B81179000][0000020BF6CC6EC0 49] Android_Mali_G710, [0000020B81096500][0000020BF6CCB040 49] Android_Mali_G710_Vulkan, [0000020B81178200][0000020BF6CCF1C0 49] Android_Vulkan_SM5, [0000020B81097600][0000020BF6CD3340 49] Android_PowerVR_G6xxx, [0000020B81178800][0000020BF6CD74C0 49] Android_PowerVR_GT7xxx, [0000020B81097B00][0000020BF6CDB640 49] Android_PowerVR_GE8xxx, [0000020B81179700][0000020BF6CDF7C0 49] Android_PowerVR_GM9xxx, [0000020B81095F00][0000020BF6CE3940 49] Android_PowerVR_GM9xxx_Vulkan, [0000020B81179F00][0000020BF6CE7AC0 49] Android_TegraK1, [0000020B81095000][0000020BF6CEA0C0 49] Android_Unknown_Vulkan, [0000020B81178E00][0000020BF9F96240 49] Lumin, [0000020B81095500][0000020BF9F9A3C0 49] Lumin_Desktop, [0000020B81178C00][0000020BF9F9E540 49] HoloLens, 
[2022.04.16-19.30.24:345][  0]LogMeshReduction: Using QuadricMeshReduction for automatic static mesh reduction
[2022.04.16-19.30.24:346][  0]LogMeshReduction: Using SimplygonMeshReduction for automatic skeletal mesh reduction
[2022.04.16-19.30.24:346][  0]LogMeshReduction: Using ProxyLODMeshReduction for automatic mesh merging
[2022.04.16-19.30.24:346][  0]LogMeshReduction: No distributed automatic mesh merging module available
[2022.04.16-19.30.24:346][  0]LogMeshMerging: No distributed automatic mesh merging module available
[2022.04.16-19.30.24:445][  0]LogNetVersion: Notif_Experiment 1.0.0, NetCL: 17155196, EngineNetVer: 17, GameNetVer: 0 (Checksum: 1091822903)
[2022.04.16-19.30.24:645][  0]LogTexture: Default maximum texture size for cubemaps generated from long-lat sources has been changed from 512 to unlimited. In order to preserve old behaiour for '/Engine/MapTemplates/Sky/DaylightAmbientCubemap.DaylightAmbientCubemap', its maximum texture size has been explicitly set to 512.
[2022.04.16-19.30.24:686][  0]LogHMD: PokeAHoleMaterial loaded successfully
[2022.04.16-19.30.24:783][  0]LogMoviePlayer: Initializing movie player
[2022.04.16-19.30.24:897][  0]LogNiagaraDebuggerClient: Niagara Debugger Client Initialized | Session: F9DEF6A140B9B9CE16FE21A38176AED2 | Instance: FA775C5442DDA8279A8CD5B96FCF3DE6 (REVAN-23224).
[2022.04.16-19.30.24:915][  0]LogCollectionManager: Loaded 0 collections in 0.001223 seconds
[2022.04.16-19.30.24:916][  0]LogFileCache: Scanning file cache for directory 'C:/Users/99gol/Documents/Unreal Projects/Notif_Experiment/Saved/Collections/' took 0.00s
[2022.04.16-19.30.24:916][  0]LogFileCache: Scanning file cache for directory 'C:/Users/99gol/Documents/Unreal Projects/Notif_Experiment/Content/Developers/99gol/Collections/' took 0.00s
[2022.04.16-19.30.24:916][  0]LogCollectionManager: Fixed up redirectors for 0 collections in 0.000001 seconds (updated 0 objects)
[2022.04.16-19.30.25:013][  0]LogFileCache: Scanning file cache for directory 'C:/Users/99gol/Documents/Unreal Projects/Notif_Experiment/Content/Collections/' took 0.00s
[2022.04.16-19.30.25:013][  0]LogPython: Using Python 3.7.7
[2022.04.16-19.30.25:430][  0]LogTcpMessaging: Initializing TcpMessaging bridge
[2022.04.16-19.30.25:434][  0]LogUdpMessaging: Initializing bridge on interface 0.0.0.0:0 to multicast group 230.0.0.1:6666.
[2022.04.16-19.30.25:547][  0]SourceControl: Source control is disabled
[2022.04.16-19.30.25:547][  0]SourceControl: Source control is disabled
[2022.04.16-19.30.25:550][  0]SourceControl: Source control is disabled
[2022.04.16-19.30.25:555][  0]LogUProjectInfo: Found projects:
[2022.04.16-19.30.25:562][  0]LogVSAccessor: Display: Unable to create Visual Studio setup instance: 80040154
[2022.04.16-19.30.25:562][  0]LogVSAccessor: Display: Unable to create Visual Studio setup instance: 80040154
[2022.04.16-19.30.25:562][  0]LogVSAccessor: Display: Unable to create Visual Studio setup instance: 80040154
[2022.04.16-19.30.25:652][  0]LogOpenImageDenoise: OIDN starting up
[2022.04.16-19.30.25:658][  0]LogAndroidPermission: UAndroidPermissionCallbackProxy::GetInstance
[2022.04.16-19.30.25:677][  0]LogAudioCaptureCore: Display: No Audio Capture implementations found. Audio input will be silent.
[2022.04.16-19.30.25:677][  0]LogAudioCaptureCore: Display: No Audio Capture implementations found. Audio input will be silent.
[2022.04.16-19.30.25:738][  0]LogOcInput: OculusInput pre-init called
[2022.04.16-19.30.25:745][  0]LogUObjectArray: 22514 objects as part of root set at end of initial load.
[2022.04.16-19.30.25:745][  0]LogUObjectAllocator: 6084128 out of 0 bytes used by permanent object pool.
[2022.04.16-19.30.25:745][  0]LogUObjectArray: CloseDisregardForGC: 0/0 objects in disregard for GC pool
[2022.04.16-19.30.25:787][  0]LogClass: Warning: StructProperty FLevelStreamInstanceInfo::Location is not initialized properly even though its struct probably has a custom default constructor. Module:VictoryBPLibrary File:Public/VictoryBPFunctionLibrary.h
[2022.04.16-19.30.25:787][  0]LogClass: Warning: StructProperty FLevelStreamInstanceInfo::Rotation is not initialized properly even though its struct probably has a custom default constructor. Module:VictoryBPLibrary File:Public/VictoryBPFunctionLibrary.h
[2022.04.16-19.30.25:787][  0]LogClass: Warning: BoolProperty FLevelStreamInstanceInfo::bShouldBeLoaded is not initialized properly even though its struct probably has a custom default constructor. Module:VictoryBPLibrary File:Public/VictoryBPFunctionLibrary.h
[2022.04.16-19.30.25:787][  0]LogClass: Warning: BoolProperty FLevelStreamInstanceInfo::bShouldBeVisible is not initialized properly even though its struct probably has a custom default constructor. Module:VictoryBPLibrary File:Public/VictoryBPFunctionLibrary.h
[2022.04.16-19.30.25:787][  0]LogClass: Warning: BoolProperty FLevelStreamInstanceInfo::bShouldBlockOnLoad is not initialized properly even though its struct probably has a custom default constructor. Module:VictoryBPLibrary File:Public/VictoryBPFunctionLibrary.h
[2022.04.16-19.30.25:787][  0]LogClass: Warning: IntProperty FLevelStreamInstanceInfo::LODIndex is not initialized properly even though its struct probably has a custom default constructor. Module:VictoryBPLibrary File:Public/VictoryBPFunctionLibrary.h
[2022.04.16-19.30.25:787][  0]LogClass: Warning: BoolProperty FVictoryInput::bShift is not initialized properly even though its struct probably has a custom default constructor. Module:VictoryBPLibrary File:Public/VictoryBPFunctionLibrary.h
[2022.04.16-19.30.25:787][  0]LogClass: Warning: BoolProperty FVictoryInput::bCtrl is not initialized properly even though its struct probably has a custom default constructor. Module:VictoryBPLibrary File:Public/VictoryBPFunctionLibrary.h
[2022.04.16-19.30.25:787][  0]LogClass: Warning: BoolProperty FVictoryInput::bAlt is not initialized properly even though its struct probably has a custom default constructor. Module:VictoryBPLibrary File:Public/VictoryBPFunctionLibrary.h
[2022.04.16-19.30.25:787][  0]LogClass: Warning: BoolProperty FVictoryInput::bCmd is not initialized properly even though its struct probably has a custom default constructor. Module:VictoryBPLibrary File:Public/VictoryBPFunctionLibrary.h
[2022.04.16-19.30.25:787][  0]LogClass: Display: 10 Uninitialized script struct members found including 0 object properties
[2022.04.16-19.30.25:788][  0]LogAutomationTest: Warning: StructProperty FLevelStreamInstanceInfo::Location is not initialized properly even though its struct probably has a custom default constructor. Module:VictoryBPLibrary File:Public/VictoryBPFunctionLibrary.h
[2022.04.16-19.30.25:788][  0]LogAutomationTest: Warning: StructProperty FLevelStreamInstanceInfo::Rotation is not initialized properly even though its struct probably has a custom default constructor. Module:VictoryBPLibrary File:Public/VictoryBPFunctionLibrary.h
[2022.04.16-19.30.25:788][  0]LogAutomationTest: Warning: BoolProperty FLevelStreamInstanceInfo::bShouldBeLoaded is not initialized properly even though its struct probably has a custom default constructor. Module:VictoryBPLibrary File:Public/VictoryBPFunctionLibrary.h
[2022.04.16-19.30.25:788][  0]LogAutomationTest: Warning: BoolProperty FLevelStreamInstanceInfo::bShouldBeVisible is not initialized properly even though its struct probably has a custom default constructor. Module:VictoryBPLibrary File:Public/VictoryBPFunctionLibrary.h
[2022.04.16-19.30.25:788][  0]LogAutomationTest: Warning: BoolProperty FLevelStreamInstanceInfo::bShouldBlockOnLoad is not initialized properly even though its struct probably has a custom default constructor. Module:VictoryBPLibrary File:Public/VictoryBPFunctionLibrary.h
[2022.04.16-19.30.25:788][  0]LogAutomationTest: Warning: IntProperty FLevelStreamInstanceInfo::LODIndex is not initialized properly even though its struct probably has a custom default constructor. Module:VictoryBPLibrary File:Public/VictoryBPFunctionLibrary.h
[2022.04.16-19.30.25:788][  0]LogAutomationTest: Warning: BoolProperty FVictoryInput::bShift is not initialized properly even though its struct probably has a custom default constructor. Module:VictoryBPLibrary File:Public/VictoryBPFunctionLibrary.h
[2022.04.16-19.30.25:788][  0]LogAutomationTest: Warning: BoolProperty FVictoryInput::bCtrl is not initialized properly even though its struct probably has a custom default constructor. Module:VictoryBPLibrary File:Public/VictoryBPFunctionLibrary.h
[2022.04.16-19.30.25:788][  0]LogAutomationTest: Warning: BoolProperty FVictoryInput::bAlt is not initialized properly even though its struct probably has a custom default constructor. Module:VictoryBPLibrary File:Public/VictoryBPFunctionLibrary.h
[2022.04.16-19.30.25:788][  0]LogAutomationTest: Warning: BoolProperty FVictoryInput::bCmd is not initialized properly even though its struct probably has a custom default constructor. Module:VictoryBPLibrary File:Public/VictoryBPFunctionLibrary.h
[2022.04.16-19.30.25:788][  0]LogEngine: Initializing Engine...
[2022.04.16-19.30.25:790][  0]LogHMD: Failed to enumerate extensions. Please check that you have a valid OpenXR runtime installed.
[2022.04.16-19.30.25:790][  0]LogHMD: Failed to initialize OpenVR with code 110
[2022.04.16-19.30.25:790][  0]LogMagicLeap: Warning: VR disabled because ZI is not enabled.  To enable, in the editor, Edit -> Project Settings -> Plugins -> Magic Leap Plugin -> Enable Zero Iteration
[2022.04.16-19.30.25:792][  0]LogStats: UGameplayTagsManager::InitializeManager -  0.000 s
[2022.04.16-19.30.25:873][  0]LogInit: Initializing FReadOnlyCVARCache
[2022.04.16-19.30.25:873][  0]LogAudio: Display: Initializing Audio Device Manager...
[2022.04.16-19.30.25:876][  0]LogAudio: Display: Loading Default Audio Settings Objects...
[2022.04.16-19.30.25:877][  0]LogAudio: Display: No default SoundConcurrencyObject specified (or failed to load).
[2022.04.16-19.30.25:877][  0]LogAudio: Display: Audio Device Manager Initialized
[2022.04.16-19.30.25:877][  0]LogAudio: Display: Creating Audio Device:                 Id: 1, Scope: Shared, Realtime: True
[2022.04.16-19.30.25:877][  0]LogAudioMixer: Display: Audio Mixer Platform Settings:
[2022.04.16-19.30.25:877][  0]LogAudioMixer: Display: 	Sample Rate:						  48000
[2022.04.16-19.30.25:877][  0]LogAudioMixer: Display: 	Callback Buffer Frame Size Requested: 1024
[2022.04.16-19.30.25:877][  0]LogAudioMixer: Display: 	Callback Buffer Frame Size To Use:	  1024
[2022.04.16-19.30.25:877][  0]LogAudioMixer: Display: 	Number of buffers to queue:			  2
[2022.04.16-19.30.25:877][  0]LogAudioMixer: Display: 	Max Channels (voices):				  32
[2022.04.16-19.30.25:877][  0]LogAudioMixer: Display: 	Number of Async Source Workers:		  0
[2022.04.16-19.30.25:877][  0]LogAudio: Display: AudioDevice MaxSources: 32
[2022.04.16-19.30.25:878][  0]LogAudio: Display: Audio Spatialization Plugin: None (built-in).
[2022.04.16-19.30.25:878][  0]LogAudio: Display: Audio Reverb Plugin: None (built-in).
[2022.04.16-19.30.25:878][  0]LogAudio: Display: Audio Occlusion Plugin: None (built-in).
[2022.04.16-19.30.25:878][  0]LogAudioMixer: Display: Initializing audio mixer.
[2022.04.16-19.30.25:925][  0]LogAudioMixer: Display: 0: FrontLeft
[2022.04.16-19.30.25:925][  0]LogAudioMixer: Display: 1: FrontRight
[2022.04.16-19.30.26:007][  0]LogAudioMixer: Display: Using Audio Device Speakers (Realtek(R) Audio)
[2022.04.16-19.30.26:012][  0]LogAudioMixer: Display: Initializing Sound Submixes...
[2022.04.16-19.30.26:013][  0]LogAudioMixer: Display: Creating Master Submix 'MasterSubmixDefault'
[2022.04.16-19.30.26:013][  0]LogAudioMixer: Display: Creating Master Submix 'MasterReverbSubmixDefault'
[2022.04.16-19.30.26:014][  0]LogAudioMixer: Display: Creating Master Submix 'MasterEQSubmixDefault'
[2022.04.16-19.30.26:014][  0]LogAudioMixer: FMixerPlatformXAudio2::StartAudioStream() called
[2022.04.16-19.30.26:014][  0]LogAudioMixer: Display: Output buffers initialized: Frames=1024, Channels=2, Samples=2048
[2022.04.16-19.30.26:015][  0]LogAudioMixer: Display: Starting AudioMixerPlatformInterface::RunInternal()
[2022.04.16-19.30.26:015][  0]LogAudioMixer: Display: FMixerPlatformXAudio2::SubmitBuffer() called for the first time
[2022.04.16-19.30.26:015][  0]LogInit: FAudioDevice initialized.
[2022.04.16-19.30.26:016][  0]LogNetVersion: Set ProjectVersion to 1.0.0.0. Version Checksum will be recalculated on next use.
[2022.04.16-19.30.26:017][  0]LogInit: Texture streaming: Enabled
[2022.04.16-19.30.26:184][  0]LogPackageName: SearchForPackageOnDisk took   0.096s to resolve MainMenu.umap.
[2022.04.16-19.30.26:185][  0]LogAudio: Display: Audio Device (ID: 1) registered with world 'Untitled'.
[2022.04.16-19.30.26:185][  0]LogSlate: Updating window title bar state: overlay mode, drag disabled, window buttons hidden, title bar hidden
[2022.04.16-19.30.26:186][  0]LogInit: Display: Game Engine Initialized.
[2022.04.16-19.30.26:186][  0]LogNiagaraEditor: GEditor isn't valid! Particle reset commands will not work for Niagara components!
[2022.04.16-19.30.26:298][  0]LogInit: Display: Starting Game.
[2022.04.16-19.30.26:298][  0]LogNet: Browse: /Game/NotificationExperiment/Maps/Maze1?Name=Player
[2022.04.16-19.30.26:298][  0]LogLoad: LoadMap: /Game/NotificationExperiment/Maps/Maze1?Name=Player
[2022.04.16-19.30.26:298][  0]LogWorld: BeginTearingDown for /Temp/Untitled_0
[2022.04.16-19.30.26:299][  0]LogWorld: UWorld::CleanupWorld for Untitled, bSessionEnded=true, bCleanupResources=true
[2022.04.16-19.30.26:299][  0]LogSlate: InvalidateAllWidgets triggered.  All widgets were invalidated
[2022.04.16-19.30.26:305][  0]LogAudio: Display: Audio Device unregistered from world 'None'.
[2022.04.16-19.30.26:307][  0]LogUObjectHash: Compacting FUObjectHashTables data took   0.73ms
[2022.04.16-19.30.26:702][  0]LogAudio: Display: Audio Device (ID: 1) registered with world 'Maze1'.
[2022.04.16-19.30.26:709][  0]LogAIModule: Creating AISystem for world Maze1
[2022.04.16-19.30.26:710][  0]LogLoad: Game class is 'ThirdPersonGameMode_C'
[2022.04.16-19.30.26:725][  0]LogWorld: Bringing World /Game/NotificationExperiment/Maps/Maze1.Maze1 up for play (max tick rate 0) at 2022.04.16-13.30.26
[2022.04.16-19.30.26:725][  0]LogWorld: Bringing up level for play took: 0.014614
[2022.04.16-19.30.26:729][  0]LogLoad: Took 0.431808 seconds to LoadMap(/Game/NotificationExperiment/Maps/Maze1)
[2022.04.16-19.30.26:761][  0]LogSlate: Took 0.000147 seconds to synchronously load lazily loaded font '../../../Engine/Content/Slate/Fonts/Roboto-Regular.ttf' (155K)
[2022.04.16-19.30.26:782][  0]LogRenderer: Reallocating scene render targets to support 1280x720 Format 10 NumSamples 1 (Frame:1).
[2022.04.16-19.30.26:782][  0]LogInit: Display: Engine is initialized. Leaving FEngineLoop::Init()
[2022.04.16-19.30.26:782][  0]LogLoad: (Engine Initialization) Total time: 5.70 seconds
[2022.04.16-19.30.26:782][  0]LogLoad: (Engine Initialization) Total Blueprint compile time: 0.00 seconds
[2022.04.16-19.30.26:908][  0]LogSlate: Window 'Notif_Experiment (64-bit Development PCD3D_SM5) ' being destroyed
[2022.04.16-19.30.26:908][  0]LogWindowsTextInputMethodSystem: Display: IME system deactivated.
[2022.04.16-19.30.26:914][  0]LogWindowsTextInputMethodSystem: Display: IME system deactivated.
[2022.04.16-19.30.26:916][  0]LogSlate: Updating window title bar state: overlay mode, drag disabled, window buttons hidden, title bar hidden
[2022.04.16-19.30.26:916][  0]LogEngine: All Windows Closed
[2022.04.16-19.30.26:916][  0]LogWindows: FPlatformMisc::RequestExit(0)
[2022.04.16-19.30.26:916][  0]LogWindows: FPlatformMisc::RequestExitWithStatus(0, 0)
[2022.04.16-19.30.26:916][  0]LogCore: Engine exit requested (reason: Win RequestExit)
[2022.04.16-19.30.26:917][  0]LogSlate: InvalidateAllWidgets triggered.  All widgets were invalidated
[2022.04.16-19.30.26:920][  1]LogCore: Engine exit requested (reason: EngineExit() was called; note: exit was already requested)
[2022.04.16-19.30.26:920][  1]LogInit: Display: PreExit Game.
[2022.04.16-19.30.26:960][  1]LogWorld: BeginTearingDown for /Game/NotificationExperiment/Maps/Maze1
[2022.04.16-19.30.26:960][  1]LogWorld: UWorld::CleanupWorld for Maze1, bSessionEnded=true, bCleanupResources=true
[2022.04.16-19.30.26:963][  1]LogSlate: InvalidateAllWidgets triggered.  All widgets were invalidated
[2022.04.16-19.30.27:793][  1]LogAudio: Display: Beginning Audio Device Manager Shutdown (Module: AudioMixerXAudio2)...
[2022.04.16-19.30.27:793][  1]LogAudio: Display: Destroying 1 Remaining Audio Device(s)...
[2022.04.16-19.30.27:793][  1]LogAudio: Display: Audio Device unregistered from world 'Maze1'.
[2022.04.16-19.30.27:831][  1]LogAudioMixer: FMixerPlatformXAudio2::StopAudioStream() called
[2022.04.16-19.30.27:832][  1]LogAudioMixer: FMixerPlatformXAudio2::StopAudioStream() called
[2022.04.16-19.30.27:847][  1]LogAudio: Display: Audio Device Manager Shutdown
[2022.04.16-19.30.27:852][  1]LogExit: Preparing to exit.
[2022.04.16-19.30.28:445][  1]LogSlate: Updating window title bar state: overlay mode, drag disabled, window buttons hidden, title bar hidden
[2022.04.16-19.30.28:447][  1]LogUObjectHash: Compacting FUObjectHashTables data took   0.89ms
