Log file open, 05/02/22 16:55:03
LogWindows: Failed to load 'aqProf.dll' (GetLastError=126)
LogWindows: File 'aqProf.dll' does not exist
LogWindows: Failed to load 'VtuneApi.dll' (GetLastError=126)
LogWindows: File 'VtuneApi.dll' does not exist
LogWindows: Failed to load 'VtuneApi32e.dll' (GetLastError=126)
LogWindows: File 'VtuneApi32e.dll' does not exist
LogConsoleResponse: Display: Failed to find resolution value strings in scalability ini. Falling back to default.
LogConsoleResponse: Display: Failed to find resolution value strings in scalability ini. Falling back to default.
LogInit: Display: Running engine for game: Notif_Experiment
LogPlatformFile: Not using cached read wrapper
LogTaskGraph: Started task graph with 5 named threads and 35 total threads with 3 sets of task threads.
LogStats: Stats thread started at 0.222483
LogICUInternationalization: ICU TimeZone Detection - Raw Offset: -7:00, Platform Override: ''
LogInit: Display: Loading text-based GConfig....
LogPluginManager: Mounting plugin MeshPainting
LogPluginManager: Mounting plugin XGEController
LogPluginManager: Mounting plugin Paper2D
LogPluginManager: Mounting plugin LiveLink
LogPluginManager: Mounting plugin AISupport
LogPluginManager: Mounting plugin EnvironmentQueryEditor
LogPluginManager: Mounting plugin LightPropagationVolume
LogPluginManager: Mounting plugin CameraShakePreviewer
LogPluginManager: Mounting plugin GameplayCameras
LogPluginManager: Mounting plugin OodleData
LogPluginManager: Mounting plugin AnimationSharing
LogPluginManager: Mounting plugin CLionSourceCodeAccess
LogPluginManager: Mounting plugin CodeLiteSourceCodeAccess
LogPluginManager: Mounting plugin GitSourceControl
LogPluginManager: Mounting plugin KDevelopSourceCodeAccess
LogPluginManager: Mounting plugin NullSourceCodeAccess
LogPluginManager: Mounting plugin PerforceSourceControl
LogPluginManager: Mounting plugin PixWinPlugin
LogPluginManager: Mounting plugin PluginUtils
LogPluginManager: Mounting plugin PropertyAccessNode
LogPluginManager: Mounting plugin PlasticSourceControl
LogPluginManager: Mounting plugin RiderSourceCodeAccess
LogPluginManager: Mounting plugin SubversionSourceControl
LogPluginManager: Mounting plugin TextureFormatOodle
LogPluginManager: Mounting plugin UObjectPlugin
LogPluginManager: Mounting plugin VisualStudioCodeSourceCodeAccess
LogPluginManager: Mounting plugin VisualStudioSourceCodeAccess
LogPluginManager: Mounting plugin XCodeSourceCodeAccess
LogPluginManager: Mounting plugin DatasmithContent
LogPluginManager: Mounting plugin VariantManagerContent
LogPluginManager: Mounting plugin AssetManagerEditor
LogPluginManager: Mounting plugin CryptoKeys
LogPluginManager: Mounting plugin CurveEditorTools
LogPluginManager: Mounting plugin DataValidation
LogPluginManager: Mounting plugin FacialAnimation
LogPluginManager: Mounting plugin GameplayTagsEditor
LogPluginManager: Mounting plugin GeometryMode
LogPluginManager: Mounting plugin MacGraphicsSwitching
LogPluginManager: Mounting plugin MaterialAnalyzer
LogPluginManager: Mounting plugin MobileLauncherProfileWizard
LogPluginManager: Mounting plugin PluginBrowser
LogPluginManager: Mounting plugin SpeedTreeImporter
LogPluginManager: Mounting plugin Niagara
LogPluginManager: Mounting plugin LuminPlatformFeatures
LogPluginManager: Mounting plugin MagicLeap
LogPluginManager: Mounting plugin MagicLeapLightEstimation
LogPluginManager: Mounting plugin MagicLeapMedia
LogPluginManager: Mounting plugin MagicLeapPassableWorld
LogPluginManager: Mounting plugin MLSDK
LogPluginManager: Mounting plugin AndroidMedia
LogPluginManager: Mounting plugin AvfMedia
LogPluginManager: Mounting plugin ImgMedia
LogPluginManager: Mounting plugin MediaCompositing
LogPluginManager: Mounting plugin MediaPlayerEditor
LogPluginManager: Mounting plugin WebMMedia
LogPluginManager: Mounting plugin WmfMedia
LogPluginManager: Mounting plugin AlembicImporter
LogPluginManager: Mounting plugin AutomationUtils
LogPluginManager: Mounting plugin BackChannel
LogPluginManager: Mounting plugin ChaosCloth
LogPluginManager: Mounting plugin ChaosClothEditor
LogPluginManager: Mounting plugin ChaosEditor
LogPluginManager: Mounting plugin ChaosNiagara
LogPluginManager: Mounting plugin ChaosSolverPlugin
LogPluginManager: Mounting plugin CharacterAI
LogPluginManager: Mounting plugin GeometryCache
LogPluginManager: Mounting plugin GeometryCollectionPlugin
LogPluginManager: Mounting plugin TcpMessaging
LogPluginManager: Mounting plugin UdpMessaging
LogPluginManager: Mounting plugin GeometryProcessing
LogPluginManager: Mounting plugin MotoSynth
LogPluginManager: Mounting plugin OpenImageDenoise
LogPluginManager: Mounting plugin PlanarCut
LogPluginManager: Mounting plugin PlatformCrypto
LogPluginManager: Mounting plugin ProxyLODPlugin
LogPluginManager: Mounting plugin PythonScriptPlugin
LogPluginManager: Mounting plugin SkeletalReduction
LogPluginManager: Mounting plugin ActorSequence
LogPluginManager: Mounting plugin LevelSequenceEditor
LogPluginManager: Mounting plugin MatineeToLevelSequence
LogPluginManager: Mounting plugin TemplateSequence
LogPluginManager: Mounting plugin LauncherChunkInstaller
LogPluginManager: Mounting plugin OnlineSubsystem
LogPluginManager: Mounting plugin OnlineSubsystemNull
LogPluginManager: Mounting plugin OnlineSubsystemUtils
LogPluginManager: Mounting plugin ScreenshotTools
LogPluginManager: Mounting plugin ActorLayerUtilities
LogPluginManager: Mounting plugin AndroidDeviceProfileSelector
LogPluginManager: Mounting plugin AndroidPermission
LogPluginManager: Mounting plugin AndroidMoviePlayer
LogPluginManager: Mounting plugin AppleImageUtils
LogPluginManager: Mounting plugin AppleMoviePlayer
LogPluginManager: Mounting plugin ArchVisCharacter
LogPluginManager: Mounting plugin AudioCapture
LogPluginManager: Mounting plugin AssetTags
LogPluginManager: Mounting plugin AudioSynesthesia
LogPluginManager: Mounting plugin CableComponent
LogPluginManager: Mounting plugin ChunkDownloader
LogPluginManager: Mounting plugin CustomMeshComponent
LogPluginManager: Mounting plugin EditableMesh
LogPluginManager: Mounting plugin ExampleDeviceProfileSelector
LogPluginManager: Mounting plugin GoogleCloudMessaging
LogPluginManager: Mounting plugin GooglePAD
LogPluginManager: Mounting plugin IOSDeviceProfileSelector
LogPluginManager: Mounting plugin LinuxDeviceProfileSelector
LogPluginManager: Mounting plugin LocationServicesBPLibrary
LogPluginManager: Mounting plugin MobilePatchingUtils
LogPluginManager: Mounting plugin OpenXR
LogPluginManager: Mounting plugin OpenXREyeTracker
LogPluginManager: Mounting plugin OpenXRHandTracking
LogPluginManager: Mounting plugin PhysXVehicles
LogPluginManager: Mounting plugin PostSplashScreen
LogPluginManager: Mounting plugin ProceduralMeshComponent
LogPluginManager: Mounting plugin PropertyAccessEditor
LogPluginManager: Mounting plugin Takes
LogPluginManager: Mounting plugin RuntimePhysXCooking
LogPluginManager: Mounting plugin SignificanceManager
LogPluginManager: Mounting plugin SoundFields
LogPluginManager: Mounting plugin Synthesis
LogPluginManager: Mounting plugin WebMMoviePlayer
LogPluginManager: Mounting plugin WindowsMoviePlayer
LogPluginManager: Mounting plugin OodleNetwork
LogPluginManager: Mounting plugin ContentBrowserAssetDataSource
LogPluginManager: Mounting plugin ContentBrowserClassDataSource
LogPluginManager: Mounting plugin ContentBrowserFileDataSource
LogPluginManager: Mounting plugin OnlineSubsystemGooglePlay
LogPluginManager: Mounting plugin OnlineSubsystemIOS
LogPluginManager: Mounting plugin OculusVR
LogPluginManager: Mounting plugin SteamVR
PixWinPlugin: PIX capture plugin failed to initialize! Check that the process is launched from PIX.
LogInit: Using libcurl 7.55.1-DEV
LogInit:  - built for x86_64-pc-win32
LogInit:  - supports SSL with OpenSSL/1.1.1
LogInit:  - supports HTTP deflate (compression) using libz 1.2.8
LogInit:  - other features:
LogInit:      CURL_VERSION_SSL
LogInit:      CURL_VERSION_LIBZ
LogInit:      CURL_VERSION_IPV6
LogInit:      CURL_VERSION_ASYNCHDNS
LogInit:      CURL_VERSION_LARGEFILE
LogInit:      CURL_VERSION_IDN
LogInit:  CurlRequestOptions (configurable via config and command line):
LogInit:  - bVerifyPeer = true  - Libcurl will verify peer certificate
LogInit:  - bUseHttpProxy = false  - Libcurl will NOT use HTTP proxy
LogInit:  - bDontReuseConnections = false  - Libcurl will reuse connections
LogInit:  - MaxHostConnections = 16  - Libcurl will limit the number of connections to a host
LogInit:  - LocalHostAddr = Default
LogInit:  - BufferSize = 65536
LogOnline: OSS: Creating online subsystem instance for: NULL
LogInit: WinSock: version 1.1 (2.2), MaxSocks=32767, MaxUdp=65467
LogOnline: OSS: TryLoadSubsystemAndSetDefault: Loaded subsystem for module [NULL]
LogOculusPluginWrapper: OculusPlugin initialized successfully
LogHMD: Failed initializing OVRPlugin 1.59.0
LogInit: Build: ++UE4+Release-4.27-CL-18319896
LogInit: Engine Version: 4.27.2-18319896+++UE4+Release-4.27
LogInit: Compatible Engine Version: 4.27.0-17155196+++UE4+Release-4.27
LogInit: Net CL: 17155196
LogInit: OS: Windows 10 (Release 2009) (), CPU: Intel(R) Core(TM) i7-9750H CPU @ 2.60GHz, GPU: Intel(R) UHD Graphics 630
LogInit: Compiled (64-bit): Nov 30 2021 07:12:08
LogInit: Compiled with Visual C++: 19.24.28315.00
LogInit: Build Configuration: Development
LogInit: Branch Name: ++UE4+Release-4.27
LogInit: Command Line:  /Game/NotificationExperiment/Maps/Maze3 -game -PIEVIACONSOLE -Multiprocess "GameUserSettingsINI=C:/Users/99gol/Documents/Unreal Projects/Notif_Experiment/Saved/Config/Windows/PIEGameUserSettings0.ini" -MultiprocessSaveConfig -forcepassthrough -messaging -SessionName="Play in Standalone Game" -windowed -WinX=0 -WinY=30 SAVEWINPOS=1 -ResX=1910 -ResY=1046
LogInit: Base Directory: C:/Program Files/Epic Games/UE_4.27/Engine/Binaries/Win64/
LogInit: Allocator: TBB
LogInit: Installed Engine Build: 1
LogDevObjectVersion: Number of dev versions registered: 29
LogDevObjectVersion:   Dev-Blueprints (B0D832E4-1F89-4F0D-ACCF-7EB736FD4AA2): 10
LogDevObjectVersion:   Dev-Build (E1C64328-A22C-4D53-A36C-8E866417BD8C): 0
LogDevObjectVersion:   Dev-Core (375EC13C-06E4-48FB-B500-84F0262A717E): 4
LogDevObjectVersion:   Dev-Editor (E4B068ED-F494-42E9-A231-DA0B2E46BB41): 40
LogDevObjectVersion:   Dev-Framework (CFFC743F-43B0-4480-9391-14DF171D2073): 37
LogDevObjectVersion:   Dev-Mobile (B02B49B5-BB20-44E9-A304-32B752E40360): 3
LogDevObjectVersion:   Dev-Networking (A4E4105C-59A1-49B5-A7C5-40C4547EDFEE): 0
LogDevObjectVersion:   Dev-Online (39C831C9-5AE6-47DC-9A44-9C173E1C8E7C): 0
LogDevObjectVersion:   Dev-Physics (78F01B33-EBEA-4F98-B9B4-84EACCB95AA2): 14
LogDevObjectVersion:   Dev-Platform (6631380F-2D4D-43E0-8009-CF276956A95A): 0
LogDevObjectVersion:   Dev-Rendering (12F88B9F-8875-4AFC-A67C-D90C383ABD29): 45
LogDevObjectVersion:   Dev-Sequencer (7B5AE74C-D270-4C10-A958-57980B212A5A): 13
LogDevObjectVersion:   Dev-VR (D7296918-1DD6-4BDD-9DE2-64A83CC13884): 3
LogDevObjectVersion:   Dev-LoadTimes (C2A15278-BFE7-4AFE-6C17-90FF531DF755): 1
LogDevObjectVersion:   Private-Geometry (6EACA3D4-40EC-4CC1-B786-8BED09428FC5): 3
LogDevObjectVersion:   Dev-AnimPhys (29E575DD-E0A3-4627-9D10-D276232CDCEA): 17
LogDevObjectVersion:   Dev-Anim (AF43A65D-7FD3-4947-9873-3E8ED9C1BB05): 15
LogDevObjectVersion:   Dev-ReflectionCapture (6B266CEC-1EC7-4B8F-A30B-E4D90942FC07): 1
LogDevObjectVersion:   Dev-Automation (0DF73D61-A23F-47EA-B727-89E90C41499A): 1
LogDevObjectVersion:   FortniteMain (601D1886-AC64-4F84-AA16-D3DE0DEAC7D6): 47
LogDevObjectVersion:   FortniteRelease (E7086368-6B23-4C58-8439-1B7016265E91): 1
LogDevObjectVersion:   Dev-Enterprise (9DFFBCD6-494F-0158-E221-12823C92A888): 10
LogDevObjectVersion:   Dev-Niagara (F2AED0AC-9AFE-416F-8664-AA7FFA26D6FC): 1
LogDevObjectVersion:   Dev-Destruction (174F1F0B-B4C6-45A5-B13F-2EE8D0FB917D): 10
LogDevObjectVersion:   Dev-Physics-Ext (35F94A83-E258-406C-A318-09F59610247C): 41
LogDevObjectVersion:   Dev-PhysicsMaterial-Chaos (B68FC16E-8B1B-42E2-B453-215C058844FE): 1
LogDevObjectVersion:   Dev-CineCamera (B2E18506-4273-CFC2-A54E-F4BB758BBA07): 1
LogDevObjectVersion:   Dev-VirtualProduction (64F58936-FD1B-42BA-BA96-7289D5D0FA4E): 1
LogDevObjectVersion:   Dev-MediaFramework (6F0ED827-A609-4895-9C91-998D90180EA4): 2
LogInit: Presizing for max 25165824 objects, including 0 objects not considered by GC, pre-allocating 0 bytes for permanent pool.
LogConfig: Applying CVar settings from Section [/Script/Engine.StreamingSettings] File [C:/Users/99gol/Documents/Unreal Projects/Notif_Experiment/Saved/Config/Windows/Engine.ini]
LogConfig: Setting CVar [[s.MinBulkDataSizeForAsyncLoading:131072]]
LogConfig: Setting CVar [[s.AsyncLoadingThreadEnabled:0]]
LogConfig: Setting CVar [[s.EventDrivenLoaderEnabled:1]]
LogConfig: Setting CVar [[s.WarnIfTimeLimitExceeded:0]]
LogConfig: Setting CVar [[s.TimeLimitExceededMultiplier:1.5]]
LogConfig: Setting CVar [[s.TimeLimitExceededMinTime:0.005]]
LogConfig: Setting CVar [[s.UseBackgroundLevelStreaming:1]]
LogConfig: Setting CVar [[s.PriorityAsyncLoadingExtraTime:15.0]]
LogConfig: Setting CVar [[s.LevelStreamingActorsUpdateTimeLimit:5.0]]
LogConfig: Setting CVar [[s.PriorityLevelStreamingActorsUpdateExtraTime:5.0]]
LogConfig: Setting CVar [[s.LevelStreamingComponentsRegistrationGranularity:10]]
LogConfig: Setting CVar [[s.UnregisterComponentsTimeLimit:1.0]]
LogConfig: Setting CVar [[s.LevelStreamingComponentsUnregistrationGranularity:5]]
LogConfig: Setting CVar [[s.FlushStreamingOnExit:1]]
LogInit: Object subsystem initialized
LogConfig: Setting CVar [[con.DebugEarlyDefault:1]]
LogConfig: Setting CVar [[r.setres:1280x720]]
[2022.05.02-22.55.03:632][  0]LogConfig: Setting CVar [[con.DebugEarlyDefault:1]]
[2022.05.02-22.55.03:632][  0]LogConfig: Setting CVar [[r.setres:1280x720]]
[2022.05.02-22.55.03:632][  0]LogConfig: Applying CVar settings from Section [/Script/Engine.RendererSettings] File [C:/Users/99gol/Documents/Unreal Projects/Notif_Experiment/Saved/Config/Windows/Engine.ini]
[2022.05.02-22.55.03:632][  0]LogConfig: Setting CVar [[r.GPUCrashDebugging:0]]
[2022.05.02-22.55.03:632][  0]LogConfig: Applying CVar settings from Section [/Script/Engine.RendererOverrideSettings] File [C:/Users/99gol/Documents/Unreal Projects/Notif_Experiment/Saved/Config/Windows/Engine.ini]
[2022.05.02-22.55.03:632][  0]LogConfig: Applying CVar settings from Section [/Script/Engine.StreamingSettings] File [C:/Users/99gol/Documents/Unreal Projects/Notif_Experiment/Saved/Config/Windows/Engine.ini]
[2022.05.02-22.55.03:632][  0]LogConfig: Setting CVar [[s.MinBulkDataSizeForAsyncLoading:131072]]
[2022.05.02-22.55.03:632][  0]LogConfig: Setting CVar [[s.AsyncLoadingThreadEnabled:0]]
[2022.05.02-22.55.03:632][  0]LogConfig: Setting CVar [[s.EventDrivenLoaderEnabled:1]]
[2022.05.02-22.55.03:632][  0]LogConfig: Setting CVar [[s.WarnIfTimeLimitExceeded:0]]
[2022.05.02-22.55.03:632][  0]LogConfig: Setting CVar [[s.TimeLimitExceededMultiplier:1.5]]
[2022.05.02-22.55.03:632][  0]LogConfig: Setting CVar [[s.TimeLimitExceededMinTime:0.005]]
[2022.05.02-22.55.03:632][  0]LogConfig: Setting CVar [[s.UseBackgroundLevelStreaming:1]]
[2022.05.02-22.55.03:632][  0]LogConfig: Setting CVar [[s.PriorityAsyncLoadingExtraTime:15.0]]
[2022.05.02-22.55.03:632][  0]LogConfig: Setting CVar [[s.LevelStreamingActorsUpdateTimeLimit:5.0]]
[2022.05.02-22.55.03:632][  0]LogConfig: Setting CVar [[s.PriorityLevelStreamingActorsUpdateExtraTime:5.0]]
[2022.05.02-22.55.03:632][  0]LogConfig: Setting CVar [[s.LevelStreamingComponentsRegistrationGranularity:10]]
[2022.05.02-22.55.03:632][  0]LogConfig: Setting CVar [[s.UnregisterComponentsTimeLimit:1.0]]
[2022.05.02-22.55.03:632][  0]LogConfig: Setting CVar [[s.LevelStreamingComponentsUnregistrationGranularity:5]]
[2022.05.02-22.55.03:632][  0]LogConfig: Setting CVar [[s.FlushStreamingOnExit:1]]
[2022.05.02-22.55.03:632][  0]LogConfig: Applying CVar settings from Section [/Script/Engine.GarbageCollectionSettings] File [C:/Users/99gol/Documents/Unreal Projects/Notif_Experiment/Saved/Config/Windows/Engine.ini]
[2022.05.02-22.55.03:632][  0]LogConfig: Setting CVar [[gc.MaxObjectsNotConsideredByGC:1]]
[2022.05.02-22.55.03:632][  0]LogConfig: Setting CVar [[gc.SizeOfPermanentObjectPool:0]]
[2022.05.02-22.55.03:632][  0]LogConfig: Setting CVar [[gc.FlushStreamingOnGC:0]]
[2022.05.02-22.55.03:632][  0]LogConfig: Setting CVar [[gc.NumRetriesBeforeForcingGC:10]]
[2022.05.02-22.55.03:632][  0]LogConfig: Setting CVar [[gc.AllowParallelGC:1]]
[2022.05.02-22.55.03:632][  0]LogConfig: Setting CVar [[gc.TimeBetweenPurgingPendingKillObjects:61.1]]
[2022.05.02-22.55.03:632][  0]LogConfig: Setting CVar [[gc.MaxObjectsInEditor:25165824]]
[2022.05.02-22.55.03:632][  0]LogConfig: Setting CVar [[gc.IncrementalBeginDestroyEnabled:1]]
[2022.05.02-22.55.03:632][  0]LogConfig: Setting CVar [[gc.CreateGCClusters:1]]
[2022.05.02-22.55.03:632][  0]LogConfig: Setting CVar [[gc.MinGCClusterSize:5]]
[2022.05.02-22.55.03:632][  0]LogConfig: Setting CVar [[gc.ActorClusteringEnabled:0]]
[2022.05.02-22.55.03:632][  0]LogConfig: Setting CVar [[gc.BlueprintClusteringEnabled:0]]
[2022.05.02-22.55.03:633][  0]LogConfig: Setting CVar [[gc.UseDisregardForGCOnDedicatedServers:0]]
[2022.05.02-22.55.03:633][  0]LogConfig: Setting CVar [[gc.MultithreadedDestructionEnabled:1]]
[2022.05.02-22.55.03:633][  0]LogConfig: Applying CVar settings from Section [/Script/Engine.NetworkSettings] File [C:/Users/99gol/Documents/Unreal Projects/Notif_Experiment/Saved/Config/Windows/Engine.ini]
[2022.05.02-22.55.03:633][  0]LogConfig: Applying CVar settings from Section [/Script/UnrealEd.CookerSettings] File [C:/Users/99gol/Documents/Unreal Projects/Notif_Experiment/Saved/Config/Windows/Engine.ini]
[2022.05.02-22.55.03:639][  0]LogConfig: Applying CVar settings from Section [ViewDistanceQuality@3] File [C:/Users/99gol/Documents/Unreal Projects/Notif_Experiment/Saved/Config/Windows/Scalability.ini]
[2022.05.02-22.55.03:639][  0]LogConfig: Setting CVar [[r.SkeletalMeshLODBias:0]]
[2022.05.02-22.55.03:639][  0]LogConfig: Setting CVar [[r.ViewDistanceScale:1.0]]
[2022.05.02-22.55.03:639][  0]LogConfig: Applying CVar settings from Section [AntiAliasingQuality@3] File [C:/Users/99gol/Documents/Unreal Projects/Notif_Experiment/Saved/Config/Windows/Scalability.ini]
[2022.05.02-22.55.03:639][  0]LogConfig: Setting CVar [[r.PostProcessAAQuality:4]]
[2022.05.02-22.55.03:639][  0]LogConfig: Applying CVar settings from Section [ShadowQuality@3] File [C:/Users/99gol/Documents/Unreal Projects/Notif_Experiment/Saved/Config/Windows/Scalability.ini]
[2022.05.02-22.55.03:639][  0]LogConfig: Setting CVar [[r.LightFunctionQuality:1]]
[2022.05.02-22.55.03:639][  0]LogConfig: Setting CVar [[r.ShadowQuality:5]]
[2022.05.02-22.55.03:639][  0]LogConfig: Setting CVar [[r.Shadow.CSM.MaxCascades:10]]
[2022.05.02-22.55.03:639][  0]LogConfig: Setting CVar [[r.Shadow.MaxResolution:2048]]
[2022.05.02-22.55.03:639][  0]LogConfig: Setting CVar [[r.Shadow.MaxCSMResolution:2048]]
[2022.05.02-22.55.03:639][  0]LogConfig: Setting CVar [[r.Shadow.RadiusThreshold:0.01]]
[2022.05.02-22.55.03:639][  0]LogConfig: Setting CVar [[r.Shadow.DistanceScale:1.0]]
[2022.05.02-22.55.03:639][  0]LogConfig: Setting CVar [[r.Shadow.CSM.TransitionScale:1.0]]
[2022.05.02-22.55.03:639][  0]LogConfig: Setting CVar [[r.Shadow.PreShadowResolutionFactor:1.0]]
[2022.05.02-22.55.03:639][  0]LogConfig: Setting CVar [[r.DistanceFieldShadowing:1]]
[2022.05.02-22.55.03:639][  0]LogConfig: Setting CVar [[r.DistanceFieldAO:1]]
[2022.05.02-22.55.03:639][  0]LogConfig: Setting CVar [[r.AOQuality:2]]
[2022.05.02-22.55.03:639][  0]LogConfig: Setting CVar [[r.VolumetricFog:1]]
[2022.05.02-22.55.03:639][  0]LogConfig: Setting CVar [[r.VolumetricFog.GridPixelSize:8]]
[2022.05.02-22.55.03:639][  0]LogConfig: Setting CVar [[r.VolumetricFog.GridSizeZ:128]]
[2022.05.02-22.55.03:639][  0]LogConfig: Setting CVar [[r.VolumetricFog.HistoryMissSupersampleCount:4]]
[2022.05.02-22.55.03:639][  0]LogConfig: Setting CVar [[r.LightMaxDrawDistanceScale:1]]
[2022.05.02-22.55.03:639][  0]LogConfig: Setting CVar [[r.CapsuleShadows:1]]
[2022.05.02-22.55.03:639][  0]LogConfig: Applying CVar settings from Section [PostProcessQuality@3] File [C:/Users/99gol/Documents/Unreal Projects/Notif_Experiment/Saved/Config/Windows/Scalability.ini]
[2022.05.02-22.55.03:639][  0]LogConfig: Setting CVar [[r.MotionBlurQuality:4]]
[2022.05.02-22.55.03:639][  0]LogConfig: Setting CVar [[r.AmbientOcclusionMipLevelFactor:0.4]]
[2022.05.02-22.55.03:639][  0]LogConfig: Setting CVar [[r.AmbientOcclusionMaxQuality:100]]
[2022.05.02-22.55.03:640][  0]LogConfig: Setting CVar [[r.AmbientOcclusionLevels:-1]]
[2022.05.02-22.55.03:640][  0]LogConfig: Setting CVar [[r.AmbientOcclusionRadiusScale:1.0]]
[2022.05.02-22.55.03:640][  0]LogConfig: Setting CVar [[r.DepthOfFieldQuality:2]]
[2022.05.02-22.55.03:640][  0]LogConfig: Setting CVar [[r.RenderTargetPoolMin:400]]
[2022.05.02-22.55.03:640][  0]LogConfig: Setting CVar [[r.LensFlareQuality:2]]
[2022.05.02-22.55.03:640][  0]LogConfig: Setting CVar [[r.SceneColorFringeQuality:1]]
[2022.05.02-22.55.03:640][  0]LogConfig: Setting CVar [[r.EyeAdaptationQuality:2]]
[2022.05.02-22.55.03:640][  0]LogConfig: Setting CVar [[r.BloomQuality:5]]
[2022.05.02-22.55.03:640][  0]LogConfig: Setting CVar [[r.FastBlurThreshold:100]]
[2022.05.02-22.55.03:640][  0]LogConfig: Setting CVar [[r.Upscale.Quality:3]]
[2022.05.02-22.55.03:640][  0]LogConfig: Setting CVar [[r.Tonemapper.GrainQuantization:1]]
[2022.05.02-22.55.03:640][  0]LogConfig: Setting CVar [[r.LightShaftQuality:1]]
[2022.05.02-22.55.03:640][  0]LogConfig: Setting CVar [[r.Filter.SizeScale:1]]
[2022.05.02-22.55.03:640][  0]LogConfig: Setting CVar [[r.Tonemapper.Quality:5]]
[2022.05.02-22.55.03:640][  0]LogConfig: Setting CVar [[r.DOF.Gather.AccumulatorQuality:1        ; higher gathering accumulator quality]]
[2022.05.02-22.55.03:640][  0]LogConfig: Setting CVar [[r.DOF.Gather.PostfilterMethod:1          ; Median3x3 postfilering method]]
[2022.05.02-22.55.03:640][  0]LogConfig: Setting CVar [[r.DOF.Gather.EnableBokehSettings:0       ; no bokeh simulation when gathering]]
[2022.05.02-22.55.03:640][  0]LogConfig: Setting CVar [[r.DOF.Gather.RingCount:4                 ; medium number of samples when gathering]]
[2022.05.02-22.55.03:640][  0]LogConfig: Setting CVar [[r.DOF.Scatter.ForegroundCompositing:1    ; additive foreground scattering]]
[2022.05.02-22.55.03:640][  0]LogConfig: Setting CVar [[r.DOF.Scatter.BackgroundCompositing:2    ; additive background scattering]]
[2022.05.02-22.55.03:640][  0]LogConfig: Setting CVar [[r.DOF.Scatter.EnableBokehSettings:1      ; bokeh simulation when scattering]]
[2022.05.02-22.55.03:640][  0]LogConfig: Setting CVar [[r.DOF.Scatter.MaxSpriteRatio:0.1         ; only a maximum of 10% of scattered bokeh]]
[2022.05.02-22.55.03:640][  0]LogConfig: Setting CVar [[r.DOF.Recombine.Quality:1                ; cheap slight out of focus]]
[2022.05.02-22.55.03:640][  0]LogConfig: Setting CVar [[r.DOF.Recombine.EnableBokehSettings:0    ; no bokeh simulation on slight out of focus]]
[2022.05.02-22.55.03:640][  0]LogConfig: Setting CVar [[r.DOF.TemporalAAQuality:1                ; more stable temporal accumulation]]
[2022.05.02-22.55.03:640][  0]LogConfig: Setting CVar [[r.DOF.Kernel.MaxForegroundRadius:0.025]]
[2022.05.02-22.55.03:640][  0]LogConfig: Setting CVar [[r.DOF.Kernel.MaxBackgroundRadius:0.025]]
[2022.05.02-22.55.03:640][  0]LogConfig: Applying CVar settings from Section [TextureQuality@3] File [C:/Users/99gol/Documents/Unreal Projects/Notif_Experiment/Saved/Config/Windows/Scalability.ini]
[2022.05.02-22.55.03:640][  0]LogConfig: Setting CVar [[r.Streaming.MipBias:0]]
[2022.05.02-22.55.03:640][  0]LogConfig: Setting CVar [[r.Streaming.AmortizeCPUToGPUCopy:0]]
[2022.05.02-22.55.03:640][  0]LogConfig: Setting CVar [[r.Streaming.MaxNumTexturesToStreamPerFrame:0]]
[2022.05.02-22.55.03:640][  0]LogConfig: Setting CVar [[r.Streaming.Boost:1]]
[2022.05.02-22.55.03:640][  0]LogConfig: Setting CVar [[r.MaxAnisotropy:8]]
[2022.05.02-22.55.03:640][  0]LogConfig: Setting CVar [[r.VT.MaxAnisotropy:8]]
[2022.05.02-22.55.03:640][  0]LogConfig: Setting CVar [[r.Streaming.LimitPoolSizeToVRAM:0]]
[2022.05.02-22.55.03:640][  0]LogConfig: Setting CVar [[r.Streaming.PoolSize:1000]]
[2022.05.02-22.55.03:640][  0]LogConfig: Setting CVar [[r.Streaming.MaxEffectiveScreenSize:0]]
[2022.05.02-22.55.03:640][  0]LogConfig: Applying CVar settings from Section [EffectsQuality@3] File [C:/Users/99gol/Documents/Unreal Projects/Notif_Experiment/Saved/Config/Windows/Scalability.ini]
[2022.05.02-22.55.03:640][  0]LogConfig: Setting CVar [[r.TranslucencyLightingVolumeDim:64]]
[2022.05.02-22.55.03:640][  0]LogConfig: Setting CVar [[r.RefractionQuality:2]]
[2022.05.02-22.55.03:640][  0]LogConfig: Setting CVar [[r.SSR.Quality:3]]
[2022.05.02-22.55.03:640][  0]LogConfig: Setting CVar [[r.SSR.HalfResSceneColor:0]]
[2022.05.02-22.55.03:640][  0]LogConfig: Setting CVar [[r.SceneColorFormat:4]]
[2022.05.02-22.55.03:640][  0]LogConfig: Setting CVar [[r.DetailMode:2]]
[2022.05.02-22.55.03:640][  0]LogConfig: Setting CVar [[r.TranslucencyVolumeBlur:1]]
[2022.05.02-22.55.03:640][  0]LogConfig: Setting CVar [[r.MaterialQualityLevel:1 ; High quality]]
[2022.05.02-22.55.03:640][  0]LogConfig: Setting CVar [[r.AnisotropicMaterials:1]]
[2022.05.02-22.55.03:640][  0]LogConfig: Setting CVar [[r.SSS.Scale:1]]
[2022.05.02-22.55.03:640][  0]LogConfig: Setting CVar [[r.SSS.SampleSet:2]]
[2022.05.02-22.55.03:640][  0]LogConfig: Setting CVar [[r.SSS.Quality:1]]
[2022.05.02-22.55.03:640][  0]LogConfig: Setting CVar [[r.SSS.HalfRes:0]]
[2022.05.02-22.55.03:640][  0]LogConfig: Setting CVar [[r.SSGI.Quality:3]]
[2022.05.02-22.55.03:640][  0]LogConfig: Setting CVar [[r.EmitterSpawnRateScale:1.0]]
[2022.05.02-22.55.03:640][  0]LogConfig: Setting CVar [[r.ParticleLightQuality:2]]
[2022.05.02-22.55.03:640][  0]LogConfig: Setting CVar [[r.SkyAtmosphere.AerialPerspectiveLUT.FastApplyOnOpaque:1 ; Always have FastSkyLUT 1 in this case to avoid wrong sky]]
[2022.05.02-22.55.03:640][  0]LogConfig: Setting CVar [[r.SkyAtmosphere.AerialPerspectiveLUT.SampleCountMaxPerSlice:4]]
[2022.05.02-22.55.03:640][  0]LogConfig: Setting CVar [[r.SkyAtmosphere.AerialPerspectiveLUT.DepthResolution:16.0]]
[2022.05.02-22.55.03:640][  0]LogConfig: Setting CVar [[r.SkyAtmosphere.FastSkyLUT:1]]
[2022.05.02-22.55.03:640][  0]LogConfig: Setting CVar [[r.SkyAtmosphere.FastSkyLUT.SampleCountMin:4.0]]
[2022.05.02-22.55.03:640][  0]LogConfig: Setting CVar [[r.SkyAtmosphere.FastSkyLUT.SampleCountMax:128.0]]
[2022.05.02-22.55.03:640][  0]LogConfig: Setting CVar [[r.SkyAtmosphere.SampleCountMin:4.0]]
[2022.05.02-22.55.03:640][  0]LogConfig: Setting CVar [[r.SkyAtmosphere.SampleCountMax:128.0]]
[2022.05.02-22.55.03:640][  0]LogConfig: Setting CVar [[r.SkyAtmosphere.TransmittanceLUT.UseSmallFormat:0]]
[2022.05.02-22.55.03:640][  0]LogConfig: Setting CVar [[r.SkyAtmosphere.TransmittanceLUT.SampleCount:10.0]]
[2022.05.02-22.55.03:640][  0]LogConfig: Setting CVar [[r.SkyAtmosphere.MultiScatteringLUT.SampleCount:15.0]]
[2022.05.02-22.55.03:640][  0]LogConfig: Setting CVar [[r.SkyLight.RealTimeReflectionCapture:1]]
[2022.05.02-22.55.03:640][  0]LogConfig: Applying CVar settings from Section [FoliageQuality@3] File [C:/Users/99gol/Documents/Unreal Projects/Notif_Experiment/Saved/Config/Windows/Scalability.ini]
[2022.05.02-22.55.03:640][  0]LogConfig: Setting CVar [[foliage.DensityScale:1.0]]
[2022.05.02-22.55.03:640][  0]LogConfig: Setting CVar [[grass.DensityScale:1.0]]
[2022.05.02-22.55.03:640][  0]LogConfig: Applying CVar settings from Section [ShadingQuality@3] File [C:/Users/99gol/Documents/Unreal Projects/Notif_Experiment/Saved/Config/Windows/Scalability.ini]
[2022.05.02-22.55.03:640][  0]LogConfig: Setting CVar [[r.HairStrands.SkyLighting.IntegrationType:2]]
[2022.05.02-22.55.03:640][  0]LogConfig: Setting CVar [[r.HairStrands.SkyAO.SampleCount:4]]
[2022.05.02-22.55.03:640][  0]LogConfig: Setting CVar [[r.HairStrands.Visibility.MSAA.SamplePerPixel:4]]
[2022.05.02-22.55.03:640][  0]LogInit: Selected Device Profile: [Windows]
[2022.05.02-22.55.03:640][  0]LogInit: Applying CVar settings loaded from the selected device profile: [Windows]
[2022.05.02-22.55.03:640][  0]LogHAL: Display: Platform has ~ 16 GB [17017102336 / 17179869184 / 16], which maps to Larger [LargestMinGB=32, LargerMinGB=12, DefaultMinGB=8, SmallerMinGB=6, SmallestMinGB=0)
[2022.05.02-22.55.03:640][  0]LogInit: Going up to parent DeviceProfile []
[2022.05.02-22.55.03:640][  0]LogConfig: Applying CVar settings from Section [ViewDistanceQuality@3] File [C:/Users/99gol/Documents/Unreal Projects/Notif_Experiment/Saved/Config/Windows/Scalability.ini]
[2022.05.02-22.55.03:640][  0]LogConfig: Setting CVar [[r.SkeletalMeshLODBias:0]]
[2022.05.02-22.55.03:640][  0]LogConfig: Setting CVar [[r.ViewDistanceScale:1.0]]
[2022.05.02-22.55.03:640][  0]LogConfig: Applying CVar settings from Section [AntiAliasingQuality@3] File [C:/Users/99gol/Documents/Unreal Projects/Notif_Experiment/Saved/Config/Windows/Scalability.ini]
[2022.05.02-22.55.03:640][  0]LogConfig: Setting CVar [[r.PostProcessAAQuality:4]]
[2022.05.02-22.55.03:640][  0]LogConfig: Applying CVar settings from Section [ShadowQuality@3] File [C:/Users/99gol/Documents/Unreal Projects/Notif_Experiment/Saved/Config/Windows/Scalability.ini]
[2022.05.02-22.55.03:640][  0]LogConfig: Setting CVar [[r.LightFunctionQuality:1]]
[2022.05.02-22.55.03:640][  0]LogConfig: Setting CVar [[r.ShadowQuality:5]]
[2022.05.02-22.55.03:640][  0]LogConfig: Setting CVar [[r.Shadow.CSM.MaxCascades:10]]
[2022.05.02-22.55.03:640][  0]LogConfig: Setting CVar [[r.Shadow.MaxResolution:2048]]
[2022.05.02-22.55.03:640][  0]LogConfig: Setting CVar [[r.Shadow.MaxCSMResolution:2048]]
[2022.05.02-22.55.03:640][  0]LogConfig: Setting CVar [[r.Shadow.RadiusThreshold:0.01]]
[2022.05.02-22.55.03:640][  0]LogConfig: Setting CVar [[r.Shadow.DistanceScale:1.0]]
[2022.05.02-22.55.03:640][  0]LogConfig: Setting CVar [[r.Shadow.CSM.TransitionScale:1.0]]
[2022.05.02-22.55.03:640][  0]LogConfig: Setting CVar [[r.Shadow.PreShadowResolutionFactor:1.0]]
[2022.05.02-22.55.03:640][  0]LogConfig: Setting CVar [[r.DistanceFieldShadowing:1]]
[2022.05.02-22.55.03:640][  0]LogConfig: Setting CVar [[r.DistanceFieldAO:1]]
[2022.05.02-22.55.03:640][  0]LogConfig: Setting CVar [[r.AOQuality:2]]
[2022.05.02-22.55.03:640][  0]LogConfig: Setting CVar [[r.VolumetricFog:1]]
[2022.05.02-22.55.03:641][  0]LogConfig: Setting CVar [[r.VolumetricFog.GridPixelSize:8]]
[2022.05.02-22.55.03:641][  0]LogConfig: Setting CVar [[r.VolumetricFog.GridSizeZ:128]]
[2022.05.02-22.55.03:641][  0]LogConfig: Setting CVar [[r.VolumetricFog.HistoryMissSupersampleCount:4]]
[2022.05.02-22.55.03:641][  0]LogConfig: Setting CVar [[r.LightMaxDrawDistanceScale:1]]
[2022.05.02-22.55.03:641][  0]LogConfig: Setting CVar [[r.CapsuleShadows:1]]
[2022.05.02-22.55.03:641][  0]LogConfig: Applying CVar settings from Section [PostProcessQuality@3] File [C:/Users/99gol/Documents/Unreal Projects/Notif_Experiment/Saved/Config/Windows/Scalability.ini]
[2022.05.02-22.55.03:641][  0]LogConfig: Setting CVar [[r.MotionBlurQuality:4]]
[2022.05.02-22.55.03:641][  0]LogConfig: Setting CVar [[r.AmbientOcclusionMipLevelFactor:0.4]]
[2022.05.02-22.55.03:641][  0]LogConfig: Setting CVar [[r.AmbientOcclusionMaxQuality:100]]
[2022.05.02-22.55.03:641][  0]LogConfig: Setting CVar [[r.AmbientOcclusionLevels:-1]]
[2022.05.02-22.55.03:641][  0]LogConfig: Setting CVar [[r.AmbientOcclusionRadiusScale:1.0]]
[2022.05.02-22.55.03:641][  0]LogConfig: Setting CVar [[r.DepthOfFieldQuality:2]]
[2022.05.02-22.55.03:641][  0]LogConfig: Setting CVar [[r.RenderTargetPoolMin:400]]
[2022.05.02-22.55.03:641][  0]LogConfig: Setting CVar [[r.LensFlareQuality:2]]
[2022.05.02-22.55.03:641][  0]LogConfig: Setting CVar [[r.SceneColorFringeQuality:1]]
[2022.05.02-22.55.03:641][  0]LogConfig: Setting CVar [[r.EyeAdaptationQuality:2]]
[2022.05.02-22.55.03:641][  0]LogConfig: Setting CVar [[r.BloomQuality:5]]
[2022.05.02-22.55.03:641][  0]LogConfig: Setting CVar [[r.FastBlurThreshold:100]]
[2022.05.02-22.55.03:641][  0]LogConfig: Setting CVar [[r.Upscale.Quality:3]]
[2022.05.02-22.55.03:641][  0]LogConfig: Setting CVar [[r.Tonemapper.GrainQuantization:1]]
[2022.05.02-22.55.03:641][  0]LogConfig: Setting CVar [[r.LightShaftQuality:1]]
[2022.05.02-22.55.03:641][  0]LogConfig: Setting CVar [[r.Filter.SizeScale:1]]
[2022.05.02-22.55.03:641][  0]LogConfig: Setting CVar [[r.Tonemapper.Quality:5]]
[2022.05.02-22.55.03:641][  0]LogConfig: Setting CVar [[r.DOF.Gather.AccumulatorQuality:1        ; higher gathering accumulator quality]]
[2022.05.02-22.55.03:641][  0]LogConfig: Setting CVar [[r.DOF.Gather.PostfilterMethod:1          ; Median3x3 postfilering method]]
[2022.05.02-22.55.03:641][  0]LogConfig: Setting CVar [[r.DOF.Gather.EnableBokehSettings:0       ; no bokeh simulation when gathering]]
[2022.05.02-22.55.03:641][  0]LogConfig: Setting CVar [[r.DOF.Gather.RingCount:4                 ; medium number of samples when gathering]]
[2022.05.02-22.55.03:641][  0]LogConfig: Setting CVar [[r.DOF.Scatter.ForegroundCompositing:1    ; additive foreground scattering]]
[2022.05.02-22.55.03:641][  0]LogConfig: Setting CVar [[r.DOF.Scatter.BackgroundCompositing:2    ; additive background scattering]]
[2022.05.02-22.55.03:641][  0]LogConfig: Setting CVar [[r.DOF.Scatter.EnableBokehSettings:1      ; bokeh simulation when scattering]]
[2022.05.02-22.55.03:641][  0]LogConfig: Setting CVar [[r.DOF.Scatter.MaxSpriteRatio:0.1         ; only a maximum of 10% of scattered bokeh]]
[2022.05.02-22.55.03:641][  0]LogConfig: Setting CVar [[r.DOF.Recombine.Quality:1                ; cheap slight out of focus]]
[2022.05.02-22.55.03:641][  0]LogConfig: Setting CVar [[r.DOF.Recombine.EnableBokehSettings:0    ; no bokeh simulation on slight out of focus]]
[2022.05.02-22.55.03:641][  0]LogConfig: Setting CVar [[r.DOF.TemporalAAQuality:1                ; more stable temporal accumulation]]
[2022.05.02-22.55.03:641][  0]LogConfig: Setting CVar [[r.DOF.Kernel.MaxForegroundRadius:0.025]]
[2022.05.02-22.55.03:641][  0]LogConfig: Setting CVar [[r.DOF.Kernel.MaxBackgroundRadius:0.025]]
[2022.05.02-22.55.03:641][  0]LogConfig: Applying CVar settings from Section [TextureQuality@3] File [C:/Users/99gol/Documents/Unreal Projects/Notif_Experiment/Saved/Config/Windows/Scalability.ini]
[2022.05.02-22.55.03:641][  0]LogConfig: Setting CVar [[r.Streaming.MipBias:0]]
[2022.05.02-22.55.03:641][  0]LogConfig: Setting CVar [[r.Streaming.AmortizeCPUToGPUCopy:0]]
[2022.05.02-22.55.03:641][  0]LogConfig: Setting CVar [[r.Streaming.MaxNumTexturesToStreamPerFrame:0]]
[2022.05.02-22.55.03:641][  0]LogConfig: Setting CVar [[r.Streaming.Boost:1]]
[2022.05.02-22.55.03:641][  0]LogConfig: Setting CVar [[r.MaxAnisotropy:8]]
[2022.05.02-22.55.03:641][  0]LogConfig: Setting CVar [[r.VT.MaxAnisotropy:8]]
[2022.05.02-22.55.03:641][  0]LogConfig: Setting CVar [[r.Streaming.LimitPoolSizeToVRAM:0]]
[2022.05.02-22.55.03:641][  0]LogConfig: Setting CVar [[r.Streaming.PoolSize:1000]]
[2022.05.02-22.55.03:641][  0]LogConfig: Setting CVar [[r.Streaming.MaxEffectiveScreenSize:0]]
[2022.05.02-22.55.03:641][  0]LogConfig: Applying CVar settings from Section [EffectsQuality@3] File [C:/Users/99gol/Documents/Unreal Projects/Notif_Experiment/Saved/Config/Windows/Scalability.ini]
[2022.05.02-22.55.03:641][  0]LogConfig: Setting CVar [[r.TranslucencyLightingVolumeDim:64]]
[2022.05.02-22.55.03:641][  0]LogConfig: Setting CVar [[r.RefractionQuality:2]]
[2022.05.02-22.55.03:641][  0]LogConfig: Setting CVar [[r.SSR.Quality:3]]
[2022.05.02-22.55.03:641][  0]LogConfig: Setting CVar [[r.SSR.HalfResSceneColor:0]]
[2022.05.02-22.55.03:641][  0]LogConfig: Setting CVar [[r.SceneColorFormat:4]]
[2022.05.02-22.55.03:641][  0]LogConfig: Setting CVar [[r.DetailMode:2]]
[2022.05.02-22.55.03:641][  0]LogConfig: Setting CVar [[r.TranslucencyVolumeBlur:1]]
[2022.05.02-22.55.03:641][  0]LogConfig: Setting CVar [[r.MaterialQualityLevel:1 ; High quality]]
[2022.05.02-22.55.03:641][  0]LogConfig: Setting CVar [[r.AnisotropicMaterials:1]]
[2022.05.02-22.55.03:641][  0]LogConfig: Setting CVar [[r.SSS.Scale:1]]
[2022.05.02-22.55.03:641][  0]LogConfig: Setting CVar [[r.SSS.SampleSet:2]]
[2022.05.02-22.55.03:641][  0]LogConfig: Setting CVar [[r.SSS.Quality:1]]
[2022.05.02-22.55.03:641][  0]LogConfig: Setting CVar [[r.SSS.HalfRes:0]]
[2022.05.02-22.55.03:641][  0]LogConfig: Setting CVar [[r.SSGI.Quality:3]]
[2022.05.02-22.55.03:641][  0]LogConfig: Setting CVar [[r.EmitterSpawnRateScale:1.0]]
[2022.05.02-22.55.03:641][  0]LogConfig: Setting CVar [[r.ParticleLightQuality:2]]
[2022.05.02-22.55.03:641][  0]LogConfig: Setting CVar [[r.SkyAtmosphere.AerialPerspectiveLUT.FastApplyOnOpaque:1 ; Always have FastSkyLUT 1 in this case to avoid wrong sky]]
[2022.05.02-22.55.03:641][  0]LogConfig: Setting CVar [[r.SkyAtmosphere.AerialPerspectiveLUT.SampleCountMaxPerSlice:4]]
[2022.05.02-22.55.03:641][  0]LogConfig: Setting CVar [[r.SkyAtmosphere.AerialPerspectiveLUT.DepthResolution:16.0]]
[2022.05.02-22.55.03:641][  0]LogConfig: Setting CVar [[r.SkyAtmosphere.FastSkyLUT:1]]
[2022.05.02-22.55.03:641][  0]LogConfig: Setting CVar [[r.SkyAtmosphere.FastSkyLUT.SampleCountMin:4.0]]
[2022.05.02-22.55.03:641][  0]LogConfig: Setting CVar [[r.SkyAtmosphere.FastSkyLUT.SampleCountMax:128.0]]
[2022.05.02-22.55.03:641][  0]LogConfig: Setting CVar [[r.SkyAtmosphere.SampleCountMin:4.0]]
[2022.05.02-22.55.03:641][  0]LogConfig: Setting CVar [[r.SkyAtmosphere.SampleCountMax:128.0]]
[2022.05.02-22.55.03:641][  0]LogConfig: Setting CVar [[r.SkyAtmosphere.TransmittanceLUT.UseSmallFormat:0]]
[2022.05.02-22.55.03:641][  0]LogConfig: Setting CVar [[r.SkyAtmosphere.TransmittanceLUT.SampleCount:10.0]]
[2022.05.02-22.55.03:641][  0]LogConfig: Setting CVar [[r.SkyAtmosphere.MultiScatteringLUT.SampleCount:15.0]]
[2022.05.02-22.55.03:641][  0]LogConfig: Setting CVar [[r.SkyLight.RealTimeReflectionCapture:1]]
[2022.05.02-22.55.03:641][  0]LogConfig: Applying CVar settings from Section [FoliageQuality@3] File [C:/Users/99gol/Documents/Unreal Projects/Notif_Experiment/Saved/Config/Windows/Scalability.ini]
[2022.05.02-22.55.03:641][  0]LogConfig: Setting CVar [[foliage.DensityScale:1.0]]
[2022.05.02-22.55.03:641][  0]LogConfig: Setting CVar [[grass.DensityScale:1.0]]
[2022.05.02-22.55.03:641][  0]LogConfig: Applying CVar settings from Section [ShadingQuality@3] File [C:/Users/99gol/Documents/Unreal Projects/Notif_Experiment/Saved/Config/Windows/Scalability.ini]
[2022.05.02-22.55.03:641][  0]LogConfig: Setting CVar [[r.HairStrands.SkyLighting.IntegrationType:2]]
[2022.05.02-22.55.03:641][  0]LogConfig: Setting CVar [[r.HairStrands.SkyAO.SampleCount:4]]
[2022.05.02-22.55.03:641][  0]LogConfig: Setting CVar [[r.HairStrands.Visibility.MSAA.SamplePerPixel:4]]
[2022.05.02-22.55.03:641][  0]LogConfig: Applying CVar settings from Section [Startup] File [../../../Engine/Config/ConsoleVariables.ini]
[2022.05.02-22.55.03:642][  0]LogConfig: Setting CVar [[net.UseAdaptiveNetUpdateFrequency:0]]
[2022.05.02-22.55.03:642][  0]LogConfig: Setting CVar [[p.chaos.AllowCreatePhysxBodies:1]]
[2022.05.02-22.55.03:642][  0]LogConfig: Setting CVar [[fx.SkipVectorVMBackendOptimizations:1]]
[2022.05.02-22.55.03:642][  0]LogConfig: Applying CVar settings from Section [ConsoleVariables] File [C:/Users/99gol/Documents/Unreal Projects/Notif_Experiment/Saved/Config/Windows/Engine.ini]
[2022.05.02-22.55.03:642][  0]LogConfig: Applying CVar settings from Section [ConsoleVariables] File [C:/Users/99gol/Documents/Unreal Projects/Notif_Experiment/Saved/Config/Windows/Editor.ini]
[2022.05.02-22.55.03:642][  0]LogInit: Computer: REVAN
[2022.05.02-22.55.03:642][  0]LogInit: User: 99gol
[2022.05.02-22.55.03:642][  0]LogInit: CPU Page size=4096, Cores=6
[2022.05.02-22.55.03:642][  0]LogInit: High frequency timer resolution =10.000000 MHz
[2022.05.02-22.55.03:642][  0]LogMemory: Memory total: Physical=15.8GB (16GB approx)
[2022.05.02-22.55.03:642][  0]LogMemory: Platform Memory Stats for Windows
[2022.05.02-22.55.03:642][  0]LogMemory: Process Physical Memory: 145.82 MB used, 145.82 MB peak
[2022.05.02-22.55.03:642][  0]LogMemory: Process Virtual Memory: 126.23 MB used, 126.23 MB peak
[2022.05.02-22.55.03:642][  0]LogMemory: Physical Memory: 8079.91 MB used,  8148.87 MB free, 16228.77 MB total
[2022.05.02-22.55.03:642][  0]LogMemory: Virtual Memory: 134205528.00 MB used,  12199.18 MB free, 134217728.00 MB total
[2022.05.02-22.55.03:668][  0]LogWindows: WindowsPlatformFeatures enabled
[2022.05.02-22.55.03:702][  0]LogInit: Physics initialised using underlying interface: PhysX
[2022.05.02-22.55.03:703][  0]LogInit: Using OS detected language (en-US).
[2022.05.02-22.55.03:703][  0]LogInit: Using OS detected locale (en-US).
[2022.05.02-22.55.03:707][  0]LogTextLocalizationManager: No specific localization for 'en-US' exists, so the 'en' localization will be used.
[2022.05.02-22.55.03:877][  0]LogWindowsTextInputMethodSystem: Display: IME system deactivated.
[2022.05.02-22.55.03:896][  0]LogSlate: New Slate User Created.  User Index 0, Is Virtual User: 0
[2022.05.02-22.55.03:896][  0]LogSlate: Slate User Registered.  User Index 0, Is Virtual User: 0
[2022.05.02-22.55.03:914][  0]LogD3D11RHI: Loaded GFSDK_Aftermath_Lib.x64.dll
[2022.05.02-22.55.03:952][  0]LogHMD: Failed to initialize OpenVR with code 110
[2022.05.02-22.55.03:952][  0]LogD3D11RHI: D3D11 min allowed feature level: 11_0
[2022.05.02-22.55.03:952][  0]LogD3D11RHI: D3D11 max allowed feature level: 11_0
[2022.05.02-22.55.03:952][  0]LogD3D11RHI: D3D11 adapters:
[2022.05.02-22.55.04:023][  0]LogD3D11RHI:    0. 'NVIDIA GeForce RTX 2060' (Feature Level 11_0)
[2022.05.02-22.55.04:023][  0]LogD3D11RHI:       5980/0/8114 MB DedicatedVideo/DedicatedSystem/SharedSystem, Outputs:1, VendorId:0x10de
[2022.05.02-22.55.04:049][  0]LogD3D11RHI:    1. 'Intel(R) UHD Graphics 630' (Feature Level 11_0)
[2022.05.02-22.55.04:049][  0]LogD3D11RHI:       128/0/8114 MB DedicatedVideo/DedicatedSystem/SharedSystem, Outputs:0, VendorId:0x8086
[2022.05.02-22.55.04:050][  0]LogD3D11RHI:    2. 'Microsoft Basic Render Driver' (Feature Level 11_0)
[2022.05.02-22.55.04:050][  0]LogD3D11RHI:       0/0/8114 MB DedicatedVideo/DedicatedSystem/SharedSystem, Outputs:0, VendorId:0x1414
[2022.05.02-22.55.04:050][  0]LogD3D11RHI: Chosen D3D11 Adapter:
[2022.05.02-22.55.04:050][  0]LogD3D11RHI:     Description : NVIDIA GeForce RTX 2060
[2022.05.02-22.55.04:050][  0]LogD3D11RHI:     VendorId    : 10de
[2022.05.02-22.55.04:050][  0]LogD3D11RHI:     DeviceId    : 1f11
[2022.05.02-22.55.04:050][  0]LogD3D11RHI:     SubSysId    : 129b1462
[2022.05.02-22.55.04:050][  0]LogD3D11RHI:     Revision    : 00a1
[2022.05.02-22.55.04:050][  0]LogD3D11RHI:     DedicatedVideoMemory : 6270484480 bytes
[2022.05.02-22.55.04:050][  0]LogD3D11RHI:     DedicatedSystemMemory : 0 bytes
[2022.05.02-22.55.04:050][  0]LogD3D11RHI:     SharedSystemMemory : 8508551168 bytes
[2022.05.02-22.55.04:050][  0]LogD3D11RHI:     AdapterLuid : 0 61303
[2022.05.02-22.55.04:055][  0]LogD3D11RHI: Creating new Direct3DDevice
[2022.05.02-22.55.04:056][  0]LogD3D11RHI:     GPU DeviceId: 0x1f11 (for the marketing name, search the web for "GPU Device Id")
[2022.05.02-22.55.04:056][  0]LogWindows: EnumDisplayDevices:
[2022.05.02-22.55.04:056][  0]LogWindows:    0. 'Intel(R) UHD Graphics 630' (P:1 D:1)
[2022.05.02-22.55.04:056][  0]LogWindows:    1. 'Intel(R) UHD Graphics 630' (P:0 D:0)
[2022.05.02-22.55.04:056][  0]LogWindows:    2. 'Intel(R) UHD Graphics 630' (P:0 D:0)
[2022.05.02-22.55.04:056][  0]LogWindows:    3. 'NVIDIA GeForce RTX 2060' (P:0 D:0)
[2022.05.02-22.55.04:056][  0]LogWindows:    4. 'NVIDIA GeForce RTX 2060' (P:0 D:0)
[2022.05.02-22.55.04:056][  0]LogWindows:    5. 'NVIDIA GeForce RTX 2060' (P:0 D:0)
[2022.05.02-22.55.04:057][  0]LogWindows:    6. 'NVIDIA GeForce RTX 2060' (P:0 D:0)
[2022.05.02-22.55.04:057][  0]LogWindows: DebugString: PrimaryIsNotTheChoosenAdapter PrimaryIsNotTheChoosenAdapter PrimaryIsNotTheChoosenAdapter FoundDriverCount:4 
[2022.05.02-22.55.04:057][  0]LogD3D11RHI:     Adapter Name: NVIDIA GeForce RTX 2060
[2022.05.02-22.55.04:057][  0]LogD3D11RHI:   Driver Version: 512.15 (internal:30.0.15.1215, unified:512.15)
[2022.05.02-22.55.04:057][  0]LogD3D11RHI:      Driver Date: 3-17-2022
[2022.05.02-22.55.04:057][  0]LogRHI: Texture pool is 4186 MB (70% of 5980 MB)
[2022.05.02-22.55.04:057][  0]LogD3D11RHI: Creating D3DDevice using adapter:
[2022.05.02-22.55.04:057][  0]LogD3D11RHI:     Description : NVIDIA GeForce RTX 2060
[2022.05.02-22.55.04:057][  0]LogD3D11RHI:     VendorId    : 10de
[2022.05.02-22.55.04:057][  0]LogD3D11RHI:     DeviceId    : 1f11
[2022.05.02-22.55.04:057][  0]LogD3D11RHI:     SubSysId    : 129b1462
[2022.05.02-22.55.04:057][  0]LogD3D11RHI:     Revision    : 00a1
[2022.05.02-22.55.04:057][  0]LogD3D11RHI:     DedicatedVideoMemory : 6270484480 bytes
[2022.05.02-22.55.04:057][  0]LogD3D11RHI:     DedicatedSystemMemory : 0 bytes
[2022.05.02-22.55.04:057][  0]LogD3D11RHI:     SharedSystemMemory : 8508551168 bytes
[2022.05.02-22.55.04:057][  0]LogD3D11RHI:     AdapterLuid : 0 61303
[2022.05.02-22.55.04:101][  0]LogD3D11RHI: RHI has support for 64 bit atomics
[2022.05.02-22.55.04:101][  0]LogD3D11RHI: Async texture creation enabled
[2022.05.02-22.55.04:101][  0]LogD3D11RHI: Array index from any shader is supported
[2022.05.02-22.55.04:113][  0]LogD3D11RHI: GPU Timing Frequency: 1000.000000 (Debug: 2 1)
[2022.05.02-22.55.04:145][  0]LogRHI: GeForceNow SDK initialized: 1
[2022.05.02-22.55.04:406][  0]LogTargetPlatformManager: Display: Loaded TargetPlatform 'WindowsNoEditor'
[2022.05.02-22.55.04:413][  0]LogTargetPlatformManager: Display: Loaded TargetPlatform 'Windows'
[2022.05.02-22.55.04:419][  0]LogTargetPlatformManager: Display: Loaded TargetPlatform 'WindowsClient'
[2022.05.02-22.55.04:424][  0]LogTargetPlatformManager: Display: Loaded TargetPlatform 'WindowsServer'
[2022.05.02-22.55.04:424][  0]LogTargetPlatformManager: Display: Building Assets For Windows
[2022.05.02-22.55.04:433][  0]LogAudioDebug: Display: Lib vorbis DLL was dynamically loaded.
[2022.05.02-22.55.04:459][  0]LogTextureFormatOodle: Display: Oodle Texture 2.9.0 init RDO Off
[2022.05.02-22.55.04:485][  0]LogRendererCore: Ray tracing is disabled. Reason: r.RayTracing=0.
[2022.05.02-22.55.04:485][  0]LogShaderCompilers: Guid format shader working directory is -26 characters bigger than the processId version (../../../../../../Users/99gol/Documents/Unreal Projects/Notif_Experiment/Intermediate/Shaders/WorkingDirectory/8772/).
[2022.05.02-22.55.04:485][  0]LogShaderCompilers: Cleaned the shader compiler working directory 'C:/Users/99gol/AppData/Local/Temp/UnrealShaderWorkingDir/D567E3054090FF80D72EBEB828EB2C6E/'.
[2022.05.02-22.55.04:485][  0]LogXGEController: Cannot use XGE Controller as Incredibuild is not installed on this machine.
[2022.05.02-22.55.04:485][  0]LogShaderCompilers: Cannot use XGE Shader Compiler as Incredibuild is not installed on this machine.
[2022.05.02-22.55.04:485][  0]LogShaderCompilers: Display: Using Local Shader Compiler.
[2022.05.02-22.55.05:202][  0]LogDerivedDataCache: Display: Max Cache Size: 512 MB
[2022.05.02-22.55.05:249][  0]LogDerivedDataCache: Loaded boot cache 0.05s 94MB C:/Users/99gol/AppData/Local/UnrealEngine/4.27/DerivedDataCache/Boot.ddc.
[2022.05.02-22.55.05:249][  0]LogDerivedDataCache: Display: Loaded Boot cache: C:/Users/99gol/AppData/Local/UnrealEngine/4.27/DerivedDataCache/Boot.ddc
[2022.05.02-22.55.05:250][  0]LogDerivedDataCache: FDerivedDataBackendGraph:  Pak pak cache file ../../../../../../Users/99gol/Documents/Unreal Projects/Notif_Experiment/DerivedDataCache/DDC.ddp not found, will not use a pak cache.
[2022.05.02-22.55.05:250][  0]LogDerivedDataCache: Unable to find inner node Pak for hierarchical cache Hierarchy.
[2022.05.02-22.55.05:250][  0]LogDerivedDataCache: FDerivedDataBackendGraph:  CompressedPak pak cache file ../../../../../../Users/99gol/Documents/Unreal Projects/Notif_Experiment/DerivedDataCache/Compressed.ddp not found, will not use a pak cache.
[2022.05.02-22.55.05:250][  0]LogDerivedDataCache: Unable to find inner node CompressedPak for hierarchical cache Hierarchy.
[2022.05.02-22.55.05:264][  0]LogDerivedDataCache: Display: Pak cache opened for reading ../../../Engine/DerivedDataCache/Compressed.ddp.
[2022.05.02-22.55.05:264][  0]LogDerivedDataCache: FDerivedDataBackendGraph:  EnterprisePak pak cache file ../../../Enterprise/DerivedDataCache/Compressed.ddp not found, will not use a pak cache.
[2022.05.02-22.55.05:264][  0]LogDerivedDataCache: Unable to find inner node EnterprisePak for hierarchical cache Hierarchy.
[2022.05.02-22.55.05:278][  0]LogDerivedDataCache: Speed tests for C:/Users/99gol/AppData/Local/UnrealEngine/Common/DerivedDataCache took 0.01 seconds
[2022.05.02-22.55.05:278][  0]LogDerivedDataCache: Display: Performance to C:/Users/99gol/AppData/Local/UnrealEngine/Common/DerivedDataCache: Latency=0.02ms. RandomReadSpeed=241.03MBs, RandomWriteSpeed=95.62MBs. Assigned SpeedClass 'Local'
[2022.05.02-22.55.05:279][  0]LogDerivedDataCache: Using Local data cache path C:/Users/99gol/AppData/Local/UnrealEngine/Common/DerivedDataCache: Writable
[2022.05.02-22.55.05:279][  0]LogDerivedDataCache: Shared data cache path not found in *engine.ini, will not use an Shared cache.
[2022.05.02-22.55.05:279][  0]LogDerivedDataCache: Unable to find inner node Shared for hierarchical cache Hierarchy.
[2022.05.02-22.55.05:312][  0]LogSlate: Using FreeType 2.10.0
[2022.05.02-22.55.05:312][  0]LogSlate: SlateFontServices - WITH_FREETYPE: 1, WITH_HARFBUZZ: 1
[2022.05.02-22.55.05:402][  0]LogInit: Using OS detected language (en-US).
[2022.05.02-22.55.05:402][  0]LogInit: Using OS detected locale (en-US).
[2022.05.02-22.55.05:402][  0]LogTextLocalizationManager: No localization for 'en-US' exists, so 'en' will be used for the language.
[2022.05.02-22.55.05:402][  0]LogTextLocalizationManager: No localization for 'en-US' exists, so 'en' will be used for the locale.
[2022.05.02-22.55.05:402][  0]LogSlate: FontCache flush requested. Reason: Culture for localization was changed
[2022.05.02-22.55.05:402][  0]LogSlate: FontCache flush requested. Reason: Culture for localization was changed
[2022.05.02-22.55.05:405][  0]LogTextLocalizationManager: Compacting localization data took   0.00ms
[2022.05.02-22.55.05:405][  0]LogAssetRegistry: FAssetRegistry took 0.0022 seconds to start up
[2022.05.02-22.55.05:545][  0]LogPackageLocalizationCache: Processed 27 localized package path(s) for 1 prioritized culture(s) in 0.000887 seconds
[2022.05.02-22.55.05:602][  0]LogInit: Selected Device Profile: [Windows]
[2022.05.02-22.55.05:602][  0]LogInit: Active device profile: [0000028AE8A49400][0000028AE42AB500 49] Windows
[2022.05.02-22.55.05:602][  0]LogInit: Profiles: [0000028AE8A49400][0000028AE42AB500 49] Windows, [0000028AE8A49500][0000028AE1999680 49] WindowsNoEditor, [0000028AE8A49600][0000028AE19957C0 49] WindowsServer, [0000028AE89E2400][0000028AE199D900 49] WindowsClient, [0000028AE89C5E00][0000028AE19A1A40 49] IOS, [0000028AE89E0700][0000028AE19A9BC0 49] iPadAir, [0000028AE89C7C00][0000028AE19AC1C0 49] iPadAir2, [0000028AE8980800][0000028AE19B4480 49] IPadPro, [0000028AE8980900][0000028AE19B04C0 49] iPadAir3, [0000028AE89C4200][0000028AE19B8640 49] iPadAir4, [0000028AE8980600][0000028AE19BC7C0 49] iPadMini2, [0000028AE89C4500][0000028AE19C0940 49] iPadMini3, [0000028AE8981500][0000028AE1A56AC0 49] iPadMini4, [0000028AE89C7D00][0000028AE1A5AC40 49] iPadMini5, [0000028AE89E2800][0000028AE1A62F00 49] iPhone6, [0000028AE8973F00][0000028AE1A5EF40 49] iPodTouch6, [0000028AE89E0300][0000028AE1A6B200 49] iPhone7, [0000028AE8983900][0000028AE1A67240 49] iPodTouch7, [0000028AE8970500][0000028AE1A6F3C0 49] iPhone5S, [0000028AE8983D00][0000028AE1A73540 49] iPhone6Plus, [0000028AE8973300][0000028AE1A776C0 49] iPhone6S, [0000028AE8980100][0000028AE1A7B840 49] iPhone6SPlus, [0000028AE8970F00][0000028AE19A5980 49] iPhone7Plus, [0000028AE8983100][0000028AE1A7FAC0 49] iPhoneSE, [0000028AE8972A00][0000028AE1A83C00 49] iPhone8, [0000028AE8983C00][0000028AE1A861C0 49] iPhone8Plus, [0000028AE8971800][0000028AE1A8E340 49] iPhoneX, [0000028AE8982A00][0000028AE1A924C0 49] iPhoneXS, [0000028AE8972100][0000028AE1A96640 49] iPhoneXSMax, [0000028AE8983400][0000028AE1A9A7C0 49] iPhoneXR, [0000028AE8973200][0000028AE1A9E940 49] iPhone11, [0000028AE8980500][0000028AE917CAC0 49] iPhone11Pro, [0000028AE8971100][0000028AE9180C40 49] iPhone11ProMax, [0000028AE8981900][0000028AE9184DC0 49] iPhoneSE2, [0000028AE8972800][0000028AE9188F40 49] iPhone12Mini, [0000028AE8982600][0000028AE918D0C0 49] iPhone12, [0000028AE8970400][0000028AE9191240 49] iPhone12Pro, [0000028AE8983600][0000028AE91953C0 49] iPhone12ProMax, [0000028AE8973A00][0000028AE9199540 49] iPadPro105, [0000028AE8981A00][0000028AE919D6C0 49] iPadPro129, [0000028AE8973E00][0000028AE91A1840 49] iPadPro97, [0000028AE8981F00][0000028AE91A59C0 49] iPadPro2_129, [0000028AE8972300][0000028AE1A8BB00 49] iPad5, [0000028AE8982200][0000028AE91A80C0 49] iPad6, [0000028AE8973800][0000028AE91AC200 49] iPad7, [0000028AE8981B00][0000028AE91B0340 49] iPad8, [0000028AE8971300][0000028AE91B84C0 49] iPadPro11, [0000028AE8980D00][0000028AE91BC640 49] iPadPro2_11, [0000028AE8971500][0000028AE91C07C0 49] iPadPro3_129, [0000028AE8980A00][0000028AE91C4940 49] iPadPro4_129, [0000028AE8971B00][0000028AE91C8AC0 49] AppleTV, [0000028AE8981800][0000028AE91CCC40 49] AppleTV4K, [0000028AE8973500][0000028AE91D0DC0 49] TVOS, [0000028AE8980E00][0000028AE91D4F40 49] Mac, [0000028AE8972200][0000028AE91D90C0 49] MacClient, [0000028AE8980700][0000028AE91DD240 49] MacNoEditor, [0000028AE8973000][0000028AE91E13C0 49] MacServer, [0000028AE8983B00][0000028AE91E5540 49] Linux, [0000028AE8973900][0000028AE91E96C0 49] LinuxAArch64, [0000028AE8982000][0000028AE91ED840 49] LinuxNoEditor, [0000028AE8971F00][0000028AE91F19C0 49] LinuxAArch64NoEditor, [0000028AE8981300][0000028AE91F5B40 49] LinuxClient, [0000028AE8970E00][0000028AE91F8140 49] LinuxAArch64Client, [0000028AE8981E00][0000028AE91B4280 49] LinuxServer, [0000028AE8972B00][0000028AE91FC3C0 49] LinuxAArch64Server, [0000028AE8983700][0000028AE9200500 49] Android, [0000028AE8973700][0000028AE9208680 49] Android_Low, [0000028AE8A48400][0000028AE920C800 49] Android_Mid, [0000028AE89E2D00][0000028AE9210980 49] Android_High, [0000028AE8A48500][0000028AE9214B00 49] Android_Default, [0000028AE89E2F00][0000028AE9218C80 49] Android_Adreno4xx, [0000028AE8A4B000][0000028AE921CE00 49] Android_Adreno5xx_Low, [0000028AE89E3000][0000028AE9220F80 49] Android_Adreno5xx, [0000028AE8A48100][0000028AE9225100 49] Android_Adreno6xx, [0000028AE89E3C00][0000028AE9229280 49] Android_Adreno6xx_Vulkan, [0000028AE8A49700][0000028AE922D400 49] Android_Mali_T6xx, [0000028AE89E0F00][0000028AE9231580 49] Android_Mali_T7xx, [0000028AE8A4A800][0000028AE9235700 49] Android_Mali_T8xx, [0000028AE89E1500][0000028AE9239880 49] Android_Mali_G71, [0000028AE8A4AA00][0000028AE923DA00 49] Android_Mali_G72, [0000028AE89E0D00][0000028AE9241B80 49] Android_Mali_G72_Vulkan, [0000028AE8A48300][0000028AE9244180 49] Android_Mali_G76, [0000028AE89E3A00][0000028AE9248300 49] Android_Mali_G76_Vulkan, [0000028AE8A49100][0000028AE9204440 49] Android_Mali_G77, [0000028AE89E0B00][0000028AE924C580 49] Android_Mali_G77_Vulkan, [0000028AE8A4A400][0000028AE92506C0 49] Android_Mali_G78, [0000028AE89E1D00][0000028AE9258840 49] Android_Mali_G78_Vulkan, [0000028AE8A4AE00][0000028AE925C9C0 49] Android_Mali_G710, [0000028AE89E1300][0000028AE9260B40 49] Android_Mali_G710_Vulkan, [0000028AE8A4AB00][0000028AE9264CC0 49] Android_Vulkan_SM5, [0000028AE89E2700][0000028AE9268E40 49] Android_PowerVR_G6xxx, [0000028AE8A4B400][0000028AE926CFC0 49] Android_PowerVR_GT7xxx, [0000028AE89E1400][0000028AE9271140 49] Android_PowerVR_GE8xxx, [0000028AE8A49000][0000028AE92752C0 49] Android_PowerVR_GM9xxx, [0000028AE89E3B00][0000028AE9279440 49] Android_PowerVR_GM9xxx_Vulkan, [0000028AE8A49300][0000028AE927D5C0 49] Android_TegraK1, [0000028AE8982700][0000028AE9281740 49] Android_Unknown_Vulkan, [0000028AE8A48800][0000028AE92858C0 49] Lumin, [0000028AE8981100][0000028AE9289A40 49] Lumin_Desktop, [0000028AE8A49D00][0000028AE928DBC0 49] HoloLens, 
[2022.05.02-22.55.05:638][  0]LogMeshReduction: Using QuadricMeshReduction for automatic static mesh reduction
[2022.05.02-22.55.05:638][  0]LogMeshReduction: Using SimplygonMeshReduction for automatic skeletal mesh reduction
[2022.05.02-22.55.05:638][  0]LogMeshReduction: Using ProxyLODMeshReduction for automatic mesh merging
[2022.05.02-22.55.05:638][  0]LogMeshReduction: No distributed automatic mesh merging module available
[2022.05.02-22.55.05:638][  0]LogMeshMerging: No distributed automatic mesh merging module available
[2022.05.02-22.55.05:731][  0]LogNetVersion: Notif_Experiment 1.0.0, NetCL: 17155196, EngineNetVer: 17, GameNetVer: 0 (Checksum: 1091822903)
[2022.05.02-22.55.05:925][  0]LogTexture: Default maximum texture size for cubemaps generated from long-lat sources has been changed from 512 to unlimited. In order to preserve old behaiour for '/Engine/MapTemplates/Sky/DaylightAmbientCubemap.DaylightAmbientCubemap', its maximum texture size has been explicitly set to 512.
[2022.05.02-22.55.05:968][  0]LogHMD: PokeAHoleMaterial loaded successfully
[2022.05.02-22.55.06:051][  0]LogMoviePlayer: Initializing movie player
[2022.05.02-22.55.06:186][  0]LogNiagaraDebuggerClient: Niagara Debugger Client Initialized | Session: CE284BDB4F4D474613DBA49C893C08E0 | Instance: CF3697E24F6A1B5231E02BB1664E181D (REVAN-8772).
[2022.05.02-22.55.06:202][  0]LogCollectionManager: Loaded 0 collections in 0.001225 seconds
[2022.05.02-22.55.06:204][  0]LogFileCache: Scanning file cache for directory 'C:/Users/99gol/Documents/Unreal Projects/Notif_Experiment/Saved/Collections/' took 0.00s
[2022.05.02-22.55.06:204][  0]LogFileCache: Scanning file cache for directory 'C:/Users/99gol/Documents/Unreal Projects/Notif_Experiment/Content/Developers/99gol/Collections/' took 0.00s
[2022.05.02-22.55.06:204][  0]LogCollectionManager: Fixed up redirectors for 0 collections in 0.000001 seconds (updated 0 objects)
[2022.05.02-22.55.06:289][  0]LogFileCache: Scanning file cache for directory 'C:/Users/99gol/Documents/Unreal Projects/Notif_Experiment/Content/Collections/' took 0.00s
[2022.05.02-22.55.06:289][  0]LogTcpMessaging: Initializing TcpMessaging bridge
[2022.05.02-22.55.06:292][  0]LogUdpMessaging: Initializing bridge on interface 0.0.0.0:0 to multicast group 230.0.0.1:6666.
[2022.05.02-22.55.06:301][  0]LogPython: Using Python 3.7.7
[2022.05.02-22.55.06:777][  0]SourceControl: Source control is disabled
[2022.05.02-22.55.06:777][  0]SourceControl: Source control is disabled
[2022.05.02-22.55.06:780][  0]SourceControl: Source control is disabled
[2022.05.02-22.55.06:784][  0]LogUProjectInfo: Found projects:
[2022.05.02-22.55.06:873][  0]LogOpenImageDenoise: OIDN starting up
[2022.05.02-22.55.06:878][  0]LogAndroidPermission: UAndroidPermissionCallbackProxy::GetInstance
[2022.05.02-22.55.06:893][  0]LogAudioCaptureCore: Display: No Audio Capture implementations found. Audio input will be silent.
[2022.05.02-22.55.06:893][  0]LogAudioCaptureCore: Display: No Audio Capture implementations found. Audio input will be silent.
[2022.05.02-22.55.06:955][  0]LogOcInput: OculusInput pre-init called
[2022.05.02-22.55.06:962][  0]LogUObjectArray: 22126 objects as part of root set at end of initial load.
[2022.05.02-22.55.06:962][  0]LogUObjectAllocator: 5976992 out of 0 bytes used by permanent object pool.
[2022.05.02-22.55.06:962][  0]LogUObjectArray: CloseDisregardForGC: 0/0 objects in disregard for GC pool
[2022.05.02-22.55.07:003][  0]LogEngine: Initializing Engine...
[2022.05.02-22.55.07:005][  0]LogHMD: Failed to enumerate extensions. Please check that you have a valid OpenXR runtime installed.
[2022.05.02-22.55.07:005][  0]LogHMD: Failed to initialize OpenVR with code 110
[2022.05.02-22.55.07:005][  0]LogMagicLeap: Warning: VR disabled because ZI is not enabled.  To enable, in the editor, Edit -> Project Settings -> Plugins -> Magic Leap Plugin -> Enable Zero Iteration
[2022.05.02-22.55.07:006][  0]LogStats: UGameplayTagsManager::InitializeManager -  0.000 s
[2022.05.02-22.55.07:085][  0]LogInit: Initializing FReadOnlyCVARCache
[2022.05.02-22.55.07:085][  0]LogAudio: Display: Initializing Audio Device Manager...
[2022.05.02-22.55.07:088][  0]LogAudio: Display: Loading Default Audio Settings Objects...
[2022.05.02-22.55.07:089][  0]LogAudio: Display: No default SoundConcurrencyObject specified (or failed to load).
[2022.05.02-22.55.07:089][  0]LogAudio: Display: Audio Device Manager Initialized
[2022.05.02-22.55.07:089][  0]LogAudio: Display: Creating Audio Device:                 Id: 1, Scope: Shared, Realtime: True
[2022.05.02-22.55.07:089][  0]LogAudioMixer: Display: Audio Mixer Platform Settings:
[2022.05.02-22.55.07:089][  0]LogAudioMixer: Display: 	Sample Rate:						  48000
[2022.05.02-22.55.07:089][  0]LogAudioMixer: Display: 	Callback Buffer Frame Size Requested: 1024
[2022.05.02-22.55.07:089][  0]LogAudioMixer: Display: 	Callback Buffer Frame Size To Use:	  1024
[2022.05.02-22.55.07:089][  0]LogAudioMixer: Display: 	Number of buffers to queue:			  2
[2022.05.02-22.55.07:089][  0]LogAudioMixer: Display: 	Max Channels (voices):				  32
[2022.05.02-22.55.07:089][  0]LogAudioMixer: Display: 	Number of Async Source Workers:		  0
[2022.05.02-22.55.07:089][  0]LogAudio: Display: AudioDevice MaxSources: 32
[2022.05.02-22.55.07:090][  0]LogAudio: Display: Audio Spatialization Plugin: None (built-in).
[2022.05.02-22.55.07:090][  0]LogAudio: Display: Audio Reverb Plugin: None (built-in).
[2022.05.02-22.55.07:090][  0]LogAudio: Display: Audio Occlusion Plugin: None (built-in).
[2022.05.02-22.55.07:090][  0]LogAudioMixer: Display: Initializing audio mixer.
[2022.05.02-22.55.07:129][  0]LogAudioMixer: Display: 0: FrontLeft
[2022.05.02-22.55.07:129][  0]LogAudioMixer: Display: 1: FrontRight
[2022.05.02-22.55.07:197][  0]LogAudioMixer: Display: Using Audio Device Speakers (Realtek(R) Audio)
[2022.05.02-22.55.07:200][  0]LogAudioMixer: Display: Initializing Sound Submixes...
[2022.05.02-22.55.07:201][  0]LogAudioMixer: Display: Creating Master Submix 'MasterSubmixDefault'
[2022.05.02-22.55.07:201][  0]LogAudioMixer: Display: Creating Master Submix 'MasterReverbSubmixDefault'
[2022.05.02-22.55.07:202][  0]LogAudioMixer: Display: Creating Master Submix 'MasterEQSubmixDefault'
[2022.05.02-22.55.07:202][  0]LogAudioMixer: FMixerPlatformXAudio2::StartAudioStream() called
[2022.05.02-22.55.07:202][  0]LogAudioMixer: Display: Output buffers initialized: Frames=1024, Channels=2, Samples=2048
[2022.05.02-22.55.07:203][  0]LogAudioMixer: Display: Starting AudioMixerPlatformInterface::RunInternal()
[2022.05.02-22.55.07:203][  0]LogAudioMixer: Display: FMixerPlatformXAudio2::SubmitBuffer() called for the first time
[2022.05.02-22.55.07:203][  0]LogInit: FAudioDevice initialized.
[2022.05.02-22.55.07:204][  0]LogNetVersion: Set ProjectVersion to 1.0.0.0. Version Checksum will be recalculated on next use.
[2022.05.02-22.55.07:204][  0]LogInit: Texture streaming: Enabled
[2022.05.02-22.55.07:342][  0]LogPackageName: SearchForPackageOnDisk took   0.081s to resolve MainMenu.umap.
[2022.05.02-22.55.07:343][  0]LogAudio: Display: Audio Device (ID: 1) registered with world 'Untitled'.
[2022.05.02-22.55.07:343][  0]LogSlate: Updating window title bar state: overlay mode, drag disabled, window buttons hidden, title bar hidden
[2022.05.02-22.55.07:343][  0]LogInit: Display: Game Engine Initialized.
[2022.05.02-22.55.07:343][  0]LogNiagaraEditor: GEditor isn't valid! Particle reset commands will not work for Niagara components!
[2022.05.02-22.55.07:444][  0]LogInit: Display: Starting Game.
[2022.05.02-22.55.07:444][  0]LogNet: Browse: /Game/NotificationExperiment/Maps/Maze3?Name=Player
[2022.05.02-22.55.07:444][  0]LogLoad: LoadMap: /Game/NotificationExperiment/Maps/Maze3?Name=Player
[2022.05.02-22.55.07:444][  0]LogWorld: BeginTearingDown for /Temp/Untitled_0
[2022.05.02-22.55.07:446][  0]LogWorld: UWorld::CleanupWorld for Untitled, bSessionEnded=true, bCleanupResources=true
[2022.05.02-22.55.07:446][  0]LogSlate: InvalidateAllWidgets triggered.  All widgets were invalidated
[2022.05.02-22.55.07:452][  0]LogAudio: Display: Audio Device unregistered from world 'None'.
[2022.05.02-22.55.07:454][  0]LogUObjectHash: Compacting FUObjectHashTables data took   0.72ms
[2022.05.02-22.55.07:790][  0]LogAudio: Display: Audio Device (ID: 1) registered with world 'Maze3'.
[2022.05.02-22.55.07:796][  0]LogAIModule: Creating AISystem for world Maze3
[2022.05.02-22.55.07:797][  0]LogLoad: Game class is 'ThirdPersonGameMode_C'
[2022.05.02-22.55.07:804][  0]LogWorld: Bringing World /Game/NotificationExperiment/Maps/Maze3.Maze3 up for play (max tick rate 0) at 2022.05.02-16.55.07
[2022.05.02-22.55.07:805][  0]LogWorld: Bringing up level for play took: 0.007203
[2022.05.02-22.55.07:808][  0]LogLoad: Took 0.363373 seconds to LoadMap(/Game/NotificationExperiment/Maps/Maze3)
[2022.05.02-22.55.07:837][  0]LogSlate: Took 0.000168 seconds to synchronously load lazily loaded font '../../../Engine/Content/Slate/Fonts/Roboto-Regular.ttf' (155K)
[2022.05.02-22.55.07:858][  0]LogRenderer: Reallocating scene render targets to support 1280x720 Format 10 NumSamples 1 (Frame:1).
[2022.05.02-22.55.07:858][  0]LogInit: Display: Engine is initialized. Leaving FEngineLoop::Init()
[2022.05.02-22.55.07:859][  0]LogLoad: (Engine Initialization) Total time: 5.35 seconds
[2022.05.02-22.55.07:859][  0]LogLoad: (Engine Initialization) Total Blueprint compile time: 0.00 seconds
[2022.05.02-22.55.07:866][  0]LogContentStreaming: Texture pool size now 1000 MB
[2022.05.02-22.55.07:868][  0]LogSlate: InvalidateAllWidgets triggered.  All widgets were invalidated
[2022.05.02-22.55.07:993][  0]LogRenderer: Reallocating scene render targets to support 128x128 Format 10 NumSamples 1 (Frame:1).
[2022.05.02-22.55.08:028][  0]LogRenderer: Reallocating scene render targets to support 1280x720 Format 10 NumSamples 1 (Frame:2).
[2022.05.02-22.55.08:041][  1]LogSlate: Took 0.000111 seconds to synchronously load lazily loaded font '../../../Engine/Content/Slate/Fonts/Roboto-Regular.ttf' (155K)
[2022.05.02-22.55.14:117][748]LogSlate: Window 'Notif_Experiment (64-bit Development PCD3D_SM5) ' being destroyed
[2022.05.02-22.55.14:118][748]LogWindowsTextInputMethodSystem: Display: IME system deactivated.
[2022.05.02-22.55.14:124][748]LogWindowsTextInputMethodSystem: Display: IME system deactivated.
[2022.05.02-22.55.14:125][748]LogSlate: Updating window title bar state: overlay mode, drag disabled, window buttons hidden, title bar hidden
[2022.05.02-22.55.14:125][748]LogEngine: All Windows Closed
[2022.05.02-22.55.14:125][748]LogWindows: FPlatformMisc::RequestExit(0)
[2022.05.02-22.55.14:125][748]LogWindows: FPlatformMisc::RequestExitWithStatus(0, 0)
[2022.05.02-22.55.14:125][748]LogCore: Engine exit requested (reason: Win RequestExit)
[2022.05.02-22.55.14:125][749]LogCore: Engine exit requested (reason: EngineExit() was called; note: exit was already requested)
[2022.05.02-22.55.14:125][749]LogInit: Display: PreExit Game.
[2022.05.02-22.55.14:140][749]LogWorld: BeginTearingDown for /Game/NotificationExperiment/Maps/Maze3
[2022.05.02-22.55.14:141][749]LogWorld: UWorld::CleanupWorld for Maze3, bSessionEnded=true, bCleanupResources=true
[2022.05.02-22.55.14:143][749]LogSlate: InvalidateAllWidgets triggered.  All widgets were invalidated
[2022.05.02-22.55.15:012][749]LogAudio: Display: Beginning Audio Device Manager Shutdown (Module: AudioMixerXAudio2)...
[2022.05.02-22.55.15:012][749]LogAudio: Display: Destroying 1 Remaining Audio Device(s)...
[2022.05.02-22.55.15:012][749]LogAudio: Display: Audio Device unregistered from world 'Maze3'.
[2022.05.02-22.55.15:015][749]LogAudioMixer: FMixerPlatformXAudio2::StopAudioStream() called
[2022.05.02-22.55.15:017][749]LogAudioMixer: FMixerPlatformXAudio2::StopAudioStream() called
[2022.05.02-22.55.15:055][749]LogAudio: Display: Audio Device Manager Shutdown
[2022.05.02-22.55.15:059][749]LogExit: Preparing to exit.
[2022.05.02-22.55.15:064][749]LogSlate: Updating window title bar state: overlay mode, drag disabled, window buttons hidden, title bar hidden
[2022.05.02-22.55.15:066][749]LogUObjectHash: Compacting FUObjectHashTables data took   0.91ms
[2022.05.02-22.55.15:298][749]LogMoviePlayer: Shutting down movie player
[2022.05.02-22.55.15:444][749]LogDemo: Cleaned up 0 splitscreen connections with owner deletion
[2022.05.02-22.55.15:448][749]LogExit: Game engine shut down
[2022.05.02-22.55.15:479][749]LogExit: Object subsystem successfully closed.
[2022.05.02-22.55.15:490][749]LogShaderCompilers: Display: === FShaderJobCache stats ===
[2022.05.02-22.55.15:490][749]LogShaderCompilers: Display: Total job queries 0, among them cache hits 0 (0.00%)
[2022.05.02-22.55.15:490][749]LogShaderCompilers: Display: Tracking 0 distinct input hashes that result in 0 distinct outputs (0.00%)
[2022.05.02-22.55.15:490][749]LogShaderCompilers: Display: RAM used: 0.00 MB (0.00 GB) of 819.20 MB (0.80 GB) budget. Usage: 0.00%
[2022.05.02-22.55.15:490][749]LogShaderCompilers: Display: ================================================
[2022.05.02-22.55.15:493][749]LogShaderCompilers: Display: Shaders left to compile 0
[2022.05.02-22.55.15:506][749]LogModuleManager: Shutting down and abandoning module SequenceRecorderSections (562)
[2022.05.02-22.55.15:506][749]LogModuleManager: Shutting down and abandoning module SequenceRecorder (560)
[2022.05.02-22.55.15:506][749]LogModuleManager: Shutting down and abandoning module AutomationController (558)
[2022.05.02-22.55.15:506][749]LogModuleManager: Shutting down and abandoning module AutomationWorker (556)
[2022.05.02-22.55.15:506][749]LogModuleManager: Shutting down and abandoning module Voice (554)
[2022.05.02-22.55.15:506][749]LogModuleManager: Shutting down and abandoning module AIModule (552)
[2022.05.02-22.55.15:506][749]LogModuleManager: Shutting down and abandoning module GameplayDebugger (551)
[2022.05.02-22.55.15:506][749]LogModuleManager: Shutting down and abandoning module AITestSuite (549)
[2022.05.02-22.55.15:506][749]LogModuleManager: Shutting down and abandoning module NavigationSystem (547)
[2022.05.02-22.55.15:506][749]LogModuleManager: Shutting down and abandoning module AnimGraph (544)
[2022.05.02-22.55.15:506][749]LogModuleManager: Shutting down and abandoning module SteamVREditor (542)
[2022.05.02-22.55.15:506][749]LogModuleManager: Shutting down and abandoning module ToolMenus (541)
[2022.05.02-22.55.15:506][749]LogModuleManager: Shutting down and abandoning module OculusMR (538)
[2022.05.02-22.55.15:506][749]LogModuleManager: Shutting down and abandoning module TakeRecorderSources (536)
[2022.05.02-22.55.15:506][749]LogModuleManager: Shutting down and abandoning module TakeRecorder (535)
[2022.05.02-22.55.15:506][749]LogModuleManager: Shutting down and abandoning module TakeTrackRecorders (532)
[2022.05.02-22.55.15:506][749]LogModuleManager: Shutting down and abandoning module TakesCore (530)
[2022.05.02-22.55.15:506][749]LogModuleManager: Shutting down and abandoning module OpenXRInput (528)
[2022.05.02-22.55.15:506][749]LogModuleManager: Shutting down and abandoning module PlanarCut (526)
[2022.05.02-22.55.15:506][749]LogModuleManager: Shutting down and abandoning module CharacterAI (524)
[2022.05.02-22.55.15:506][749]LogModuleManager: Shutting down and abandoning module WmfMediaFactory (522)
[2022.05.02-22.55.15:506][749]LogModuleManager: Shutting down and abandoning module WebMMediaFactory (520)
[2022.05.02-22.55.15:506][749]LogModuleManager: Shutting down and abandoning module WebMMedia (518)
[2022.05.02-22.55.15:506][749]LogModuleManager: Shutting down and abandoning module OpenExrWrapper (516)
[2022.05.02-22.55.15:506][749]LogModuleManager: Shutting down and abandoning module ImgMediaFactory (514)
[2022.05.02-22.55.15:506][749]LogModuleManager: Shutting down and abandoning module AvfMediaFactory (512)
[2022.05.02-22.55.15:506][749]LogModuleManager: Shutting down and abandoning module MagicLeapMediaCodecFactory (510)
[2022.05.02-22.55.15:506][749]LogModuleManager: Shutting down and abandoning module MagicLeapMediaFactory (508)
[2022.05.02-22.55.15:506][749]LogModuleManager: Shutting down and abandoning module SessionServices (506)
[2022.05.02-22.55.15:506][749]LogModuleManager: Shutting down and abandoning module MovieSceneCapture (504)
[2022.05.02-22.55.15:507][749]LogModuleManager: Shutting down and abandoning module LiveCoding (502)
[2022.05.02-22.55.15:507][749]LogModuleManager: Shutting down and abandoning module LevelSequence (500)
[2022.05.02-22.55.15:507][749]LogModuleManager: Shutting down and abandoning module MovieSceneTracks (498)
[2022.05.02-22.55.15:507][749]LogModuleManager: Shutting down and abandoning module MovieScene (496)
[2022.05.02-22.55.15:507][749]LogModuleManager: Shutting down and abandoning module StreamingPauseRendering (494)
[2022.05.02-22.55.15:507][749]LogModuleManager: Shutting down and abandoning module PortalServices (492)
[2022.05.02-22.55.15:507][749]LogModuleManager: Shutting down and abandoning module PortalRpc (490)
[2022.05.02-22.55.15:507][749]LogModuleManager: Shutting down and abandoning module MessagingRpc (488)
[2022.05.02-22.55.15:507][749]LogModuleManager: Shutting down and abandoning module AudioMixerXAudio2 (486)
[2022.05.02-22.55.15:507][749]LogModuleManager: Shutting down and abandoning module AudioMixerCore (485)
[2022.05.02-22.55.15:507][749]LogModuleManager: Shutting down and abandoning module ImageWriteQueue (482)
[2022.05.02-22.55.15:509][749]LogModuleManager: Shutting down and abandoning module ProfilerService (480)
[2022.05.02-22.55.15:741][749]LogModuleManager: Shutting down and abandoning module TaskGraph (478)
[2022.05.02-22.55.15:741][749]LogModuleManager: Shutting down and abandoning module OculusInput (476)
[2022.05.02-22.55.15:741][749]LogModuleManager: Shutting down and abandoning module OodleNetworkHandlerComponent (474)
[2022.05.02-22.55.15:741][749]LogModuleManager: Shutting down and abandoning module Synthesis (472)
[2022.05.02-22.55.15:742][749]LogModuleManager: Shutting down and abandoning module TakeMovieScene (470)
[2022.05.02-22.55.15:742][749]LogModuleManager: Shutting down and abandoning module ProceduralMeshComponent (468)
[2022.05.02-22.55.15:742][749]LogModuleManager: Shutting down and abandoning module MobilePatchingUtils (466)
[2022.05.02-22.55.15:742][749]LogModuleManager: Shutting down and abandoning module GooglePAD (464)
[2022.05.02-22.55.15:742][749]LogModuleManager: Shutting down and abandoning module EditableMesh (462)
[2022.05.02-22.55.15:742][749]LogModuleManager: Shutting down and abandoning module CustomMeshComponent (460)
[2022.05.02-22.55.15:742][749]LogModuleManager: Shutting down and abandoning module CableComponent (458)
[2022.05.02-22.55.15:742][749]LogModuleManager: Shutting down and abandoning module AssetTags (456)
[2022.05.02-22.55.15:742][749]LogModuleManager: Shutting down and abandoning module AudioCapture (454)
[2022.05.02-22.55.15:742][749]LogModuleManager: Shutting down and abandoning module AudioCaptureRtAudio (453)
[2022.05.02-22.55.15:742][749]LogModuleManager: Shutting down and abandoning module ArchVisCharacter (450)
[2022.05.02-22.55.15:742][749]LogModuleManager: Shutting down and abandoning module AppleImageUtilsBlueprintSupport (448)
[2022.05.02-22.55.15:742][749]LogModuleManager: Shutting down and abandoning module AppleImageUtils (446)
[2022.05.02-22.55.15:742][749]LogModuleManager: Shutting down and abandoning module AndroidPermission (444)
[2022.05.02-22.55.15:742][749]LogModuleManager: Shutting down and abandoning module ActorLayerUtilities (442)
[2022.05.02-22.55.15:742][749]LogModuleManager: Shutting down and abandoning module TemplateSequence (440)
[2022.05.02-22.55.15:742][749]LogModuleManager: Shutting down and abandoning module OpenImageDenoise (438)
[2022.05.02-22.55.15:742][749]LogOpenImageDenoise: OIDN shutting down
[2022.05.02-22.55.15:742][749]LogModuleManager: Shutting down and abandoning module MotoSynth (436)
[2022.05.02-22.55.15:742][749]LogModuleManager: Shutting down and abandoning module MeshConversion (434)
[2022.05.02-22.55.15:742][749]LogModuleManager: Shutting down and abandoning module DynamicMesh (432)
[2022.05.02-22.55.15:742][749]LogModuleManager: Shutting down and abandoning module GeometryAlgorithms (430)
[2022.05.02-22.55.15:742][749]LogModuleManager: Shutting down and abandoning module GeometricObjects (428)
[2022.05.02-22.55.15:742][749]LogModuleManager: Shutting down and abandoning module GeometryCollectionTracks (426)
[2022.05.02-22.55.15:743][749]LogModuleManager: Shutting down and abandoning module GeometryCollectionSequencer (425)
[2022.05.02-22.55.15:743][749]LogModuleManager: Shutting down and abandoning module GeometryCacheTracks (422)
[2022.05.02-22.55.15:743][749]LogModuleManager: Shutting down and abandoning module GeometryCacheSequencer (421)
[2022.05.02-22.55.15:743][749]LogModuleManager: Shutting down and abandoning module GeometryCache (418)
[2022.05.02-22.55.15:743][749]LogModuleManager: Shutting down and abandoning module GeometryCacheEd (417)
[2022.05.02-22.55.15:743][749]LogModuleManager: Shutting down and abandoning module ChaosNiagara (414)
[2022.05.02-22.55.15:743][749]LogModuleManager: Shutting down and abandoning module FieldSystemEngine (413)
[2022.05.02-22.55.15:743][749]LogModuleManager: Shutting down and abandoning module BackChannel (410)
[2022.05.02-22.55.15:743][749]LogModuleManager: Shutting down and abandoning module AutomationUtils (408)
[2022.05.02-22.55.15:743][749]LogModuleManager: Shutting down and abandoning module MediaCompositing (406)
[2022.05.02-22.55.15:743][749]LogModuleManager: Shutting down and abandoning module ImgMedia (404)
[2022.05.02-22.55.15:743][749]LogModuleManager: Shutting down and abandoning module MagicLeapSharedWorld (402)
[2022.05.02-22.55.15:743][749]LogModuleManager: Shutting down and abandoning module MagicLeapLightEstimation (400)
[2022.05.02-22.55.15:743][749]LogModuleManager: Shutting down and abandoning module MagicLeapHelperVulkan (398)
[2022.05.02-22.55.15:743][749]LogModuleManager: Shutting down and abandoning module MagicLeapHelperOpenGL (396)
[2022.05.02-22.55.15:743][749]LogModuleManager: Shutting down and abandoning module MagicLeapAudio (394)
[2022.05.02-22.55.15:743][749]LogModuleManager: Shutting down and abandoning module VisualStudioSourceCodeAccess (392)
[2022.05.02-22.55.15:743][749]LogModuleManager: Shutting down and abandoning module HotReload (391)
[2022.05.02-22.55.15:744][749]LogModuleManager: Shutting down and abandoning module VisualStudioCodeSourceCodeAccess (388)
[2022.05.02-22.55.15:744][749]LogModuleManager: Shutting down and abandoning module UObjectPlugin (386)
[2022.05.02-22.55.15:744][749]LogModuleManager: Shutting down and abandoning module SubversionSourceControl (384)
[2022.05.02-22.55.15:744][749]LogModuleManager: Shutting down and abandoning module PerforceSourceControl (382)
[2022.05.02-22.55.15:744][749]LogModuleManager: Shutting down and abandoning module SourceControl (381)
[2022.05.02-22.55.15:744][749]LogModuleManager: Shutting down and abandoning module CLionSourceCodeAccess (378)
[2022.05.02-22.55.15:744][749]LogModuleManager: Shutting down and abandoning module LiveLinkSequencer (376)
[2022.05.02-22.55.15:744][749]LogModuleManager: Shutting down and abandoning module LiveLinkMovieScene (374)
[2022.05.02-22.55.15:744][749]LogModuleManager: Shutting down and abandoning module LiveLinkGraphNode (372)
[2022.05.02-22.55.15:744][749]LogModuleManager: Shutting down and abandoning module LiveLinkComponents (370)
[2022.05.02-22.55.15:744][749]LogModuleManager: Shutting down and abandoning module LiveLink (368)
[2022.05.02-22.55.15:749][749]LogModuleManager: Shutting down and abandoning module Notif_Experiment (366)
[2022.05.02-22.55.15:749][749]LogModuleManager: Shutting down and abandoning module SoundFields (364)
[2022.05.02-22.55.15:749][749]LogModuleManager: Shutting down and abandoning module SignificanceManager (362)
[2022.05.02-22.55.15:749][749]LogModuleManager: Shutting down and abandoning module RuntimePhysXCooking (360)
[2022.05.02-22.55.15:749][749]LogModuleManager: Shutting down and abandoning module PropertyAccessEditor (358)
[2022.05.02-22.55.15:749][749]LogModuleManager: Shutting down and abandoning module PhysXVehiclesEditor (356)
[2022.05.02-22.55.15:749][749]LogModuleManager: Shutting down and abandoning module LocationServicesBPLibrary (352)
[2022.05.02-22.55.15:749][749]LogModuleManager: Shutting down and abandoning module AudioSynesthesia (350)
[2022.05.02-22.55.15:749][749]LogModuleManager: Shutting down and abandoning module AudioSynesthesiaCore (348)
[2022.05.02-22.55.15:749][749]LogModuleManager: Shutting down and abandoning module ActorSequence (346)
[2022.05.02-22.55.15:749][749]LogModuleManager: Shutting down and abandoning module PythonScriptPlugin (344)
[2022.05.02-22.55.15:749][749]LogModuleManager: Shutting down and abandoning module UdpMessaging (342)
[2022.05.02-22.55.15:850][749]LogModuleManager: Shutting down and abandoning module TcpMessaging (340)
[2022.05.02-22.55.16:295][749]LogModuleManager: Shutting down and abandoning module ImgMediaEngine (338)
[2022.05.02-22.55.16:295][749]LogModuleManager: Shutting down and abandoning module MagicLeapARPin (336)
[2022.05.02-22.55.16:295][749]LogModuleManager: Shutting down and abandoning module MagicLeapHandMeshing (334)
[2022.05.02-22.55.16:295][749]LogModuleManager: Shutting down and abandoning module MagicLeapSecureStorage (332)
[2022.05.02-22.55.16:295][749]LogModuleManager: Shutting down and abandoning module MagicLeapPrivileges (330)
[2022.05.02-22.55.16:295][749]LogModuleManager: Shutting down and abandoning module MagicLeapPlanes (328)
[2022.05.02-22.55.16:295][749]LogMagicLeapPlanes: Planes tracker already destroyed.
[2022.05.02-22.55.16:295][749]LogModuleManager: Shutting down and abandoning module MagicLeapImageTracker (326)
[2022.05.02-22.55.16:295][749]LogModuleManager: Shutting down and abandoning module MagicLeapIdentity (324)
[2022.05.02-22.55.16:296][749]LogModuleManager: Shutting down and abandoning module MagicLeapHandTracking (322)
[2022.05.02-22.55.16:296][749]LogModuleManager: Shutting down and abandoning module MagicLeapEyeTracker (320)
[2022.05.02-22.55.16:296][749]LogModuleManager: Shutting down and abandoning module MagicLeapController (318)
[2022.05.02-22.55.16:296][749]LogModuleManager: Shutting down and abandoning module MagicLeapARPinImpl (316)
[2022.05.02-22.55.16:296][749]LogModuleManager: Shutting down and abandoning module MagicLeapAR (314)
[2022.05.02-22.55.16:296][749]LogModuleManager: Shutting down and abandoning module NiagaraAnimNotifies (312)
[2022.05.02-22.55.16:296][749]LogModuleManager: Shutting down and abandoning module Niagara (310)
[2022.05.02-22.55.16:296][749]LogModuleManager: Shutting down and abandoning module SignalProcessing (309)
[2022.05.02-22.55.16:296][749]LogModuleManager: Shutting down and abandoning module NiagaraEditor (307)
[2022.05.02-22.55.16:296][749]LogModuleManager: Shutting down and abandoning module ContentBrowser (306)
[2022.05.02-22.55.16:296][749]LogModuleManager: Shutting down and abandoning module CollectionManager (305)
[2022.05.02-22.55.16:297][749]LogModuleManager: Shutting down and abandoning module DirectoryWatcher (304)
[2022.05.02-22.55.16:297][749]LogModuleManager: Shutting down and abandoning module ContentBrowserData (301)
[2022.05.02-22.55.16:297][749]LogModuleManager: Shutting down and abandoning module NiagaraCore (296)
[2022.05.02-22.55.16:297][749]LogModuleManager: Shutting down and abandoning module GameplayTagsEditor (294)
[2022.05.02-22.55.16:297][749]LogModuleManager: Shutting down and abandoning module FacialAnimation (292)
[2022.05.02-22.55.16:297][749]LogModuleManager: Shutting down and abandoning module AssetManagerEditor (290)
[2022.05.02-22.55.16:297][749]LogModuleManager: Shutting down and abandoning module TreeMap (289)
[2022.05.02-22.55.16:297][749]LogModuleManager: Shutting down and abandoning module PropertyAccessNode (286)
[2022.05.02-22.55.16:297][749]LogModuleManager: Shutting down and abandoning module AnimationSharing (284)
[2022.05.02-22.55.16:297][749]LogModuleManager: Shutting down and abandoning module GameplayCameras (282)
[2022.05.02-22.55.16:297][749]LogModuleManager: Shutting down and abandoning module LightPropagationVolumeRuntime (280)
[2022.05.02-22.55.16:297][749]LogModuleManager: Shutting down and abandoning module EnvironmentQueryEditor (278)
[2022.05.02-22.55.16:298][749]LogModuleManager: Shutting down and abandoning module Paper2D (276)
[2022.05.02-22.55.16:298][749]LogModuleManager: Shutting down and abandoning module WindowsMoviePlayer (274)
[2022.05.02-22.55.16:299][749]LogModuleManager: Shutting down and abandoning module WebMMoviePlayer (272)
[2022.05.02-22.55.16:299][749]LogModuleManager: Shutting down and abandoning module NetworkReplayStreaming (270)
[2022.05.02-22.55.16:299][749]LogModuleManager: Shutting down and abandoning module PacketHandler (268)
[2022.05.02-22.55.16:299][749]LogModuleManager: Shutting down and abandoning module ClothingSystemEditor (266)
[2022.05.02-22.55.16:299][749]LogModuleManager: Shutting down and abandoning module ClothingSystemRuntimeNv (264)
[2022.05.02-22.55.16:299][749]LogModuleManager: Shutting down and abandoning module MediaAssets (262)
[2022.05.02-22.55.16:299][749]LogModuleManager: Shutting down and abandoning module Overlay (260)
[2022.05.02-22.55.16:299][749]LogModuleManager: Shutting down and abandoning module OverlayEditor (259)
[2022.05.02-22.55.16:299][749]LogModuleManager: Shutting down and abandoning module VREditor (256)
[2022.05.02-22.55.16:299][749]LogModuleManager: Shutting down and abandoning module StringTableEditor (254)
[2022.05.02-22.55.16:299][749]LogModuleManager: Shutting down and abandoning module GameplayTasksEditor (252)
[2022.05.02-22.55.16:299][749]LogModuleManager: Shutting down and abandoning module BehaviorTreeEditor (250)
[2022.05.02-22.55.16:299][749]LogModuleManager: Shutting down and abandoning module FunctionalTesting (248)
[2022.05.02-22.55.16:299][749]LogModuleManager: Shutting down and abandoning module CollisionAnalyzer (246)
[2022.05.02-22.55.16:299][749]LogModuleManager: Shutting down and abandoning module WorkspaceMenuStructure (245)
[2022.05.02-22.55.16:299][749]LogModuleManager: Shutting down and abandoning module UMG (242)
[2022.05.02-22.55.16:299][749]LogModuleManager: Shutting down and abandoning module UMGEditor (241)
[2022.05.02-22.55.16:300][749]LogModuleManager: Shutting down and abandoning module Sequencer (240)
[2022.05.02-22.55.16:300][749]LogModuleManager: Shutting down and abandoning module MessageLog (237)
[2022.05.02-22.55.16:300][749]LogModuleManager: Shutting down and abandoning module SlateReflector (232)
[2022.05.02-22.55.16:300][749]LogModuleManager: Shutting down and abandoning module Slate (230)
[2022.05.02-22.55.16:300][749]LogModuleManager: Shutting down and abandoning module SlateCore (228)
[2022.05.02-22.55.16:303][749]LogModuleManager: Shutting down and abandoning module LandscapeEditorUtilities (226)
[2022.05.02-22.55.16:303][749]LogModuleManager: Shutting down and abandoning module UnrealEd (224)
[2022.05.02-22.55.16:303][749]LogModuleManager: Shutting down and abandoning module MRMesh (222)
[2022.05.02-22.55.16:303][749]LogModuleManager: Shutting down and abandoning module Messaging (220)
[2022.05.02-22.55.16:303][749]LogModuleManager: Shutting down and abandoning module SourceCodeAccess (218)
[2022.05.02-22.55.16:303][749]LogModuleManager: Shutting down and abandoning module HeadMountedDisplay (216)
[2022.05.02-22.55.16:303][749]LogModuleManager: Shutting down and abandoning module XAudio2 (214)
[2022.05.02-22.55.16:303][749]LogModuleManager: Shutting down and abandoning module Networking (212)
[2022.05.02-22.55.16:303][749]LogModuleManager: Shutting down and abandoning module Core (210)
[2022.05.02-22.55.16:303][749]LogModuleManager: Shutting down and abandoning module MaterialEditor (208)
[2022.05.02-22.55.16:303][749]LogModuleManager: Shutting down and abandoning module MovieSceneTools (206)
[2022.05.02-22.55.16:303][749]LogModuleManager: Shutting down and abandoning module EditorStyle (205)
[2022.05.02-22.55.16:304][749]LogModuleManager: Shutting down and abandoning module KismetCompiler (202)
[2022.05.02-22.55.16:304][749]LogModuleManager: Shutting down and abandoning module MeshBuilder (200)
[2022.05.02-22.55.16:304][749]LogModuleManager: Shutting down and abandoning module MeshUtilities (198)
[2022.05.02-22.55.16:305][749]LogModuleManager: Shutting down and abandoning module MeshMergeUtilities (197)
[2022.05.02-22.55.16:305][749]LogModuleManager: Shutting down and abandoning module MeshReductionInterface (196)
[2022.05.02-22.55.16:305][749]LogModuleManager: Shutting down and abandoning module MeshBoneReduction (195)
[2022.05.02-22.55.16:305][749]LogModuleManager: Shutting down and abandoning module SkeletalMeshReduction (193)
[2022.05.02-22.55.16:305][749]LogModuleManager: Shutting down and abandoning module ProxyLODMeshReduction (191)
[2022.05.02-22.55.16:305][749]LogModuleManager: Shutting down and abandoning module QuadricMeshReduction (189)
[2022.05.02-22.55.16:305][749]LogModuleManager: Shutting down and abandoning module MaterialBaking (185)
[2022.05.02-22.55.16:305][749]LogModuleManager: Shutting down and abandoning module NullInstallBundleManager (180)
[2022.05.02-22.55.16:305][749]LogModuleManager: Shutting down and abandoning module PIEPreviewDeviceProfileSelector (178)
[2022.05.02-22.55.16:305][749]LogModuleManager: Shutting down and abandoning module DerivedDataCache (176)
[2022.05.02-22.55.16:305][749]LogModuleManager: Shutting down and abandoning module TargetPlatform (174)
[2022.05.02-22.55.16:305][749]LogModuleManager: Shutting down and abandoning module VulkanShaderFormat (173)
[2022.05.02-22.55.16:305][749]LogModuleManager: Shutting down and abandoning module ShaderFormatVectorVM (171)
[2022.05.02-22.55.16:305][749]LogModuleManager: Shutting down and abandoning module ShaderFormatOpenGL (169)
[2022.05.02-22.55.16:305][749]LogModuleManager: Shutting down and abandoning module ShaderFormatD3D (167)
[2022.05.02-22.55.16:305][749]LogModuleManager: Shutting down and abandoning module MetalShaderFormat (165)
[2022.05.02-22.55.16:305][749]LogModuleManager: Shutting down and abandoning module TextureFormatOodle (163)
[2022.05.02-22.55.16:305][749]LogModuleManager: Shutting down and abandoning module TextureFormatUncompressed (161)
[2022.05.02-22.55.16:305][749]LogModuleManager: Shutting down and abandoning module TextureFormatPVR (159)
[2022.05.02-22.55.16:305][749]LogModuleManager: Shutting down and abandoning module TextureFormatETC2 (157)
[2022.05.02-22.55.16:305][749]LogModuleManager: Shutting down and abandoning module TextureFormatDXT (155)
[2022.05.02-22.55.16:305][749]LogModuleManager: Shutting down and abandoning module TextureFormatIntelISPCTexComp (153)
[2022.05.02-22.55.16:305][749]LogModuleManager: Shutting down and abandoning module TextureFormatASTC (151)
[2022.05.02-22.55.16:305][749]LogModuleManager: Shutting down and abandoning module ImageWrapper (150)
[2022.05.02-22.55.16:305][749]LogModuleManager: Shutting down and abandoning module AudioFormatOpus (147)
[2022.05.02-22.55.16:305][749]LogModuleManager: Shutting down and abandoning module AudioFormatOgg (145)
[2022.05.02-22.55.16:305][749]LogModuleManager: Shutting down and abandoning module AudioFormatADPCM (143)
[2022.05.02-22.55.16:305][749]LogModuleManager: Shutting down and abandoning module WindowsServerTargetPlatform (141)
[2022.05.02-22.55.16:306][749]LogModuleManager: Shutting down and abandoning module WindowsClientTargetPlatform (139)
[2022.05.02-22.55.16:306][749]LogModuleManager: Shutting down and abandoning module WindowsTargetPlatform (137)
[2022.05.02-22.55.16:306][749]LogModuleManager: Shutting down and abandoning module WindowsNoEditorTargetPlatform (135)
[2022.05.02-22.55.16:306][749]LogModuleManager: Shutting down and abandoning module D3D11RHI (132)
[2022.05.02-22.55.16:306][749]LogModuleManager: Shutting down and abandoning module InputCore (130)
[2022.05.02-22.55.16:306][749]LogModuleManager: Shutting down and abandoning module Settings (128)
[2022.05.02-22.55.16:306][749]LogModuleManager: Shutting down and abandoning module PhysXCooking (126)
[2022.05.02-22.55.16:306][749]LogModuleManager: Shutting down and abandoning module Chaos (124)
[2022.05.02-22.55.16:306][749]LogModuleManager: Shutting down and abandoning module WindowsPlatformFeatures (122)
[2022.05.02-22.55.16:306][749]LogModuleManager: Shutting down and abandoning module GameplayMediaEncoder (121)
[2022.05.02-22.55.16:306][749]LogModuleManager: Shutting down and abandoning module AVEncoder (120)
[2022.05.02-22.55.16:306][749]LogModuleManager: Shutting down and abandoning module SteamVRInputDevice (116)
[2022.05.02-22.55.16:306][749]LogModuleManager: Shutting down and abandoning module SteamVRInput (114)
[2022.05.02-22.55.16:306][749]LogModuleManager: Shutting down and abandoning module SteamVR (112)
[2022.05.02-22.55.16:306][749]LogHMD: Freeing OpenVRDLLHandle.
[2022.05.02-22.55.16:306][749]LogModuleManager: Shutting down and abandoning module OculusHMD (110)
[2022.05.02-22.55.16:306][749]LogModuleManager: Shutting down and abandoning module OpenXRHandTracking (108)
[2022.05.02-22.55.16:306][749]LogSlate: Slate User Destroyed.  User Index 0, Is Virtual User: 0
[2022.05.02-22.55.16:306][749]LogModuleManager: Shutting down and abandoning module OpenXREyeTracker (106)
[2022.05.02-22.55.16:306][749]LogModuleManager: Shutting down and abandoning module OpenXRAR (104)
[2022.05.02-22.55.16:306][749]LogModuleManager: Shutting down and abandoning module AugmentedReality (103)
[2022.05.02-22.55.16:306][749]LogModuleManager: Shutting down and abandoning module OpenXRHMD (100)
[2022.05.02-22.55.16:306][749]LogModuleManager: Shutting down and abandoning module ExampleDeviceProfileSelector (98)
[2022.05.02-22.55.16:306][749]LogModuleManager: Shutting down and abandoning module ChunkDownloader (96)
[2022.05.02-22.55.16:306][749]LogModuleManager: Shutting down and abandoning module OnlineBlueprintSupport (94)
[2022.05.02-22.55.16:306][749]LogModuleManager: Shutting down and abandoning module OnlineSubsystem (90)
[2022.05.02-22.55.16:308][749]LogModuleManager: Shutting down and abandoning module XMPP (85)
[2022.05.02-22.55.16:308][749]LogModuleManager: Shutting down and abandoning module WebSockets (84)
[2022.05.02-22.55.16:313][749]LogModuleManager: Shutting down and abandoning module HTTP (81)
[2022.05.02-22.55.16:314][749]LogHttp: Display: cleaning up 0 outstanding Http requests.
[2022.05.02-22.55.16:337][749]LogModuleManager: Shutting down and abandoning module SSL (80)
[2022.05.02-22.55.16:338][749]LogModuleManager: Shutting down and abandoning module LauncherChunkInstaller (76)
[2022.05.02-22.55.16:338][749]LogModuleManager: Shutting down and abandoning module ChaosCloth (74)
[2022.05.02-22.55.16:338][749]LogModuleManager: Shutting down and abandoning module WmfMedia (72)
[2022.05.02-22.55.16:340][749]LogModuleManager: Shutting down and abandoning module Media (71)
[2022.05.02-22.55.16:340][749]LogModuleManager: Shutting down and abandoning module MediaInfo (70)
[2022.05.02-22.55.16:341][749]LogModuleManager: Shutting down and abandoning module ExrReaderGpu (66)
[2022.05.02-22.55.16:341][749]LogModuleManager: Shutting down and abandoning module MLSDK (64)
[2022.05.02-22.55.16:341][749]LogModuleManager: Shutting down and abandoning module MagicLeap (62)
[2022.05.02-22.55.16:341][749]LogModuleManager: Shutting down and abandoning module NiagaraVertexFactories (60)
[2022.05.02-22.55.16:341][749]LogModuleManager: Shutting down and abandoning module NiagaraShader (58)
[2022.05.02-22.55.16:341][749]LogModuleManager: Shutting down and abandoning module VariantManagerContent (56)
[2022.05.02-22.55.16:341][749]LogModuleManager: Shutting down and abandoning module DatasmithContent (54)
[2022.05.02-22.55.16:341][749]LogModuleManager: Shutting down and abandoning module PixWinPlugin (52)
[2022.05.02-22.55.16:341][749]LogModuleManager: Shutting down and abandoning module AISupportModule (50)
[2022.05.02-22.55.16:341][749]LogModuleManager: Shutting down and abandoning module DesktopPlatform (48)
[2022.05.02-22.55.16:341][749]LogModuleManager: Shutting down and abandoning module PythonScriptPluginPreload (46)
[2022.05.02-22.55.16:341][749]LogModuleManager: Shutting down and abandoning module PlatformCryptoOpenSSL (44)
[2022.05.02-22.55.16:341][749]LogModuleManager: Shutting down and abandoning module PlatformCryptoTypes (42)
[2022.05.02-22.55.16:341][749]LogModuleManager: Shutting down and abandoning module PlatformCrypto (40)
[2022.05.02-22.55.16:341][749]LogModuleManager: Shutting down and abandoning module OodleDataCompressionFormat (38)
[2022.05.02-22.55.16:341][749]LogModuleManager: Shutting down and abandoning module XGEController (36)
[2022.05.02-22.55.16:341][749]LogModuleManager: Shutting down and abandoning module AnimationModifiers (34)
[2022.05.02-22.55.16:341][749]LogModuleManager: Shutting down and abandoning module AudioEditor (32)
[2022.05.02-22.55.16:342][749]LogModuleManager: Shutting down and abandoning module PropertyEditor (31)
[2022.05.02-22.55.16:342][749]LogModuleManager: Shutting down and abandoning module TextureCompressor (28)
[2022.05.02-22.55.16:342][749]LogModuleManager: Shutting down and abandoning module RenderCore (26)
[2022.05.02-22.55.16:342][749]LogModuleManager: Shutting down and abandoning module Landscape (24)
[2022.05.02-22.55.16:342][749]LogModuleManager: Shutting down and abandoning module SlateRHIRenderer (22)
[2022.05.02-22.55.16:342][749]LogModuleManager: Shutting down and abandoning module AnimGraphRuntime (20)
[2022.05.02-22.55.16:342][749]LogModuleManager: Shutting down and abandoning module Renderer (18)
[2022.05.02-22.55.16:342][749]LogModuleManager: Shutting down and abandoning module Engine (16)
[2022.05.02-22.55.16:342][749]LogModuleManager: Shutting down and abandoning module CoreUObject (14)
[2022.05.02-22.55.16:342][749]LogModuleManager: Shutting down and abandoning module NetworkFile (12)
[2022.05.02-22.55.16:342][749]LogModuleManager: Shutting down and abandoning module CookedIterativeFile (10)
[2022.05.02-22.55.16:342][749]LogModuleManager: Shutting down and abandoning module StreamingFile (8)
[2022.05.02-22.55.16:342][749]LogModuleManager: Shutting down and abandoning module SandboxFile (6)
[2022.05.02-22.55.16:342][749]LogModuleManager: Shutting down and abandoning module PakFile (4)
[2022.05.02-22.55.16:342][749]LogModuleManager: Shutting down and abandoning module RSA (3)
[2022.05.02-22.55.16:619][749]LogContentStreaming: Display: There are 1 unreleased StreamingManagers
[2022.05.02-22.55.16:633][749]LogD3D11RHI: Shutdown
[2022.05.02-22.55.16:633][749]LogD3D11RHI: CleanupD3DDevice
[2022.05.02-22.55.16:634][749]LogExit: Exiting.
[2022.05.02-22.55.16:640][749]Log file closed, 05/02/22 16:55:16
